<?xml version="1.0" encoding="UTF-8"?>
<!-- Generated by org.testng.reporters.JUnitReportReporter -->
<testsuite hostname="SAT005" failures="0" tests="4" name="com.test.chucnang.quanlithoikhoabieu.F10_1_XuatThoiKhoaBieuTest" time="39.094" errors="0" timestamp="2026-07-24T16:39:48 ICT" skipped="0">
  <testcase classname="com.test.chucnang.quanlithoikhoabieu.F10_1_XuatThoiKhoaBieuTest" name="F10_1_POS_XuatThoiKhoaBieuThanhCong" time="8.139"/>
  <testcase classname="com.test.chucnang.quanlithoikhoabieu.F10_1_XuatThoiKhoaBieuTest" name="F10_1_DATA_XuatThoiKhoaBieu" time="8.692"/>
  <testcase classname="com.test.chucnang.quanlithoikhoabieu.F10_1_XuatThoiKhoaBieuTest" name="F10_1_DATA_XuatThoiKhoaBieu" time="7.395"/>
  <testcase classname="com.test.chucnang.quanlithoikhoabieu.F10_1_XuatThoiKhoaBieuTest" name="F10_1_NEG_ChuaDangNhapKhongXuatDuocThoiKhoaBieu" time="14.868"/>
</testsuite> <!-- com.test.chucnang.quanlithoikhoabieu.F10_1_XuatThoiKhoaBieuTest -->
