<?xml version="1.0" encoding="UTF-8"?>
<!-- Generated by org.testng.reporters.JUnitReportReporter -->
<testsuite hostname="SAT005" failures="0" tests="4" name="com.test.chucnang.quanlithongke.F11_12_XemSoGioCaNhanTheoTietHocTrongHocKyTest" time="5.246" errors="3" timestamp="2026-07-24T16:39:48 ICT" skipped="0">
  <testcase classname="com.test.chucnang.quanlithongke.F11_12_XemSoGioCaNhanTheoTietHocTrongHocKyTest" name="F11_12_POS_LuongDung_XemSoGioCaNhanTheoTietHocTrongHocKy" time="0.002">
    <error message="invalid session id
Build info: version: &#039;4.44.0&#039;, revision: &#039;da2039b&#039;
System info: os.name: &#039;Windows 11&#039;, os.arch: &#039;amd64&#039;, os.version: &#039;10.0&#039;, java.version: &#039;21.0.11&#039;
Driver info: org.openqa.selenium.chrome.ChromeDriver
Command: [3218b20db0e520d4df382d07d141e8db, get {url=https://cntttest.vanlanguni.edu.vn:18081/Phancong02/Timetable/Assign}]
Capabilities {acceptInsecureCerts: true, browserName: chrome, browserVersion: 150.0.7871.184, chrome: {chromedriverVersion: 150.0.7871.124 (9261fd0a595..., userDataDir: C:\selenium-profile\phancon...}, fedcm:accounts: true, goog:chromeOptions: {debuggerAddress: localhost:63229}, goog:processID: 8812, networkConnectionEnabled: false, pageLoadStrategy: eager, platformName: windows, proxy: Proxy(), se:cdp: ws://localhost:63229/devtoo..., se:cdpVersion: 150.0.7871.184, setWindowRect: true, strictFileInteractability: false, timeouts: {implicit: 0, pageLoad: 300000, script: 30000}, unhandledPromptBehavior: dismiss and notify, webauthn:extension:credBlob: true, webauthn:extension:largeBlob: true, webauthn:extension:minPinLength: true, webauthn:extension:prf: true, webauthn:virtualAuthenticators: true}
Session ID: 3218b20db0e520d4df382d07d141e8db" type="org.openqa.selenium.NoSuchSessionException">
      <![CDATA[org.openqa.selenium.NoSuchSessionException: invalid session id
Build info: version: '4.44.0', revision: 'da2039b'
System info: os.name: 'Windows 11', os.arch: 'amd64', os.version: '10.0', java.version: '21.0.11'
Driver info: org.openqa.selenium.chrome.ChromeDriver
Command: [3218b20db0e520d4df382d07d141e8db, get {url=https://cntttest.vanlanguni.edu.vn:18081/Phancong02/Timetable/Assign}]
Capabilities {acceptInsecureCerts: true, browserName: chrome, browserVersion: 150.0.7871.184, chrome: {chromedriverVersion: 150.0.7871.124 (9261fd0a595..., userDataDir: C:\selenium-profile\phancon...}, fedcm:accounts: true, goog:chromeOptions: {debuggerAddress: localhost:63229}, goog:processID: 8812, networkConnectionEnabled: false, pageLoadStrategy: eager, platformName: windows, proxy: Proxy(), se:cdp: ws://localhost:63229/devtoo..., se:cdpVersion: 150.0.7871.184, setWindowRect: true, strictFileInteractability: false, timeouts: {implicit: 0, pageLoad: 300000, script: 30000}, unhandledPromptBehavior: dismiss and notify, webauthn:extension:credBlob: true, webauthn:extension:largeBlob: true, webauthn:extension:minPinLength: true, webauthn:extension:prf: true, webauthn:virtualAuthenticators: true}
Session ID: 3218b20db0e520d4df382d07d141e8db
at org.openqa.selenium.remote.ErrorCodec.decode(ErrorCodec.java:169)
at org.openqa.selenium.remote.codec.w3c.W3CHttpResponseCodec.decode(W3CHttpResponseCodec.java:143)
at org.openqa.selenium.remote.codec.w3c.W3CHttpResponseCodec.decode(W3CHttpResponseCodec.java:50)
at org.openqa.selenium.remote.HttpCommandExecutor.execute(HttpCommandExecutor.java:224)
at org.openqa.selenium.remote.service.DriverCommandExecutor.invokeExecute(DriverCommandExecutor.java:217)
at org.openqa.selenium.remote.service.DriverCommandExecutor.execute(DriverCommandExecutor.java:175)
at org.openqa.selenium.remote.RemoteWebDriver.execute(RemoteWebDriver.java:600)
at org.openqa.selenium.remote.RemoteWebDriver.get(RemoteWebDriver.java:366)
at com.test.BaseTest.navigateToAssignPage(BaseTest.java:207)
at com.test.BoMonCommonTest.openFeatureAndApplyFilterFlow(BoMonCommonTest.java:1747)
at com.test.BoMonCommonTest.runPositiveFeatureFlow(BoMonCommonTest.java:1617)
at com.test.chucnang.quanlithongke.F11_12_XemSoGioCaNhanTheoTietHocTrongHocKyTest.F11_12_POS_LuongDung_XemSoGioCaNhanTheoTietHocTrongHocKy(F11_12_XemSoGioCaNhanTheoTietHocTrongHocKyTest.java:28)
at java.base/jdk.internal.reflect.DirectMethodHandleAccessor.invoke(DirectMethodHandleAccessor.java:103)
at java.base/java.lang.reflect.Method.invoke(Method.java:580)
at org.testng.internal.invokers.MethodInvocationHelper.invokeMethod(MethodInvocationHelper.java:141)
at org.testng.internal.invokers.TestInvoker.invokeMethod(TestInvoker.java:697)
at org.testng.internal.invokers.TestInvoker.invokeTestMethod(TestInvoker.java:230)
at org.testng.internal.invokers.MethodRunner.runInSequence(MethodRunner.java:63)
at org.testng.internal.invokers.TestInvoker$MethodInvocationAgent.invoke(TestInvoker.java:1005)
at org.testng.internal.invokers.TestInvoker.invokeTestMethods(TestInvoker.java:203)
at org.testng.internal.invokers.TestMethodWorker.invokeTestMethods(TestMethodWorker.java:154)
at org.testng.internal.invokers.TestMethodWorker.run(TestMethodWorker.java:134)
at java.base/java.util.ArrayList.forEach(ArrayList.java:1596)
at org.testng.TestRunner.privateRun(TestRunner.java:744)
at org.testng.TestRunner.run(TestRunner.java:616)
at org.testng.SuiteRunner.runTest(SuiteRunner.java:421)
at org.testng.SuiteRunner.runSequentially(SuiteRunner.java:413)
at org.testng.SuiteRunner.privateRun(SuiteRunner.java:373)
at org.testng.SuiteRunner.run(SuiteRunner.java:312)
at org.testng.SuiteRunnerWorker.runSuite(SuiteRunnerWorker.java:52)
at org.testng.SuiteRunnerWorker.run(SuiteRunnerWorker.java:95)
at org.testng.TestNG.runSuitesSequentially(TestNG.java:1274)
at org.testng.TestNG.runSuitesLocally(TestNG.java:1208)
at org.testng.TestNG.runSuites(TestNG.java:1112)
at org.testng.TestNG.run(TestNG.java:1079)
at com.test.RunAllTestNG.main(RunAllTestNG.java:28)
]]>
    </error>
  </testcase> <!-- F11_12_POS_LuongDung_XemSoGioCaNhanTheoTietHocTrongHocKy -->
  <testcase classname="com.test.chucnang.quanlithongke.F11_12_XemSoGioCaNhanTheoTietHocTrongHocKyTest" name="F11_12_NEG_ChuaDangNhapBiChan" time="5.241"/>
  <testcase classname="com.test.chucnang.quanlithongke.F11_12_XemSoGioCaNhanTheoTietHocTrongHocKyTest" name="F11_12_DATA_KiemTraSoGioCaNhanTheoTietHocTrongHocKy" time="0.001">
    <error message="invalid session id
Build info: version: &#039;4.44.0&#039;, revision: &#039;da2039b&#039;
System info: os.name: &#039;Windows 11&#039;, os.arch: &#039;amd64&#039;, os.version: &#039;10.0&#039;, java.version: &#039;21.0.11&#039;
Driver info: org.openqa.selenium.chrome.ChromeDriver
Command: [3218b20db0e520d4df382d07d141e8db, get {url=https://cntttest.vanlanguni.edu.vn:18081/Phancong02/Timetable/Assign}]
Capabilities {acceptInsecureCerts: true, browserName: chrome, browserVersion: 150.0.7871.184, chrome: {chromedriverVersion: 150.0.7871.124 (9261fd0a595..., userDataDir: C:\selenium-profile\phancon...}, fedcm:accounts: true, goog:chromeOptions: {debuggerAddress: localhost:63229}, goog:processID: 8812, networkConnectionEnabled: false, pageLoadStrategy: eager, platformName: windows, proxy: Proxy(), se:cdp: ws://localhost:63229/devtoo..., se:cdpVersion: 150.0.7871.184, setWindowRect: true, strictFileInteractability: false, timeouts: {implicit: 0, pageLoad: 300000, script: 30000}, unhandledPromptBehavior: dismiss and notify, webauthn:extension:credBlob: true, webauthn:extension:largeBlob: true, webauthn:extension:minPinLength: true, webauthn:extension:prf: true, webauthn:virtualAuthenticators: true}
Session ID: 3218b20db0e520d4df382d07d141e8db" type="org.openqa.selenium.NoSuchSessionException">
      <![CDATA[org.openqa.selenium.NoSuchSessionException: invalid session id
Build info: version: '4.44.0', revision: 'da2039b'
System info: os.name: 'Windows 11', os.arch: 'amd64', os.version: '10.0', java.version: '21.0.11'
Driver info: org.openqa.selenium.chrome.ChromeDriver
Command: [3218b20db0e520d4df382d07d141e8db, get {url=https://cntttest.vanlanguni.edu.vn:18081/Phancong02/Timetable/Assign}]
Capabilities {acceptInsecureCerts: true, browserName: chrome, browserVersion: 150.0.7871.184, chrome: {chromedriverVersion: 150.0.7871.124 (9261fd0a595..., userDataDir: C:\selenium-profile\phancon...}, fedcm:accounts: true, goog:chromeOptions: {debuggerAddress: localhost:63229}, goog:processID: 8812, networkConnectionEnabled: false, pageLoadStrategy: eager, platformName: windows, proxy: Proxy(), se:cdp: ws://localhost:63229/devtoo..., se:cdpVersion: 150.0.7871.184, setWindowRect: true, strictFileInteractability: false, timeouts: {implicit: 0, pageLoad: 300000, script: 30000}, unhandledPromptBehavior: dismiss and notify, webauthn:extension:credBlob: true, webauthn:extension:largeBlob: true, webauthn:extension:minPinLength: true, webauthn:extension:prf: true, webauthn:virtualAuthenticators: true}
Session ID: 3218b20db0e520d4df382d07d141e8db
at org.openqa.selenium.remote.ErrorCodec.decode(ErrorCodec.java:169)
at org.openqa.selenium.remote.codec.w3c.W3CHttpResponseCodec.decode(W3CHttpResponseCodec.java:143)
at org.openqa.selenium.remote.codec.w3c.W3CHttpResponseCodec.decode(W3CHttpResponseCodec.java:50)
at org.openqa.selenium.remote.HttpCommandExecutor.execute(HttpCommandExecutor.java:224)
at org.openqa.selenium.remote.service.DriverCommandExecutor.invokeExecute(DriverCommandExecutor.java:217)
at org.openqa.selenium.remote.service.DriverCommandExecutor.execute(DriverCommandExecutor.java:175)
at org.openqa.selenium.remote.RemoteWebDriver.execute(RemoteWebDriver.java:600)
at org.openqa.selenium.remote.RemoteWebDriver.get(RemoteWebDriver.java:366)
at com.test.BaseTest.navigateToAssignPage(BaseTest.java:207)
at com.test.BoMonCommonTest.openFeatureAndApplyFilterFlow(BoMonCommonTest.java:1747)
at com.test.BoMonCommonTest.runDataFeatureFlow(BoMonCommonTest.java:1696)
at com.test.chucnang.quanlithongke.F11_12_XemSoGioCaNhanTheoTietHocTrongHocKyTest.F11_12_DATA_KiemTraSoGioCaNhanTheoTietHocTrongHocKy(F11_12_XemSoGioCaNhanTheoTietHocTrongHocKyTest.java:40)
at java.base/jdk.internal.reflect.DirectMethodHandleAccessor.invoke(DirectMethodHandleAccessor.java:103)
at java.base/java.lang.reflect.Method.invoke(Method.java:580)
at org.testng.internal.invokers.MethodInvocationHelper.invokeMethod(MethodInvocationHelper.java:141)
at org.testng.internal.invokers.TestInvoker.invokeMethod(TestInvoker.java:697)
at org.testng.internal.invokers.TestInvoker.invokeTestMethod(TestInvoker.java:230)
at org.testng.internal.invokers.MethodRunner.runInSequence(MethodRunner.java:63)
at org.testng.internal.invokers.TestInvoker$MethodInvocationAgent.invoke(TestInvoker.java:1005)
at org.testng.internal.invokers.TestInvoker.invokeTestMethods(TestInvoker.java:203)
at org.testng.internal.invokers.TestMethodWorker.invokeTestMethods(TestMethodWorker.java:154)
at org.testng.internal.invokers.TestMethodWorker.run(TestMethodWorker.java:134)
at java.base/java.util.ArrayList.forEach(ArrayList.java:1596)
at org.testng.TestRunner.privateRun(TestRunner.java:744)
at org.testng.TestRunner.run(TestRunner.java:616)
at org.testng.SuiteRunner.runTest(SuiteRunner.java:421)
at org.testng.SuiteRunner.runSequentially(SuiteRunner.java:413)
at org.testng.SuiteRunner.privateRun(SuiteRunner.java:373)
at org.testng.SuiteRunner.run(SuiteRunner.java:312)
at org.testng.SuiteRunnerWorker.runSuite(SuiteRunnerWorker.java:52)
at org.testng.SuiteRunnerWorker.run(SuiteRunnerWorker.java:95)
at org.testng.TestNG.runSuitesSequentially(TestNG.java:1274)
at org.testng.TestNG.runSuitesLocally(TestNG.java:1208)
at org.testng.TestNG.runSuites(TestNG.java:1112)
at org.testng.TestNG.run(TestNG.java:1079)
at com.test.RunAllTestNG.main(RunAllTestNG.java:28)
]]>
    </error>
  </testcase> <!-- F11_12_DATA_KiemTraSoGioCaNhanTheoTietHocTrongHocKy -->
  <testcase classname="com.test.chucnang.quanlithongke.F11_12_XemSoGioCaNhanTheoTietHocTrongHocKyTest" name="F11_12_UI_KiemTraGiaoDien" time="0.002">
    <error message="invalid session id
Build info: version: &#039;4.44.0&#039;, revision: &#039;da2039b&#039;
System info: os.name: &#039;Windows 11&#039;, os.arch: &#039;amd64&#039;, os.version: &#039;10.0&#039;, java.version: &#039;21.0.11&#039;
Driver info: org.openqa.selenium.chrome.ChromeDriver
Command: [3218b20db0e520d4df382d07d141e8db, get {url=https://cntttest.vanlanguni.edu.vn:18081/Phancong02/Timetable/Assign}]
Capabilities {acceptInsecureCerts: true, browserName: chrome, browserVersion: 150.0.7871.184, chrome: {chromedriverVersion: 150.0.7871.124 (9261fd0a595..., userDataDir: C:\selenium-profile\phancon...}, fedcm:accounts: true, goog:chromeOptions: {debuggerAddress: localhost:63229}, goog:processID: 8812, networkConnectionEnabled: false, pageLoadStrategy: eager, platformName: windows, proxy: Proxy(), se:cdp: ws://localhost:63229/devtoo..., se:cdpVersion: 150.0.7871.184, setWindowRect: true, strictFileInteractability: false, timeouts: {implicit: 0, pageLoad: 300000, script: 30000}, unhandledPromptBehavior: dismiss and notify, webauthn:extension:credBlob: true, webauthn:extension:largeBlob: true, webauthn:extension:minPinLength: true, webauthn:extension:prf: true, webauthn:virtualAuthenticators: true}
Session ID: 3218b20db0e520d4df382d07d141e8db" type="org.openqa.selenium.NoSuchSessionException">
      <![CDATA[org.openqa.selenium.NoSuchSessionException: invalid session id
Build info: version: '4.44.0', revision: 'da2039b'
System info: os.name: 'Windows 11', os.arch: 'amd64', os.version: '10.0', java.version: '21.0.11'
Driver info: org.openqa.selenium.chrome.ChromeDriver
Command: [3218b20db0e520d4df382d07d141e8db, get {url=https://cntttest.vanlanguni.edu.vn:18081/Phancong02/Timetable/Assign}]
Capabilities {acceptInsecureCerts: true, browserName: chrome, browserVersion: 150.0.7871.184, chrome: {chromedriverVersion: 150.0.7871.124 (9261fd0a595..., userDataDir: C:\selenium-profile\phancon...}, fedcm:accounts: true, goog:chromeOptions: {debuggerAddress: localhost:63229}, goog:processID: 8812, networkConnectionEnabled: false, pageLoadStrategy: eager, platformName: windows, proxy: Proxy(), se:cdp: ws://localhost:63229/devtoo..., se:cdpVersion: 150.0.7871.184, setWindowRect: true, strictFileInteractability: false, timeouts: {implicit: 0, pageLoad: 300000, script: 30000}, unhandledPromptBehavior: dismiss and notify, webauthn:extension:credBlob: true, webauthn:extension:largeBlob: true, webauthn:extension:minPinLength: true, webauthn:extension:prf: true, webauthn:virtualAuthenticators: true}
Session ID: 3218b20db0e520d4df382d07d141e8db
at org.openqa.selenium.remote.ErrorCodec.decode(ErrorCodec.java:169)
at org.openqa.selenium.remote.codec.w3c.W3CHttpResponseCodec.decode(W3CHttpResponseCodec.java:143)
at org.openqa.selenium.remote.codec.w3c.W3CHttpResponseCodec.decode(W3CHttpResponseCodec.java:50)
at org.openqa.selenium.remote.HttpCommandExecutor.execute(HttpCommandExecutor.java:224)
at org.openqa.selenium.remote.service.DriverCommandExecutor.invokeExecute(DriverCommandExecutor.java:217)
at org.openqa.selenium.remote.service.DriverCommandExecutor.execute(DriverCommandExecutor.java:175)
at org.openqa.selenium.remote.RemoteWebDriver.execute(RemoteWebDriver.java:600)
at org.openqa.selenium.remote.RemoteWebDriver.get(RemoteWebDriver.java:366)
at com.test.BaseTest.navigateToAssignPage(BaseTest.java:207)
at com.test.BoMonCommonTest.openFeatureAndApplyFilterFlow(BoMonCommonTest.java:1747)
at com.test.BoMonCommonTest.runUiFeatureFlow(BoMonCommonTest.java:1730)
at com.test.chucnang.quanlithongke.F11_12_XemSoGioCaNhanTheoTietHocTrongHocKyTest.F11_12_UI_KiemTraGiaoDien(F11_12_XemSoGioCaNhanTheoTietHocTrongHocKyTest.java:46)
at java.base/jdk.internal.reflect.DirectMethodHandleAccessor.invoke(DirectMethodHandleAccessor.java:103)
at java.base/java.lang.reflect.Method.invoke(Method.java:580)
at org.testng.internal.invokers.MethodInvocationHelper.invokeMethod(MethodInvocationHelper.java:141)
at org.testng.internal.invokers.TestInvoker.invokeMethod(TestInvoker.java:697)
at org.testng.internal.invokers.TestInvoker.invokeTestMethod(TestInvoker.java:230)
at org.testng.internal.invokers.MethodRunner.runInSequence(MethodRunner.java:63)
at org.testng.internal.invokers.TestInvoker$MethodInvocationAgent.invoke(TestInvoker.java:1005)
at org.testng.internal.invokers.TestInvoker.invokeTestMethods(TestInvoker.java:203)
at org.testng.internal.invokers.TestMethodWorker.invokeTestMethods(TestMethodWorker.java:154)
at org.testng.internal.invokers.TestMethodWorker.run(TestMethodWorker.java:134)
at java.base/java.util.ArrayList.forEach(ArrayList.java:1596)
at org.testng.TestRunner.privateRun(TestRunner.java:744)
at org.testng.TestRunner.run(TestRunner.java:616)
at org.testng.SuiteRunner.runTest(SuiteRunner.java:421)
at org.testng.SuiteRunner.runSequentially(SuiteRunner.java:413)
at org.testng.SuiteRunner.privateRun(SuiteRunner.java:373)
at org.testng.SuiteRunner.run(SuiteRunner.java:312)
at org.testng.SuiteRunnerWorker.runSuite(SuiteRunnerWorker.java:52)
at org.testng.SuiteRunnerWorker.run(SuiteRunnerWorker.java:95)
at org.testng.TestNG.runSuitesSequentially(TestNG.java:1274)
at org.testng.TestNG.runSuitesLocally(TestNG.java:1208)
at org.testng.TestNG.runSuites(TestNG.java:1112)
at org.testng.TestNG.run(TestNG.java:1079)
at com.test.RunAllTestNG.main(RunAllTestNG.java:28)
]]>
    </error>
  </testcase> <!-- F11_12_UI_KiemTraGiaoDien -->
</testsuite> <!-- com.test.chucnang.quanlithongke.F11_12_XemSoGioCaNhanTheoTietHocTrongHocKyTest -->
