<?xml version="1.0" encoding="UTF-8"?>
<!-- Generated by org.testng.reporters.JUnitReportReporter -->
<testsuite hostname="SAT005" failures="4" tests="5" name="com.test.chucnang.quanlithoikhoabieu.F10_2_XemThoiKhoaBieuToanKhoaTest" time="19.899" errors="0" timestamp="2026-07-24T16:39:48 ICT" skipped="0">
  <testcase classname="com.test.chucnang.quanlithoikhoabieu.F10_2_XemThoiKhoaBieuToanKhoaTest" name="F10_2_POS_XemThoiKhoaBieuToanKhoaThanhCong" time="3.620">
    <failure message="Chua dang nhap hoac bi da ve trang Login expected [true] but found [false]" type="java.lang.AssertionError">
      <![CDATA[java.lang.AssertionError: Chua dang nhap hoac bi da ve trang Login expected [true] but found [false]
at org.testng.Assert.fail(Assert.java:111)
at org.testng.Assert.failNotEquals(Assert.java:1590)
at org.testng.Assert.assertTrue(Assert.java:57)
at com.test.BaseTest.navigateToAssignPage(BaseTest.java:211)
at com.test.BoMonCommonTest.runPositiveFeature(BoMonCommonTest.java:1260)
at com.test.chucnang.quanlithoikhoabieu.F10_2_XemThoiKhoaBieuToanKhoaTest.F10_2_POS_XemThoiKhoaBieuToanKhoaThanhCong(F10_2_XemThoiKhoaBieuToanKhoaTest.java:28)
at java.base/jdk.internal.reflect.DirectMethodHandleAccessor.invoke(DirectMethodHandleAccessor.java:103)
at java.base/java.lang.reflect.Method.invoke(Method.java:580)
at org.testng.internal.invokers.MethodInvocationHelper.invokeMethod(MethodInvocationHelper.java:141)
at org.testng.internal.invokers.TestInvoker.invokeMethod(TestInvoker.java:697)
at org.testng.internal.invokers.TestInvoker.invokeTestMethod(TestInvoker.java:230)
at org.testng.internal.invokers.MethodRunner.runInSequence(MethodRunner.java:63)
at org.testng.internal.invokers.TestInvoker$MethodInvocationAgent.invoke(TestInvoker.java:1005)
at org.testng.internal.invokers.TestInvoker.invokeTestMethods(TestInvoker.java:203)
at org.testng.internal.invokers.TestMethodWorker.invokeTestMethods(TestMethodWorker.java:154)
at org.testng.internal.invokers.TestMethodWorker.run(TestMethodWorker.java:134)
at java.base/java.util.ArrayList.forEach(ArrayList.java:1596)
at org.testng.TestRunner.privateRun(TestRunner.java:744)
at org.testng.TestRunner.run(TestRunner.java:616)
at org.testng.SuiteRunner.runTest(SuiteRunner.java:421)
at org.testng.SuiteRunner.runSequentially(SuiteRunner.java:413)
at org.testng.SuiteRunner.privateRun(SuiteRunner.java:373)
at org.testng.SuiteRunner.run(SuiteRunner.java:312)
at org.testng.SuiteRunnerWorker.runSuite(SuiteRunnerWorker.java:52)
at org.testng.SuiteRunnerWorker.run(SuiteRunnerWorker.java:95)
at org.testng.TestNG.runSuitesSequentially(TestNG.java:1274)
at org.testng.TestNG.runSuitesLocally(TestNG.java:1208)
at org.testng.TestNG.runSuites(TestNG.java:1112)
at org.testng.TestNG.run(TestNG.java:1079)
at com.test.RunAllTestNG.main(RunAllTestNG.java:28)
]]>
    </failure>
  </testcase> <!-- F10_2_POS_XemThoiKhoaBieuToanKhoaThanhCong -->
  <testcase classname="com.test.chucnang.quanlithoikhoabieu.F10_2_XemThoiKhoaBieuToanKhoaTest" name="F10_2_NEG_ChuaDangNhapKhongXemDuocThoiKhoaBieuToanKhoa" time="4.715"/>
  <testcase classname="com.test.chucnang.quanlithoikhoabieu.F10_2_XemThoiKhoaBieuToanKhoaTest" name="F10_2_DATA_XemThoiKhoaBieuToanKhoa" time="3.862">
    <failure message="Chua dang nhap hoac bi da ve trang Login expected [true] but found [false]" type="java.lang.AssertionError">
      <![CDATA[java.lang.AssertionError: Chua dang nhap hoac bi da ve trang Login expected [true] but found [false]
at org.testng.Assert.fail(Assert.java:111)
at org.testng.Assert.failNotEquals(Assert.java:1590)
at org.testng.Assert.assertTrue(Assert.java:57)
at com.test.BaseTest.navigateToAssignPage(BaseTest.java:211)
at com.test.BoMonCommonTest.runDataFeature(BoMonCommonTest.java:1290)
at com.test.chucnang.quanlithoikhoabieu.F10_2_XemThoiKhoaBieuToanKhoaTest.F10_2_DATA_XemThoiKhoaBieuToanKhoa(F10_2_XemThoiKhoaBieuToanKhoaTest.java:48)
at java.base/jdk.internal.reflect.DirectMethodHandleAccessor.invoke(DirectMethodHandleAccessor.java:103)
at java.base/java.lang.reflect.Method.invoke(Method.java:580)
at org.testng.internal.invokers.MethodInvocationHelper.invokeMethod(MethodInvocationHelper.java:141)
at org.testng.internal.invokers.TestInvoker.invokeMethod(TestInvoker.java:697)
at org.testng.internal.invokers.TestInvoker.invokeTestMethod(TestInvoker.java:230)
at org.testng.internal.invokers.MethodRunner.runInSequence(MethodRunner.java:63)
at org.testng.internal.invokers.TestInvoker$MethodInvocationAgent.invoke(TestInvoker.java:1005)
at org.testng.internal.invokers.TestInvoker.invokeTestMethods(TestInvoker.java:203)
at org.testng.internal.invokers.TestMethodWorker.invokeTestMethods(TestMethodWorker.java:154)
at org.testng.internal.invokers.TestMethodWorker.run(TestMethodWorker.java:134)
at java.base/java.util.ArrayList.forEach(ArrayList.java:1596)
at org.testng.TestRunner.privateRun(TestRunner.java:744)
at org.testng.TestRunner.run(TestRunner.java:616)
at org.testng.SuiteRunner.runTest(SuiteRunner.java:421)
at org.testng.SuiteRunner.runSequentially(SuiteRunner.java:413)
at org.testng.SuiteRunner.privateRun(SuiteRunner.java:373)
at org.testng.SuiteRunner.run(SuiteRunner.java:312)
at org.testng.SuiteRunnerWorker.runSuite(SuiteRunnerWorker.java:52)
at org.testng.SuiteRunnerWorker.run(SuiteRunnerWorker.java:95)
at org.testng.TestNG.runSuitesSequentially(TestNG.java:1274)
at org.testng.TestNG.runSuitesLocally(TestNG.java:1208)
at org.testng.TestNG.runSuites(TestNG.java:1112)
at org.testng.TestNG.run(TestNG.java:1079)
at com.test.RunAllTestNG.main(RunAllTestNG.java:28)
]]>
    </failure>
  </testcase> <!-- F10_2_DATA_XemThoiKhoaBieuToanKhoa -->
  <testcase classname="com.test.chucnang.quanlithoikhoabieu.F10_2_XemThoiKhoaBieuToanKhoaTest" name="F10_2_DATA_XemThoiKhoaBieuToanKhoa" time="4.100">
    <failure message="Chua dang nhap hoac bi da ve trang Login expected [true] but found [false]" type="java.lang.AssertionError">
      <![CDATA[java.lang.AssertionError: Chua dang nhap hoac bi da ve trang Login expected [true] but found [false]
at org.testng.Assert.fail(Assert.java:111)
at org.testng.Assert.failNotEquals(Assert.java:1590)
at org.testng.Assert.assertTrue(Assert.java:57)
at com.test.BaseTest.navigateToAssignPage(BaseTest.java:211)
at com.test.BoMonCommonTest.runDataFeature(BoMonCommonTest.java:1290)
at com.test.chucnang.quanlithoikhoabieu.F10_2_XemThoiKhoaBieuToanKhoaTest.F10_2_DATA_XemThoiKhoaBieuToanKhoa(F10_2_XemThoiKhoaBieuToanKhoaTest.java:48)
at java.base/jdk.internal.reflect.DirectMethodHandleAccessor.invoke(DirectMethodHandleAccessor.java:103)
at java.base/java.lang.reflect.Method.invoke(Method.java:580)
at org.testng.internal.invokers.MethodInvocationHelper.invokeMethod(MethodInvocationHelper.java:141)
at org.testng.internal.invokers.TestInvoker.invokeMethod(TestInvoker.java:697)
at org.testng.internal.invokers.TestInvoker.invokeTestMethod(TestInvoker.java:230)
at org.testng.internal.invokers.MethodRunner.runInSequence(MethodRunner.java:63)
at org.testng.internal.invokers.TestInvoker$MethodInvocationAgent.invoke(TestInvoker.java:1005)
at org.testng.internal.invokers.TestInvoker.invokeTestMethods(TestInvoker.java:203)
at org.testng.internal.invokers.TestMethodWorker.invokeTestMethods(TestMethodWorker.java:154)
at org.testng.internal.invokers.TestMethodWorker.run(TestMethodWorker.java:134)
at java.base/java.util.ArrayList.forEach(ArrayList.java:1596)
at org.testng.TestRunner.privateRun(TestRunner.java:744)
at org.testng.TestRunner.run(TestRunner.java:616)
at org.testng.SuiteRunner.runTest(SuiteRunner.java:421)
at org.testng.SuiteRunner.runSequentially(SuiteRunner.java:413)
at org.testng.SuiteRunner.privateRun(SuiteRunner.java:373)
at org.testng.SuiteRunner.run(SuiteRunner.java:312)
at org.testng.SuiteRunnerWorker.runSuite(SuiteRunnerWorker.java:52)
at org.testng.SuiteRunnerWorker.run(SuiteRunnerWorker.java:95)
at org.testng.TestNG.runSuitesSequentially(TestNG.java:1274)
at org.testng.TestNG.runSuitesLocally(TestNG.java:1208)
at org.testng.TestNG.runSuites(TestNG.java:1112)
at org.testng.TestNG.run(TestNG.java:1079)
at com.test.RunAllTestNG.main(RunAllTestNG.java:28)
]]>
    </failure>
  </testcase> <!-- F10_2_DATA_XemThoiKhoaBieuToanKhoa -->
  <testcase classname="com.test.chucnang.quanlithoikhoabieu.F10_2_XemThoiKhoaBieuToanKhoaTest" name="F10_2_DATA_XemThoiKhoaBieuToanKhoa" time="3.602">
    <failure message="Chua dang nhap hoac bi da ve trang Login expected [true] but found [false]" type="java.lang.AssertionError">
      <![CDATA[java.lang.AssertionError: Chua dang nhap hoac bi da ve trang Login expected [true] but found [false]
at org.testng.Assert.fail(Assert.java:111)
at org.testng.Assert.failNotEquals(Assert.java:1590)
at org.testng.Assert.assertTrue(Assert.java:57)
at com.test.BaseTest.navigateToAssignPage(BaseTest.java:211)
at com.test.BoMonCommonTest.runDataFeature(BoMonCommonTest.java:1290)
at com.test.chucnang.quanlithoikhoabieu.F10_2_XemThoiKhoaBieuToanKhoaTest.F10_2_DATA_XemThoiKhoaBieuToanKhoa(F10_2_XemThoiKhoaBieuToanKhoaTest.java:48)
at java.base/jdk.internal.reflect.DirectMethodHandleAccessor.invoke(DirectMethodHandleAccessor.java:103)
at java.base/java.lang.reflect.Method.invoke(Method.java:580)
at org.testng.internal.invokers.MethodInvocationHelper.invokeMethod(MethodInvocationHelper.java:141)
at org.testng.internal.invokers.TestInvoker.invokeMethod(TestInvoker.java:697)
at org.testng.internal.invokers.TestInvoker.invokeTestMethod(TestInvoker.java:230)
at org.testng.internal.invokers.MethodRunner.runInSequence(MethodRunner.java:63)
at org.testng.internal.invokers.TestInvoker$MethodInvocationAgent.invoke(TestInvoker.java:1005)
at org.testng.internal.invokers.TestInvoker.invokeTestMethods(TestInvoker.java:203)
at org.testng.internal.invokers.TestMethodWorker.invokeTestMethods(TestMethodWorker.java:154)
at org.testng.internal.invokers.TestMethodWorker.run(TestMethodWorker.java:134)
at java.base/java.util.ArrayList.forEach(ArrayList.java:1596)
at org.testng.TestRunner.privateRun(TestRunner.java:744)
at org.testng.TestRunner.run(TestRunner.java:616)
at org.testng.SuiteRunner.runTest(SuiteRunner.java:421)
at org.testng.SuiteRunner.runSequentially(SuiteRunner.java:413)
at org.testng.SuiteRunner.privateRun(SuiteRunner.java:373)
at org.testng.SuiteRunner.run(SuiteRunner.java:312)
at org.testng.SuiteRunnerWorker.runSuite(SuiteRunnerWorker.java:52)
at org.testng.SuiteRunnerWorker.run(SuiteRunnerWorker.java:95)
at org.testng.TestNG.runSuitesSequentially(TestNG.java:1274)
at org.testng.TestNG.runSuitesLocally(TestNG.java:1208)
at org.testng.TestNG.runSuites(TestNG.java:1112)
at org.testng.TestNG.run(TestNG.java:1079)
at com.test.RunAllTestNG.main(RunAllTestNG.java:28)
]]>
    </failure>
  </testcase> <!-- F10_2_DATA_XemThoiKhoaBieuToanKhoa -->
</testsuite> <!-- com.test.chucnang.quanlithoikhoabieu.F10_2_XemThoiKhoaBieuToanKhoaTest -->
