<?xml version="1.0" encoding="UTF-8"?>
<!-- Generated by org.testng.reporters.JUnitXMLReporter -->
<testsuite ignored="43" hostname="SAT005" failures="62" tests="85" name="BoMon Full Flow" time="228.971" errors="0" timestamp="2026-07-24T16:39:48 ICT">
  <testcase classname="com.test.chucnang.dangnhapdangxuat.F9_1_BoMonTest" name="F9_1_POS_DangNhapBoMonThanhCong" time="4.827"/>
  <testcase classname="com.test.chucnang.quanlithoikhoabieu.F10_1_XuatThoiKhoaBieuTest" name="F10_1_POS_XuatThoiKhoaBieuThanhCong" time="8.139"/>
  <testcase classname="com.test.chucnang.quanlithoikhoabieu.F10_1_XuatThoiKhoaBieuTest" name="F10_1_DATA_XuatThoiKhoaBieu" time="8.692"/>
  <testcase classname="com.test.chucnang.quanlithoikhoabieu.F10_1_XuatThoiKhoaBieuTest" name="F10_1_DATA_XuatThoiKhoaBieu" time="7.395"/>
  <testcase classname="com.test.chucnang.quanlithoikhoabieu.F10_1_XuatThoiKhoaBieuTest" name="F10_1_NEG_ChuaDangNhapKhongXuatDuocThoiKhoaBieu" time="14.868"/>
  <testcase classname="com.test.chucnang.quanlithoikhoabieu.F10_2_XemThoiKhoaBieuToanKhoaTest" name="F10_2_POS_XemThoiKhoaBieuToanKhoaThanhCong" time="3.62">
    <failure type="java.lang.AssertionError" message="Chua dang nhap hoac bi da ve trang Login expected [true] but found [false]">
      <![CDATA[java.lang.AssertionError: Chua dang nhap hoac bi da ve trang Login expected [true] but found [false]
at com.test.BaseTest.navigateToAssignPage(BaseTest.java:211)
at com.test.BoMonCommonTest.runPositiveFeature(BoMonCommonTest.java:1260)
at com.test.chucnang.quanlithoikhoabieu.F10_2_XemThoiKhoaBieuToanKhoaTest.F10_2_POS_XemThoiKhoaBieuToanKhoaThanhCong(F10_2_XemThoiKhoaBieuToanKhoaTest.java:28)
at java.base/java.util.ArrayList.forEach(ArrayList.java:1596)
at com.test.RunAllTestNG.main(RunAllTestNG.java:28)
... Removed 25 stack frames]]>
    </failure>
  </testcase> <!-- F10_2_POS_XemThoiKhoaBieuToanKhoaThanhCong -->
  <testcase classname="com.test.chucnang.quanlithoikhoabieu.F10_2_XemThoiKhoaBieuToanKhoaTest" name="F10_2_NEG_ChuaDangNhapKhongXemDuocThoiKhoaBieuToanKhoa" time="4.715"/>
  <testcase classname="com.test.chucnang.quanlithoikhoabieu.F10_2_XemThoiKhoaBieuToanKhoaTest" name="F10_2_DATA_XemThoiKhoaBieuToanKhoa" time="3.602">
    <failure type="java.lang.AssertionError" message="Chua dang nhap hoac bi da ve trang Login expected [true] but found [false]">
      <![CDATA[java.lang.AssertionError: Chua dang nhap hoac bi da ve trang Login expected [true] but found [false]
at com.test.BaseTest.navigateToAssignPage(BaseTest.java:211)
at com.test.BoMonCommonTest.runDataFeature(BoMonCommonTest.java:1290)
at com.test.chucnang.quanlithoikhoabieu.F10_2_XemThoiKhoaBieuToanKhoaTest.F10_2_DATA_XemThoiKhoaBieuToanKhoa(F10_2_XemThoiKhoaBieuToanKhoaTest.java:48)
at java.base/java.util.ArrayList.forEach(ArrayList.java:1596)
at com.test.RunAllTestNG.main(RunAllTestNG.java:28)
... Removed 25 stack frames]]>
    </failure>
  </testcase> <!-- F10_2_DATA_XemThoiKhoaBieuToanKhoa -->
  <testcase classname="com.test.chucnang.quanlithoikhoabieu.F10_2_XemThoiKhoaBieuToanKhoaTest" name="F10_2_DATA_XemThoiKhoaBieuToanKhoa" time="3.862">
    <failure type="java.lang.AssertionError" message="Chua dang nhap hoac bi da ve trang Login expected [true] but found [false]">
      <![CDATA[java.lang.AssertionError: Chua dang nhap hoac bi da ve trang Login expected [true] but found [false]
at com.test.BaseTest.navigateToAssignPage(BaseTest.java:211)
at com.test.BoMonCommonTest.runDataFeature(BoMonCommonTest.java:1290)
at com.test.chucnang.quanlithoikhoabieu.F10_2_XemThoiKhoaBieuToanKhoaTest.F10_2_DATA_XemThoiKhoaBieuToanKhoa(F10_2_XemThoiKhoaBieuToanKhoaTest.java:48)
at java.base/java.util.ArrayList.forEach(ArrayList.java:1596)
at com.test.RunAllTestNG.main(RunAllTestNG.java:28)
... Removed 25 stack frames]]>
    </failure>
  </testcase> <!-- F10_2_DATA_XemThoiKhoaBieuToanKhoa -->
  <testcase classname="com.test.chucnang.quanlithoikhoabieu.F10_2_XemThoiKhoaBieuToanKhoaTest" name="F10_2_DATA_XemThoiKhoaBieuToanKhoa" time="4.1">
    <failure type="java.lang.AssertionError" message="Chua dang nhap hoac bi da ve trang Login expected [true] but found [false]">
      <![CDATA[java.lang.AssertionError: Chua dang nhap hoac bi da ve trang Login expected [true] but found [false]
at com.test.BaseTest.navigateToAssignPage(BaseTest.java:211)
at com.test.BoMonCommonTest.runDataFeature(BoMonCommonTest.java:1290)
at com.test.chucnang.quanlithoikhoabieu.F10_2_XemThoiKhoaBieuToanKhoaTest.F10_2_DATA_XemThoiKhoaBieuToanKhoa(F10_2_XemThoiKhoaBieuToanKhoaTest.java:48)
at java.base/java.util.ArrayList.forEach(ArrayList.java:1596)
at com.test.RunAllTestNG.main(RunAllTestNG.java:28)
... Removed 25 stack frames]]>
    </failure>
  </testcase> <!-- F10_2_DATA_XemThoiKhoaBieuToanKhoa -->
  <testcase classname="com.test.chucnang.quanlithoikhoabieu.F10_3_PhanCongGiangVienTest" name="F10_3_POS_PhanCongNguyenCaoSamThanhCong" time="4.22">
    <failure type="java.lang.AssertionError" message="Chua dang nhap hoac bi da ve trang Login expected [true] but found [false]">
      <![CDATA[java.lang.AssertionError: Chua dang nhap hoac bi da ve trang Login expected [true] but found [false]
at com.test.BaseTest.navigateToAssignPage(BaseTest.java:211)
at com.test.chucnang.quanlithoikhoabieu.F10_3_PhanCongGiangVienTest.F10_3_POS_PhanCongNguyenCaoSamThanhCong(F10_3_PhanCongGiangVienTest.java:19)
at java.base/java.util.ArrayList.forEach(ArrayList.java:1596)
at com.test.RunAllTestNG.main(RunAllTestNG.java:28)
... Removed 25 stack frames]]>
    </failure>
  </testcase> <!-- F10_3_POS_PhanCongNguyenCaoSamThanhCong -->
  <testcase classname="com.test.chucnang.quanlithoikhoabieu.F10_3_PhanCongGiangVienTest" name="F10_3_NEG_SearchGiangVienKhongTonTai" time="61.543">
    <failure type="java.lang.AssertionError" message="Không tìm thấy dropdown Ngành expected object to not be null">
      <![CDATA[java.lang.AssertionError: Không tìm thấy dropdown Ngành expected object to not be null
at com.test.BoMonCommonTest.chonNganhCongNgheThongTinCongNghe(BoMonCommonTest.java:153)
at com.test.BoMonCommonTest.chonHocKyVaNganhTruocKhiPhanCong(BoMonCommonTest.java:100)
at com.test.chucnang.quanlithoikhoabieu.F10_3_PhanCongGiangVienTest.F10_3_NEG_SearchGiangVienKhongTonTai(F10_3_PhanCongGiangVienTest.java:129)
at java.base/java.util.ArrayList.forEach(ArrayList.java:1596)
at com.test.RunAllTestNG.main(RunAllTestNG.java:28)
... Removed 24 stack frames]]>
    </failure>
  </testcase> <!-- F10_3_NEG_SearchGiangVienKhongTonTai -->
  <testcase classname="com.test.chucnang.quanlithoikhoabieu.F10_3_PhanCongGiangVienTest" name="F10_3_DATA_SearchGiangVienHopLe" time="0.003">
    <failure type="org.openqa.selenium.NoSuchSessionException" message="invalid session id
Build info: version: &amp;apos;4.44.0&amp;apos;, revision: &amp;apos;da2039b&amp;apos;
System info: os.name: &amp;apos;Windows 11&amp;apos;, os.arch: &amp;apos;amd64&amp;apos;, os.version: &amp;apos;10.0&amp;apos;, java.version: &amp;apos;21.0.11&amp;apos;
Driver info: org.openqa.selenium.chrome.ChromeDriver
Command: [3218b20db0e520d4df382d07d141e8db, get {url=https://cntttest.vanlanguni.edu.vn:18081/Phancong02/Timetable/Assign}]
Capabilities {acceptInsecureCerts: true, browserName: chrome, browserVersion: 150.0.7871.184, chrome: {chromedriverVersion: 150.0.7871.124 (9261fd0a595..., userDataDir: C:\selenium-profile\phancon...}, fedcm:accounts: true, goog:chromeOptions: {debuggerAddress: localhost:63229}, goog:processID: 8812, networkConnectionEnabled: false, pageLoadStrategy: eager, platformName: windows, proxy: Proxy(), se:cdp: ws://localhost:63229/devtoo..., se:cdpVersion: 150.0.7871.184, setWindowRect: true, strictFileInteractability: false, timeouts: {implicit: 0, pageLoad: 300000, script: 30000}, unhandledPromptBehavior: dismiss and notify, webauthn:extension:credBlob: true, webauthn:extension:largeBlob: true, webauthn:extension:minPinLength: true, webauthn:extension:prf: true, webauthn:virtualAuthenticators: true}
Session ID: 3218b20db0e520d4df382d07d141e8db">
      <![CDATA[org.openqa.selenium.NoSuchSessionException: invalid session id
Build info: version: '4.44.0', revision: 'da2039b'
System info: os.name: 'Windows 11', os.arch: 'amd64', os.version: '10.0', java.version: '21.0.11'
Driver info: org.openqa.selenium.chrome.ChromeDriver
Command: [3218b20db0e520d4df382d07d141e8db, get {url=https://cntttest.vanlanguni.edu.vn:18081/Phancong02/Timetable/Assign}]
Capabilities {acceptInsecureCerts: true, browserName: chrome, browserVersion: 150.0.7871.184, chrome: {chromedriverVersion: 150.0.7871.124 (9261fd0a595..., userDataDir: C:\selenium-profile\phancon...}, fedcm:accounts: true, goog:chromeOptions: {debuggerAddress: localhost:63229}, goog:processID: 8812, networkConnectionEnabled: false, pageLoadStrategy: eager, platformName: windows, proxy: Proxy(), se:cdp: ws://localhost:63229/devtoo..., se:cdpVersion: 150.0.7871.184, setWindowRect: true, strictFileInteractability: false, timeouts: {implicit: 0, pageLoad: 300000, script: 30000}, unhandledPromptBehavior: dismiss and notify, webauthn:extension:credBlob: true, webauthn:extension:largeBlob: true, webauthn:extension:minPinLength: true, webauthn:extension:prf: true, webauthn:virtualAuthenticators: true}
Session ID: 3218b20db0e520d4df382d07d141e8db
at org.openqa.selenium.remote.ErrorCodec.decode(ErrorCodec.java:169)
at org.openqa.selenium.remote.codec.w3c.W3CHttpResponseCodec.decode(W3CHttpResponseCodec.java:143)
at org.openqa.selenium.remote.codec.w3c.W3CHttpResponseCodec.decode(W3CHttpResponseCodec.java:50)
at org.openqa.selenium.remote.HttpCommandExecutor.execute(HttpCommandExecutor.java:224)
at org.openqa.selenium.remote.service.DriverCommandExecutor.invokeExecute(DriverCommandExecutor.java:217)
at org.openqa.selenium.remote.service.DriverCommandExecutor.execute(DriverCommandExecutor.java:175)
at org.openqa.selenium.remote.RemoteWebDriver.execute(RemoteWebDriver.java:600)
at org.openqa.selenium.remote.RemoteWebDriver.get(RemoteWebDriver.java:366)
at com.test.BaseTest.navigateToAssignPage(BaseTest.java:207)
at com.test.chucnang.quanlithoikhoabieu.F10_3_PhanCongGiangVienTest.F10_3_DATA_SearchGiangVienHopLe(F10_3_PhanCongGiangVienTest.java:200)
at java.base/java.util.ArrayList.forEach(ArrayList.java:1596)
at com.test.RunAllTestNG.main(RunAllTestNG.java:28)
... Removed 22 stack frames]]>
    </failure>
  </testcase> <!-- F10_3_DATA_SearchGiangVienHopLe -->
  <testcase classname="com.test.chucnang.quanlithoikhoabieu.F10_3_PhanCongGiangVienTest" name="F10_3_DATA_SearchGiangVienKhongHopLe" time="0.002">
    <failure type="org.openqa.selenium.NoSuchSessionException" message="invalid session id
Build info: version: &amp;apos;4.44.0&amp;apos;, revision: &amp;apos;da2039b&amp;apos;
System info: os.name: &amp;apos;Windows 11&amp;apos;, os.arch: &amp;apos;amd64&amp;apos;, os.version: &amp;apos;10.0&amp;apos;, java.version: &amp;apos;21.0.11&amp;apos;
Driver info: org.openqa.selenium.chrome.ChromeDriver
Command: [3218b20db0e520d4df382d07d141e8db, get {url=https://cntttest.vanlanguni.edu.vn:18081/Phancong02/Timetable/Assign}]
Capabilities {acceptInsecureCerts: true, browserName: chrome, browserVersion: 150.0.7871.184, chrome: {chromedriverVersion: 150.0.7871.124 (9261fd0a595..., userDataDir: C:\selenium-profile\phancon...}, fedcm:accounts: true, goog:chromeOptions: {debuggerAddress: localhost:63229}, goog:processID: 8812, networkConnectionEnabled: false, pageLoadStrategy: eager, platformName: windows, proxy: Proxy(), se:cdp: ws://localhost:63229/devtoo..., se:cdpVersion: 150.0.7871.184, setWindowRect: true, strictFileInteractability: false, timeouts: {implicit: 0, pageLoad: 300000, script: 30000}, unhandledPromptBehavior: dismiss and notify, webauthn:extension:credBlob: true, webauthn:extension:largeBlob: true, webauthn:extension:minPinLength: true, webauthn:extension:prf: true, webauthn:virtualAuthenticators: true}
Session ID: 3218b20db0e520d4df382d07d141e8db">
      <![CDATA[org.openqa.selenium.NoSuchSessionException: invalid session id
Build info: version: '4.44.0', revision: 'da2039b'
System info: os.name: 'Windows 11', os.arch: 'amd64', os.version: '10.0', java.version: '21.0.11'
Driver info: org.openqa.selenium.chrome.ChromeDriver
Command: [3218b20db0e520d4df382d07d141e8db, get {url=https://cntttest.vanlanguni.edu.vn:18081/Phancong02/Timetable/Assign}]
Capabilities {acceptInsecureCerts: true, browserName: chrome, browserVersion: 150.0.7871.184, chrome: {chromedriverVersion: 150.0.7871.124 (9261fd0a595..., userDataDir: C:\selenium-profile\phancon...}, fedcm:accounts: true, goog:chromeOptions: {debuggerAddress: localhost:63229}, goog:processID: 8812, networkConnectionEnabled: false, pageLoadStrategy: eager, platformName: windows, proxy: Proxy(), se:cdp: ws://localhost:63229/devtoo..., se:cdpVersion: 150.0.7871.184, setWindowRect: true, strictFileInteractability: false, timeouts: {implicit: 0, pageLoad: 300000, script: 30000}, unhandledPromptBehavior: dismiss and notify, webauthn:extension:credBlob: true, webauthn:extension:largeBlob: true, webauthn:extension:minPinLength: true, webauthn:extension:prf: true, webauthn:virtualAuthenticators: true}
Session ID: 3218b20db0e520d4df382d07d141e8db
at org.openqa.selenium.remote.ErrorCodec.decode(ErrorCodec.java:169)
at org.openqa.selenium.remote.codec.w3c.W3CHttpResponseCodec.decode(W3CHttpResponseCodec.java:143)
at org.openqa.selenium.remote.codec.w3c.W3CHttpResponseCodec.decode(W3CHttpResponseCodec.java:50)
at org.openqa.selenium.remote.HttpCommandExecutor.execute(HttpCommandExecutor.java:224)
at org.openqa.selenium.remote.service.DriverCommandExecutor.invokeExecute(DriverCommandExecutor.java:217)
at org.openqa.selenium.remote.service.DriverCommandExecutor.execute(DriverCommandExecutor.java:175)
at org.openqa.selenium.remote.RemoteWebDriver.execute(RemoteWebDriver.java:600)
at org.openqa.selenium.remote.RemoteWebDriver.get(RemoteWebDriver.java:366)
at com.test.BaseTest.navigateToAssignPage(BaseTest.java:207)
at com.test.chucnang.quanlithoikhoabieu.F10_3_PhanCongGiangVienTest.F10_3_DATA_SearchGiangVienKhongHopLe(F10_3_PhanCongGiangVienTest.java:285)
at java.base/java.util.ArrayList.forEach(ArrayList.java:1596)
at com.test.RunAllTestNG.main(RunAllTestNG.java:28)
... Removed 22 stack frames]]>
    </failure>
  </testcase> <!-- F10_3_DATA_SearchGiangVienKhongHopLe -->
  <testcase classname="com.test.chucnang.quanlithoikhoabieu.F10_3_PhanCongGiangVienTest" name="F10_3_DATA_SearchGiangVienKhongHopLe" time="0.0">
    <failure type="org.openqa.selenium.NoSuchSessionException" message="invalid session id
Build info: version: &amp;apos;4.44.0&amp;apos;, revision: &amp;apos;da2039b&amp;apos;
System info: os.name: &amp;apos;Windows 11&amp;apos;, os.arch: &amp;apos;amd64&amp;apos;, os.version: &amp;apos;10.0&amp;apos;, java.version: &amp;apos;21.0.11&amp;apos;
Driver info: org.openqa.selenium.chrome.ChromeDriver
Command: [3218b20db0e520d4df382d07d141e8db, get {url=https://cntttest.vanlanguni.edu.vn:18081/Phancong02/Timetable/Assign}]
Capabilities {acceptInsecureCerts: true, browserName: chrome, browserVersion: 150.0.7871.184, chrome: {chromedriverVersion: 150.0.7871.124 (9261fd0a595..., userDataDir: C:\selenium-profile\phancon...}, fedcm:accounts: true, goog:chromeOptions: {debuggerAddress: localhost:63229}, goog:processID: 8812, networkConnectionEnabled: false, pageLoadStrategy: eager, platformName: windows, proxy: Proxy(), se:cdp: ws://localhost:63229/devtoo..., se:cdpVersion: 150.0.7871.184, setWindowRect: true, strictFileInteractability: false, timeouts: {implicit: 0, pageLoad: 300000, script: 30000}, unhandledPromptBehavior: dismiss and notify, webauthn:extension:credBlob: true, webauthn:extension:largeBlob: true, webauthn:extension:minPinLength: true, webauthn:extension:prf: true, webauthn:virtualAuthenticators: true}
Session ID: 3218b20db0e520d4df382d07d141e8db">
      <![CDATA[org.openqa.selenium.NoSuchSessionException: invalid session id
Build info: version: '4.44.0', revision: 'da2039b'
System info: os.name: 'Windows 11', os.arch: 'amd64', os.version: '10.0', java.version: '21.0.11'
Driver info: org.openqa.selenium.chrome.ChromeDriver
Command: [3218b20db0e520d4df382d07d141e8db, get {url=https://cntttest.vanlanguni.edu.vn:18081/Phancong02/Timetable/Assign}]
Capabilities {acceptInsecureCerts: true, browserName: chrome, browserVersion: 150.0.7871.184, chrome: {chromedriverVersion: 150.0.7871.124 (9261fd0a595..., userDataDir: C:\selenium-profile\phancon...}, fedcm:accounts: true, goog:chromeOptions: {debuggerAddress: localhost:63229}, goog:processID: 8812, networkConnectionEnabled: false, pageLoadStrategy: eager, platformName: windows, proxy: Proxy(), se:cdp: ws://localhost:63229/devtoo..., se:cdpVersion: 150.0.7871.184, setWindowRect: true, strictFileInteractability: false, timeouts: {implicit: 0, pageLoad: 300000, script: 30000}, unhandledPromptBehavior: dismiss and notify, webauthn:extension:credBlob: true, webauthn:extension:largeBlob: true, webauthn:extension:minPinLength: true, webauthn:extension:prf: true, webauthn:virtualAuthenticators: true}
Session ID: 3218b20db0e520d4df382d07d141e8db
at org.openqa.selenium.remote.ErrorCodec.decode(ErrorCodec.java:169)
at org.openqa.selenium.remote.codec.w3c.W3CHttpResponseCodec.decode(W3CHttpResponseCodec.java:143)
at org.openqa.selenium.remote.codec.w3c.W3CHttpResponseCodec.decode(W3CHttpResponseCodec.java:50)
at org.openqa.selenium.remote.HttpCommandExecutor.execute(HttpCommandExecutor.java:224)
at org.openqa.selenium.remote.service.DriverCommandExecutor.invokeExecute(DriverCommandExecutor.java:217)
at org.openqa.selenium.remote.service.DriverCommandExecutor.execute(DriverCommandExecutor.java:175)
at org.openqa.selenium.remote.RemoteWebDriver.execute(RemoteWebDriver.java:600)
at org.openqa.selenium.remote.RemoteWebDriver.get(RemoteWebDriver.java:366)
at com.test.BaseTest.navigateToAssignPage(BaseTest.java:207)
at com.test.chucnang.quanlithoikhoabieu.F10_3_PhanCongGiangVienTest.F10_3_DATA_SearchGiangVienKhongHopLe(F10_3_PhanCongGiangVienTest.java:285)
at java.base/java.util.ArrayList.forEach(ArrayList.java:1596)
at com.test.RunAllTestNG.main(RunAllTestNG.java:28)
... Removed 22 stack frames]]>
    </failure>
  </testcase> <!-- F10_3_DATA_SearchGiangVienKhongHopLe -->
  <testcase classname="com.test.chucnang.quanlithoikhoabieu.F10_3_PhanCongGiangVienTest" name="F10_3_DATA_SearchGiangVienKhongHopLe" time="0.003">
    <failure type="org.openqa.selenium.NoSuchSessionException" message="invalid session id
Build info: version: &amp;apos;4.44.0&amp;apos;, revision: &amp;apos;da2039b&amp;apos;
System info: os.name: &amp;apos;Windows 11&amp;apos;, os.arch: &amp;apos;amd64&amp;apos;, os.version: &amp;apos;10.0&amp;apos;, java.version: &amp;apos;21.0.11&amp;apos;
Driver info: org.openqa.selenium.chrome.ChromeDriver
Command: [3218b20db0e520d4df382d07d141e8db, get {url=https://cntttest.vanlanguni.edu.vn:18081/Phancong02/Timetable/Assign}]
Capabilities {acceptInsecureCerts: true, browserName: chrome, browserVersion: 150.0.7871.184, chrome: {chromedriverVersion: 150.0.7871.124 (9261fd0a595..., userDataDir: C:\selenium-profile\phancon...}, fedcm:accounts: true, goog:chromeOptions: {debuggerAddress: localhost:63229}, goog:processID: 8812, networkConnectionEnabled: false, pageLoadStrategy: eager, platformName: windows, proxy: Proxy(), se:cdp: ws://localhost:63229/devtoo..., se:cdpVersion: 150.0.7871.184, setWindowRect: true, strictFileInteractability: false, timeouts: {implicit: 0, pageLoad: 300000, script: 30000}, unhandledPromptBehavior: dismiss and notify, webauthn:extension:credBlob: true, webauthn:extension:largeBlob: true, webauthn:extension:minPinLength: true, webauthn:extension:prf: true, webauthn:virtualAuthenticators: true}
Session ID: 3218b20db0e520d4df382d07d141e8db">
      <![CDATA[org.openqa.selenium.NoSuchSessionException: invalid session id
Build info: version: '4.44.0', revision: 'da2039b'
System info: os.name: 'Windows 11', os.arch: 'amd64', os.version: '10.0', java.version: '21.0.11'
Driver info: org.openqa.selenium.chrome.ChromeDriver
Command: [3218b20db0e520d4df382d07d141e8db, get {url=https://cntttest.vanlanguni.edu.vn:18081/Phancong02/Timetable/Assign}]
Capabilities {acceptInsecureCerts: true, browserName: chrome, browserVersion: 150.0.7871.184, chrome: {chromedriverVersion: 150.0.7871.124 (9261fd0a595..., userDataDir: C:\selenium-profile\phancon...}, fedcm:accounts: true, goog:chromeOptions: {debuggerAddress: localhost:63229}, goog:processID: 8812, networkConnectionEnabled: false, pageLoadStrategy: eager, platformName: windows, proxy: Proxy(), se:cdp: ws://localhost:63229/devtoo..., se:cdpVersion: 150.0.7871.184, setWindowRect: true, strictFileInteractability: false, timeouts: {implicit: 0, pageLoad: 300000, script: 30000}, unhandledPromptBehavior: dismiss and notify, webauthn:extension:credBlob: true, webauthn:extension:largeBlob: true, webauthn:extension:minPinLength: true, webauthn:extension:prf: true, webauthn:virtualAuthenticators: true}
Session ID: 3218b20db0e520d4df382d07d141e8db
at org.openqa.selenium.remote.ErrorCodec.decode(ErrorCodec.java:169)
at org.openqa.selenium.remote.codec.w3c.W3CHttpResponseCodec.decode(W3CHttpResponseCodec.java:143)
at org.openqa.selenium.remote.codec.w3c.W3CHttpResponseCodec.decode(W3CHttpResponseCodec.java:50)
at org.openqa.selenium.remote.HttpCommandExecutor.execute(HttpCommandExecutor.java:224)
at org.openqa.selenium.remote.service.DriverCommandExecutor.invokeExecute(DriverCommandExecutor.java:217)
at org.openqa.selenium.remote.service.DriverCommandExecutor.execute(DriverCommandExecutor.java:175)
at org.openqa.selenium.remote.RemoteWebDriver.execute(RemoteWebDriver.java:600)
at org.openqa.selenium.remote.RemoteWebDriver.get(RemoteWebDriver.java:366)
at com.test.BaseTest.navigateToAssignPage(BaseTest.java:207)
at com.test.chucnang.quanlithoikhoabieu.F10_3_PhanCongGiangVienTest.F10_3_DATA_SearchGiangVienKhongHopLe(F10_3_PhanCongGiangVienTest.java:285)
at java.base/java.util.ArrayList.forEach(ArrayList.java:1596)
at com.test.RunAllTestNG.main(RunAllTestNG.java:28)
... Removed 22 stack frames]]>
    </failure>
  </testcase> <!-- F10_3_DATA_SearchGiangVienKhongHopLe -->
  <testcase classname="com.test.chucnang.quanlithoikhoabieu.F10_3_PhanCongGiangVienTest" name="F10_3_UI_KiemTraGiaoDien" time="0.0">
    <failure type="org.openqa.selenium.NoSuchSessionException" message="invalid session id
Build info: version: &amp;apos;4.44.0&amp;apos;, revision: &amp;apos;da2039b&amp;apos;
System info: os.name: &amp;apos;Windows 11&amp;apos;, os.arch: &amp;apos;amd64&amp;apos;, os.version: &amp;apos;10.0&amp;apos;, java.version: &amp;apos;21.0.11&amp;apos;
Driver info: org.openqa.selenium.chrome.ChromeDriver
Command: [3218b20db0e520d4df382d07d141e8db, get {url=https://cntttest.vanlanguni.edu.vn:18081/Phancong02/Timetable/Assign}]
Capabilities {acceptInsecureCerts: true, browserName: chrome, browserVersion: 150.0.7871.184, chrome: {chromedriverVersion: 150.0.7871.124 (9261fd0a595..., userDataDir: C:\selenium-profile\phancon...}, fedcm:accounts: true, goog:chromeOptions: {debuggerAddress: localhost:63229}, goog:processID: 8812, networkConnectionEnabled: false, pageLoadStrategy: eager, platformName: windows, proxy: Proxy(), se:cdp: ws://localhost:63229/devtoo..., se:cdpVersion: 150.0.7871.184, setWindowRect: true, strictFileInteractability: false, timeouts: {implicit: 0, pageLoad: 300000, script: 30000}, unhandledPromptBehavior: dismiss and notify, webauthn:extension:credBlob: true, webauthn:extension:largeBlob: true, webauthn:extension:minPinLength: true, webauthn:extension:prf: true, webauthn:virtualAuthenticators: true}
Session ID: 3218b20db0e520d4df382d07d141e8db">
      <![CDATA[org.openqa.selenium.NoSuchSessionException: invalid session id
Build info: version: '4.44.0', revision: 'da2039b'
System info: os.name: 'Windows 11', os.arch: 'amd64', os.version: '10.0', java.version: '21.0.11'
Driver info: org.openqa.selenium.chrome.ChromeDriver
Command: [3218b20db0e520d4df382d07d141e8db, get {url=https://cntttest.vanlanguni.edu.vn:18081/Phancong02/Timetable/Assign}]
Capabilities {acceptInsecureCerts: true, browserName: chrome, browserVersion: 150.0.7871.184, chrome: {chromedriverVersion: 150.0.7871.124 (9261fd0a595..., userDataDir: C:\selenium-profile\phancon...}, fedcm:accounts: true, goog:chromeOptions: {debuggerAddress: localhost:63229}, goog:processID: 8812, networkConnectionEnabled: false, pageLoadStrategy: eager, platformName: windows, proxy: Proxy(), se:cdp: ws://localhost:63229/devtoo..., se:cdpVersion: 150.0.7871.184, setWindowRect: true, strictFileInteractability: false, timeouts: {implicit: 0, pageLoad: 300000, script: 30000}, unhandledPromptBehavior: dismiss and notify, webauthn:extension:credBlob: true, webauthn:extension:largeBlob: true, webauthn:extension:minPinLength: true, webauthn:extension:prf: true, webauthn:virtualAuthenticators: true}
Session ID: 3218b20db0e520d4df382d07d141e8db
at org.openqa.selenium.remote.ErrorCodec.decode(ErrorCodec.java:169)
at org.openqa.selenium.remote.codec.w3c.W3CHttpResponseCodec.decode(W3CHttpResponseCodec.java:143)
at org.openqa.selenium.remote.codec.w3c.W3CHttpResponseCodec.decode(W3CHttpResponseCodec.java:50)
at org.openqa.selenium.remote.HttpCommandExecutor.execute(HttpCommandExecutor.java:224)
at org.openqa.selenium.remote.service.DriverCommandExecutor.invokeExecute(DriverCommandExecutor.java:217)
at org.openqa.selenium.remote.service.DriverCommandExecutor.execute(DriverCommandExecutor.java:175)
at org.openqa.selenium.remote.RemoteWebDriver.execute(RemoteWebDriver.java:600)
at org.openqa.selenium.remote.RemoteWebDriver.get(RemoteWebDriver.java:366)
at com.test.BaseTest.navigateToAssignPage(BaseTest.java:207)
at com.test.chucnang.quanlithoikhoabieu.F10_3_PhanCongGiangVienTest.F10_3_UI_KiemTraGiaoDien(F10_3_PhanCongGiangVienTest.java:350)
at java.base/java.util.ArrayList.forEach(ArrayList.java:1596)
at com.test.RunAllTestNG.main(RunAllTestNG.java:28)
... Removed 22 stack frames]]>
    </failure>
  </testcase> <!-- F10_3_UI_KiemTraGiaoDien -->
  <testcase classname="com.test.chucnang.quanlithoikhoabieu.F10_4_XemThoiKhoaBieuTest" name="F10_4_POS_LuongDung_XemThoiKhoaBieuCaNhan" time="0.004">
    <failure type="org.openqa.selenium.NoSuchSessionException" message="invalid session id
Build info: version: &amp;apos;4.44.0&amp;apos;, revision: &amp;apos;da2039b&amp;apos;
System info: os.name: &amp;apos;Windows 11&amp;apos;, os.arch: &amp;apos;amd64&amp;apos;, os.version: &amp;apos;10.0&amp;apos;, java.version: &amp;apos;21.0.11&amp;apos;
Driver info: org.openqa.selenium.chrome.ChromeDriver
Command: [3218b20db0e520d4df382d07d141e8db, get {url=https://cntttest.vanlanguni.edu.vn:18081/Phancong02/Timetable/Assign}]
Capabilities {acceptInsecureCerts: true, browserName: chrome, browserVersion: 150.0.7871.184, chrome: {chromedriverVersion: 150.0.7871.124 (9261fd0a595..., userDataDir: C:\selenium-profile\phancon...}, fedcm:accounts: true, goog:chromeOptions: {debuggerAddress: localhost:63229}, goog:processID: 8812, networkConnectionEnabled: false, pageLoadStrategy: eager, platformName: windows, proxy: Proxy(), se:cdp: ws://localhost:63229/devtoo..., se:cdpVersion: 150.0.7871.184, setWindowRect: true, strictFileInteractability: false, timeouts: {implicit: 0, pageLoad: 300000, script: 30000}, unhandledPromptBehavior: dismiss and notify, webauthn:extension:credBlob: true, webauthn:extension:largeBlob: true, webauthn:extension:minPinLength: true, webauthn:extension:prf: true, webauthn:virtualAuthenticators: true}
Session ID: 3218b20db0e520d4df382d07d141e8db">
      <![CDATA[org.openqa.selenium.NoSuchSessionException: invalid session id
Build info: version: '4.44.0', revision: 'da2039b'
System info: os.name: 'Windows 11', os.arch: 'amd64', os.version: '10.0', java.version: '21.0.11'
Driver info: org.openqa.selenium.chrome.ChromeDriver
Command: [3218b20db0e520d4df382d07d141e8db, get {url=https://cntttest.vanlanguni.edu.vn:18081/Phancong02/Timetable/Assign}]
Capabilities {acceptInsecureCerts: true, browserName: chrome, browserVersion: 150.0.7871.184, chrome: {chromedriverVersion: 150.0.7871.124 (9261fd0a595..., userDataDir: C:\selenium-profile\phancon...}, fedcm:accounts: true, goog:chromeOptions: {debuggerAddress: localhost:63229}, goog:processID: 8812, networkConnectionEnabled: false, pageLoadStrategy: eager, platformName: windows, proxy: Proxy(), se:cdp: ws://localhost:63229/devtoo..., se:cdpVersion: 150.0.7871.184, setWindowRect: true, strictFileInteractability: false, timeouts: {implicit: 0, pageLoad: 300000, script: 30000}, unhandledPromptBehavior: dismiss and notify, webauthn:extension:credBlob: true, webauthn:extension:largeBlob: true, webauthn:extension:minPinLength: true, webauthn:extension:prf: true, webauthn:virtualAuthenticators: true}
Session ID: 3218b20db0e520d4df382d07d141e8db
at org.openqa.selenium.remote.ErrorCodec.decode(ErrorCodec.java:169)
at org.openqa.selenium.remote.codec.w3c.W3CHttpResponseCodec.decode(W3CHttpResponseCodec.java:143)
at org.openqa.selenium.remote.codec.w3c.W3CHttpResponseCodec.decode(W3CHttpResponseCodec.java:50)
at org.openqa.selenium.remote.HttpCommandExecutor.execute(HttpCommandExecutor.java:224)
at org.openqa.selenium.remote.service.DriverCommandExecutor.invokeExecute(DriverCommandExecutor.java:217)
at org.openqa.selenium.remote.service.DriverCommandExecutor.execute(DriverCommandExecutor.java:175)
at org.openqa.selenium.remote.RemoteWebDriver.execute(RemoteWebDriver.java:600)
at org.openqa.selenium.remote.RemoteWebDriver.get(RemoteWebDriver.java:366)
at com.test.BaseTest.navigateToAssignPage(BaseTest.java:207)
at com.test.BoMonCommonTest.openFeatureAndApplyFilterFlow(BoMonCommonTest.java:1747)
at com.test.BoMonCommonTest.runPositiveFeatureFlow(BoMonCommonTest.java:1617)
at com.test.chucnang.quanlithoikhoabieu.F10_4_XemThoiKhoaBieuTest.F10_4_POS_LuongDung_XemThoiKhoaBieuCaNhan(F10_4_XemThoiKhoaBieuTest.java:34)
at java.base/java.util.ArrayList.forEach(ArrayList.java:1596)
at com.test.RunAllTestNG.main(RunAllTestNG.java:28)
... Removed 22 stack frames]]>
    </failure>
  </testcase> <!-- F10_4_POS_LuongDung_XemThoiKhoaBieuCaNhan -->
  <testcase classname="com.test.chucnang.quanlithoikhoabieu.F10_4_XemThoiKhoaBieuTest" name="F10_4_NEG_ChuaDangNhapBiChan" time="5.223"/>
  <testcase classname="com.test.chucnang.quanlithoikhoabieu.F10_4_XemThoiKhoaBieuTest" name="F10_4_DATA_KiemTraDuLieuThoiKhoaBieu" time="0.001">
    <failure type="org.openqa.selenium.NoSuchSessionException" message="invalid session id
Build info: version: &amp;apos;4.44.0&amp;apos;, revision: &amp;apos;da2039b&amp;apos;
System info: os.name: &amp;apos;Windows 11&amp;apos;, os.arch: &amp;apos;amd64&amp;apos;, os.version: &amp;apos;10.0&amp;apos;, java.version: &amp;apos;21.0.11&amp;apos;
Driver info: org.openqa.selenium.chrome.ChromeDriver
Command: [3218b20db0e520d4df382d07d141e8db, get {url=https://cntttest.vanlanguni.edu.vn:18081/Phancong02/Timetable/Assign}]
Capabilities {acceptInsecureCerts: true, browserName: chrome, browserVersion: 150.0.7871.184, chrome: {chromedriverVersion: 150.0.7871.124 (9261fd0a595..., userDataDir: C:\selenium-profile\phancon...}, fedcm:accounts: true, goog:chromeOptions: {debuggerAddress: localhost:63229}, goog:processID: 8812, networkConnectionEnabled: false, pageLoadStrategy: eager, platformName: windows, proxy: Proxy(), se:cdp: ws://localhost:63229/devtoo..., se:cdpVersion: 150.0.7871.184, setWindowRect: true, strictFileInteractability: false, timeouts: {implicit: 0, pageLoad: 300000, script: 30000}, unhandledPromptBehavior: dismiss and notify, webauthn:extension:credBlob: true, webauthn:extension:largeBlob: true, webauthn:extension:minPinLength: true, webauthn:extension:prf: true, webauthn:virtualAuthenticators: true}
Session ID: 3218b20db0e520d4df382d07d141e8db">
      <![CDATA[org.openqa.selenium.NoSuchSessionException: invalid session id
Build info: version: '4.44.0', revision: 'da2039b'
System info: os.name: 'Windows 11', os.arch: 'amd64', os.version: '10.0', java.version: '21.0.11'
Driver info: org.openqa.selenium.chrome.ChromeDriver
Command: [3218b20db0e520d4df382d07d141e8db, get {url=https://cntttest.vanlanguni.edu.vn:18081/Phancong02/Timetable/Assign}]
Capabilities {acceptInsecureCerts: true, browserName: chrome, browserVersion: 150.0.7871.184, chrome: {chromedriverVersion: 150.0.7871.124 (9261fd0a595..., userDataDir: C:\selenium-profile\phancon...}, fedcm:accounts: true, goog:chromeOptions: {debuggerAddress: localhost:63229}, goog:processID: 8812, networkConnectionEnabled: false, pageLoadStrategy: eager, platformName: windows, proxy: Proxy(), se:cdp: ws://localhost:63229/devtoo..., se:cdpVersion: 150.0.7871.184, setWindowRect: true, strictFileInteractability: false, timeouts: {implicit: 0, pageLoad: 300000, script: 30000}, unhandledPromptBehavior: dismiss and notify, webauthn:extension:credBlob: true, webauthn:extension:largeBlob: true, webauthn:extension:minPinLength: true, webauthn:extension:prf: true, webauthn:virtualAuthenticators: true}
Session ID: 3218b20db0e520d4df382d07d141e8db
at org.openqa.selenium.remote.ErrorCodec.decode(ErrorCodec.java:169)
at org.openqa.selenium.remote.codec.w3c.W3CHttpResponseCodec.decode(W3CHttpResponseCodec.java:143)
at org.openqa.selenium.remote.codec.w3c.W3CHttpResponseCodec.decode(W3CHttpResponseCodec.java:50)
at org.openqa.selenium.remote.HttpCommandExecutor.execute(HttpCommandExecutor.java:224)
at org.openqa.selenium.remote.service.DriverCommandExecutor.invokeExecute(DriverCommandExecutor.java:217)
at org.openqa.selenium.remote.service.DriverCommandExecutor.execute(DriverCommandExecutor.java:175)
at org.openqa.selenium.remote.RemoteWebDriver.execute(RemoteWebDriver.java:600)
at org.openqa.selenium.remote.RemoteWebDriver.get(RemoteWebDriver.java:366)
at com.test.BaseTest.navigateToAssignPage(BaseTest.java:207)
at com.test.BoMonCommonTest.openFeatureAndApplyFilterFlow(BoMonCommonTest.java:1747)
at com.test.BoMonCommonTest.runDataFeatureFlow(BoMonCommonTest.java:1696)
at com.test.chucnang.quanlithoikhoabieu.F10_4_XemThoiKhoaBieuTest.F10_4_DATA_KiemTraDuLieuThoiKhoaBieu(F10_4_XemThoiKhoaBieuTest.java:46)
at java.base/java.util.ArrayList.forEach(ArrayList.java:1596)
at com.test.RunAllTestNG.main(RunAllTestNG.java:28)
... Removed 22 stack frames]]>
    </failure>
  </testcase> <!-- F10_4_DATA_KiemTraDuLieuThoiKhoaBieu -->
  <testcase classname="com.test.chucnang.quanlithoikhoabieu.F10_4_XemThoiKhoaBieuTest" name="F10_4_UI_KiemTraGiaoDien" time="0.003">
    <failure type="org.openqa.selenium.NoSuchSessionException" message="invalid session id
Build info: version: &amp;apos;4.44.0&amp;apos;, revision: &amp;apos;da2039b&amp;apos;
System info: os.name: &amp;apos;Windows 11&amp;apos;, os.arch: &amp;apos;amd64&amp;apos;, os.version: &amp;apos;10.0&amp;apos;, java.version: &amp;apos;21.0.11&amp;apos;
Driver info: org.openqa.selenium.chrome.ChromeDriver
Command: [3218b20db0e520d4df382d07d141e8db, get {url=https://cntttest.vanlanguni.edu.vn:18081/Phancong02/Timetable/Assign}]
Capabilities {acceptInsecureCerts: true, browserName: chrome, browserVersion: 150.0.7871.184, chrome: {chromedriverVersion: 150.0.7871.124 (9261fd0a595..., userDataDir: C:\selenium-profile\phancon...}, fedcm:accounts: true, goog:chromeOptions: {debuggerAddress: localhost:63229}, goog:processID: 8812, networkConnectionEnabled: false, pageLoadStrategy: eager, platformName: windows, proxy: Proxy(), se:cdp: ws://localhost:63229/devtoo..., se:cdpVersion: 150.0.7871.184, setWindowRect: true, strictFileInteractability: false, timeouts: {implicit: 0, pageLoad: 300000, script: 30000}, unhandledPromptBehavior: dismiss and notify, webauthn:extension:credBlob: true, webauthn:extension:largeBlob: true, webauthn:extension:minPinLength: true, webauthn:extension:prf: true, webauthn:virtualAuthenticators: true}
Session ID: 3218b20db0e520d4df382d07d141e8db">
      <![CDATA[org.openqa.selenium.NoSuchSessionException: invalid session id
Build info: version: '4.44.0', revision: 'da2039b'
System info: os.name: 'Windows 11', os.arch: 'amd64', os.version: '10.0', java.version: '21.0.11'
Driver info: org.openqa.selenium.chrome.ChromeDriver
Command: [3218b20db0e520d4df382d07d141e8db, get {url=https://cntttest.vanlanguni.edu.vn:18081/Phancong02/Timetable/Assign}]
Capabilities {acceptInsecureCerts: true, browserName: chrome, browserVersion: 150.0.7871.184, chrome: {chromedriverVersion: 150.0.7871.124 (9261fd0a595..., userDataDir: C:\selenium-profile\phancon...}, fedcm:accounts: true, goog:chromeOptions: {debuggerAddress: localhost:63229}, goog:processID: 8812, networkConnectionEnabled: false, pageLoadStrategy: eager, platformName: windows, proxy: Proxy(), se:cdp: ws://localhost:63229/devtoo..., se:cdpVersion: 150.0.7871.184, setWindowRect: true, strictFileInteractability: false, timeouts: {implicit: 0, pageLoad: 300000, script: 30000}, unhandledPromptBehavior: dismiss and notify, webauthn:extension:credBlob: true, webauthn:extension:largeBlob: true, webauthn:extension:minPinLength: true, webauthn:extension:prf: true, webauthn:virtualAuthenticators: true}
Session ID: 3218b20db0e520d4df382d07d141e8db
at org.openqa.selenium.remote.ErrorCodec.decode(ErrorCodec.java:169)
at org.openqa.selenium.remote.codec.w3c.W3CHttpResponseCodec.decode(W3CHttpResponseCodec.java:143)
at org.openqa.selenium.remote.codec.w3c.W3CHttpResponseCodec.decode(W3CHttpResponseCodec.java:50)
at org.openqa.selenium.remote.HttpCommandExecutor.execute(HttpCommandExecutor.java:224)
at org.openqa.selenium.remote.service.DriverCommandExecutor.invokeExecute(DriverCommandExecutor.java:217)
at org.openqa.selenium.remote.service.DriverCommandExecutor.execute(DriverCommandExecutor.java:175)
at org.openqa.selenium.remote.RemoteWebDriver.execute(RemoteWebDriver.java:600)
at org.openqa.selenium.remote.RemoteWebDriver.get(RemoteWebDriver.java:366)
at com.test.BaseTest.navigateToAssignPage(BaseTest.java:207)
at com.test.BoMonCommonTest.openFeatureAndApplyFilterFlow(BoMonCommonTest.java:1747)
at com.test.BoMonCommonTest.runUiFeatureFlow(BoMonCommonTest.java:1730)
at com.test.chucnang.quanlithoikhoabieu.F10_4_XemThoiKhoaBieuTest.F10_4_UI_KiemTraGiaoDien(F10_4_XemThoiKhoaBieuTest.java:52)
at java.base/java.util.ArrayList.forEach(ArrayList.java:1596)
at com.test.RunAllTestNG.main(RunAllTestNG.java:28)
... Removed 22 stack frames]]>
    </failure>
  </testcase> <!-- F10_4_UI_KiemTraGiaoDien -->
  <testcase classname="com.test.chucnang.quanlithongke.F11_1_XemSoGioTrongHocKyTest" name="F11_1_POS_LuongDung_XemSoGioTrongHocKy" time="0.002">
    <failure type="org.openqa.selenium.NoSuchSessionException" message="invalid session id
Build info: version: &amp;apos;4.44.0&amp;apos;, revision: &amp;apos;da2039b&amp;apos;
System info: os.name: &amp;apos;Windows 11&amp;apos;, os.arch: &amp;apos;amd64&amp;apos;, os.version: &amp;apos;10.0&amp;apos;, java.version: &amp;apos;21.0.11&amp;apos;
Driver info: org.openqa.selenium.chrome.ChromeDriver
Command: [3218b20db0e520d4df382d07d141e8db, get {url=https://cntttest.vanlanguni.edu.vn:18081/Phancong02/Timetable/Assign}]
Capabilities {acceptInsecureCerts: true, browserName: chrome, browserVersion: 150.0.7871.184, chrome: {chromedriverVersion: 150.0.7871.124 (9261fd0a595..., userDataDir: C:\selenium-profile\phancon...}, fedcm:accounts: true, goog:chromeOptions: {debuggerAddress: localhost:63229}, goog:processID: 8812, networkConnectionEnabled: false, pageLoadStrategy: eager, platformName: windows, proxy: Proxy(), se:cdp: ws://localhost:63229/devtoo..., se:cdpVersion: 150.0.7871.184, setWindowRect: true, strictFileInteractability: false, timeouts: {implicit: 0, pageLoad: 300000, script: 30000}, unhandledPromptBehavior: dismiss and notify, webauthn:extension:credBlob: true, webauthn:extension:largeBlob: true, webauthn:extension:minPinLength: true, webauthn:extension:prf: true, webauthn:virtualAuthenticators: true}
Session ID: 3218b20db0e520d4df382d07d141e8db">
      <![CDATA[org.openqa.selenium.NoSuchSessionException: invalid session id
Build info: version: '4.44.0', revision: 'da2039b'
System info: os.name: 'Windows 11', os.arch: 'amd64', os.version: '10.0', java.version: '21.0.11'
Driver info: org.openqa.selenium.chrome.ChromeDriver
Command: [3218b20db0e520d4df382d07d141e8db, get {url=https://cntttest.vanlanguni.edu.vn:18081/Phancong02/Timetable/Assign}]
Capabilities {acceptInsecureCerts: true, browserName: chrome, browserVersion: 150.0.7871.184, chrome: {chromedriverVersion: 150.0.7871.124 (9261fd0a595..., userDataDir: C:\selenium-profile\phancon...}, fedcm:accounts: true, goog:chromeOptions: {debuggerAddress: localhost:63229}, goog:processID: 8812, networkConnectionEnabled: false, pageLoadStrategy: eager, platformName: windows, proxy: Proxy(), se:cdp: ws://localhost:63229/devtoo..., se:cdpVersion: 150.0.7871.184, setWindowRect: true, strictFileInteractability: false, timeouts: {implicit: 0, pageLoad: 300000, script: 30000}, unhandledPromptBehavior: dismiss and notify, webauthn:extension:credBlob: true, webauthn:extension:largeBlob: true, webauthn:extension:minPinLength: true, webauthn:extension:prf: true, webauthn:virtualAuthenticators: true}
Session ID: 3218b20db0e520d4df382d07d141e8db
at org.openqa.selenium.remote.ErrorCodec.decode(ErrorCodec.java:169)
at org.openqa.selenium.remote.codec.w3c.W3CHttpResponseCodec.decode(W3CHttpResponseCodec.java:143)
at org.openqa.selenium.remote.codec.w3c.W3CHttpResponseCodec.decode(W3CHttpResponseCodec.java:50)
at org.openqa.selenium.remote.HttpCommandExecutor.execute(HttpCommandExecutor.java:224)
at org.openqa.selenium.remote.service.DriverCommandExecutor.invokeExecute(DriverCommandExecutor.java:217)
at org.openqa.selenium.remote.service.DriverCommandExecutor.execute(DriverCommandExecutor.java:175)
at org.openqa.selenium.remote.RemoteWebDriver.execute(RemoteWebDriver.java:600)
at org.openqa.selenium.remote.RemoteWebDriver.get(RemoteWebDriver.java:366)
at com.test.BaseTest.navigateToAssignPage(BaseTest.java:207)
at com.test.BoMonCommonTest.openFeatureAndApplyFilterFlow(BoMonCommonTest.java:1747)
at com.test.BoMonCommonTest.runPositiveFeatureFlow(BoMonCommonTest.java:1617)
at com.test.chucnang.quanlithongke.F11_1_XemSoGioTrongHocKyTest.F11_1_POS_LuongDung_XemSoGioTrongHocKy(F11_1_XemSoGioTrongHocKyTest.java:35)
at java.base/java.util.ArrayList.forEach(ArrayList.java:1596)
at com.test.RunAllTestNG.main(RunAllTestNG.java:28)
... Removed 22 stack frames]]>
    </failure>
  </testcase> <!-- F11_1_POS_LuongDung_XemSoGioTrongHocKy -->
  <testcase classname="com.test.chucnang.quanlithongke.F11_1_XemSoGioTrongHocKyTest" name="F11_1_NEG_ChuaDangNhapBiChan" time="5.395"/>
  <testcase classname="com.test.chucnang.quanlithongke.F11_1_XemSoGioTrongHocKyTest" name="F11_1_DATA_KiemTraSoGioTrongHocKy" time="0.0">
    <failure type="org.openqa.selenium.NoSuchSessionException" message="invalid session id
Build info: version: &amp;apos;4.44.0&amp;apos;, revision: &amp;apos;da2039b&amp;apos;
System info: os.name: &amp;apos;Windows 11&amp;apos;, os.arch: &amp;apos;amd64&amp;apos;, os.version: &amp;apos;10.0&amp;apos;, java.version: &amp;apos;21.0.11&amp;apos;
Driver info: org.openqa.selenium.chrome.ChromeDriver
Command: [3218b20db0e520d4df382d07d141e8db, get {url=https://cntttest.vanlanguni.edu.vn:18081/Phancong02/Timetable/Assign}]
Capabilities {acceptInsecureCerts: true, browserName: chrome, browserVersion: 150.0.7871.184, chrome: {chromedriverVersion: 150.0.7871.124 (9261fd0a595..., userDataDir: C:\selenium-profile\phancon...}, fedcm:accounts: true, goog:chromeOptions: {debuggerAddress: localhost:63229}, goog:processID: 8812, networkConnectionEnabled: false, pageLoadStrategy: eager, platformName: windows, proxy: Proxy(), se:cdp: ws://localhost:63229/devtoo..., se:cdpVersion: 150.0.7871.184, setWindowRect: true, strictFileInteractability: false, timeouts: {implicit: 0, pageLoad: 300000, script: 30000}, unhandledPromptBehavior: dismiss and notify, webauthn:extension:credBlob: true, webauthn:extension:largeBlob: true, webauthn:extension:minPinLength: true, webauthn:extension:prf: true, webauthn:virtualAuthenticators: true}
Session ID: 3218b20db0e520d4df382d07d141e8db">
      <![CDATA[org.openqa.selenium.NoSuchSessionException: invalid session id
Build info: version: '4.44.0', revision: 'da2039b'
System info: os.name: 'Windows 11', os.arch: 'amd64', os.version: '10.0', java.version: '21.0.11'
Driver info: org.openqa.selenium.chrome.ChromeDriver
Command: [3218b20db0e520d4df382d07d141e8db, get {url=https://cntttest.vanlanguni.edu.vn:18081/Phancong02/Timetable/Assign}]
Capabilities {acceptInsecureCerts: true, browserName: chrome, browserVersion: 150.0.7871.184, chrome: {chromedriverVersion: 150.0.7871.124 (9261fd0a595..., userDataDir: C:\selenium-profile\phancon...}, fedcm:accounts: true, goog:chromeOptions: {debuggerAddress: localhost:63229}, goog:processID: 8812, networkConnectionEnabled: false, pageLoadStrategy: eager, platformName: windows, proxy: Proxy(), se:cdp: ws://localhost:63229/devtoo..., se:cdpVersion: 150.0.7871.184, setWindowRect: true, strictFileInteractability: false, timeouts: {implicit: 0, pageLoad: 300000, script: 30000}, unhandledPromptBehavior: dismiss and notify, webauthn:extension:credBlob: true, webauthn:extension:largeBlob: true, webauthn:extension:minPinLength: true, webauthn:extension:prf: true, webauthn:virtualAuthenticators: true}
Session ID: 3218b20db0e520d4df382d07d141e8db
at org.openqa.selenium.remote.ErrorCodec.decode(ErrorCodec.java:169)
at org.openqa.selenium.remote.codec.w3c.W3CHttpResponseCodec.decode(W3CHttpResponseCodec.java:143)
at org.openqa.selenium.remote.codec.w3c.W3CHttpResponseCodec.decode(W3CHttpResponseCodec.java:50)
at org.openqa.selenium.remote.HttpCommandExecutor.execute(HttpCommandExecutor.java:224)
at org.openqa.selenium.remote.service.DriverCommandExecutor.invokeExecute(DriverCommandExecutor.java:217)
at org.openqa.selenium.remote.service.DriverCommandExecutor.execute(DriverCommandExecutor.java:175)
at org.openqa.selenium.remote.RemoteWebDriver.execute(RemoteWebDriver.java:600)
at org.openqa.selenium.remote.RemoteWebDriver.get(RemoteWebDriver.java:366)
at com.test.BaseTest.navigateToAssignPage(BaseTest.java:207)
at com.test.BoMonCommonTest.openFeatureAndApplyFilterFlow(BoMonCommonTest.java:1747)
at com.test.BoMonCommonTest.runDataFeatureFlow(BoMonCommonTest.java:1696)
at com.test.chucnang.quanlithongke.F11_1_XemSoGioTrongHocKyTest.F11_1_DATA_KiemTraSoGioTrongHocKy(F11_1_XemSoGioTrongHocKyTest.java:47)
at java.base/java.util.ArrayList.forEach(ArrayList.java:1596)
at com.test.RunAllTestNG.main(RunAllTestNG.java:28)
... Removed 22 stack frames]]>
    </failure>
  </testcase> <!-- F11_1_DATA_KiemTraSoGioTrongHocKy -->
  <testcase classname="com.test.chucnang.quanlithongke.F11_1_XemSoGioTrongHocKyTest" name="F11_1_UI_KiemTraGiaoDien" time="0.0">
    <failure type="org.openqa.selenium.NoSuchSessionException" message="invalid session id
Build info: version: &amp;apos;4.44.0&amp;apos;, revision: &amp;apos;da2039b&amp;apos;
System info: os.name: &amp;apos;Windows 11&amp;apos;, os.arch: &amp;apos;amd64&amp;apos;, os.version: &amp;apos;10.0&amp;apos;, java.version: &amp;apos;21.0.11&amp;apos;
Driver info: org.openqa.selenium.chrome.ChromeDriver
Command: [3218b20db0e520d4df382d07d141e8db, get {url=https://cntttest.vanlanguni.edu.vn:18081/Phancong02/Timetable/Assign}]
Capabilities {acceptInsecureCerts: true, browserName: chrome, browserVersion: 150.0.7871.184, chrome: {chromedriverVersion: 150.0.7871.124 (9261fd0a595..., userDataDir: C:\selenium-profile\phancon...}, fedcm:accounts: true, goog:chromeOptions: {debuggerAddress: localhost:63229}, goog:processID: 8812, networkConnectionEnabled: false, pageLoadStrategy: eager, platformName: windows, proxy: Proxy(), se:cdp: ws://localhost:63229/devtoo..., se:cdpVersion: 150.0.7871.184, setWindowRect: true, strictFileInteractability: false, timeouts: {implicit: 0, pageLoad: 300000, script: 30000}, unhandledPromptBehavior: dismiss and notify, webauthn:extension:credBlob: true, webauthn:extension:largeBlob: true, webauthn:extension:minPinLength: true, webauthn:extension:prf: true, webauthn:virtualAuthenticators: true}
Session ID: 3218b20db0e520d4df382d07d141e8db">
      <![CDATA[org.openqa.selenium.NoSuchSessionException: invalid session id
Build info: version: '4.44.0', revision: 'da2039b'
System info: os.name: 'Windows 11', os.arch: 'amd64', os.version: '10.0', java.version: '21.0.11'
Driver info: org.openqa.selenium.chrome.ChromeDriver
Command: [3218b20db0e520d4df382d07d141e8db, get {url=https://cntttest.vanlanguni.edu.vn:18081/Phancong02/Timetable/Assign}]
Capabilities {acceptInsecureCerts: true, browserName: chrome, browserVersion: 150.0.7871.184, chrome: {chromedriverVersion: 150.0.7871.124 (9261fd0a595..., userDataDir: C:\selenium-profile\phancon...}, fedcm:accounts: true, goog:chromeOptions: {debuggerAddress: localhost:63229}, goog:processID: 8812, networkConnectionEnabled: false, pageLoadStrategy: eager, platformName: windows, proxy: Proxy(), se:cdp: ws://localhost:63229/devtoo..., se:cdpVersion: 150.0.7871.184, setWindowRect: true, strictFileInteractability: false, timeouts: {implicit: 0, pageLoad: 300000, script: 30000}, unhandledPromptBehavior: dismiss and notify, webauthn:extension:credBlob: true, webauthn:extension:largeBlob: true, webauthn:extension:minPinLength: true, webauthn:extension:prf: true, webauthn:virtualAuthenticators: true}
Session ID: 3218b20db0e520d4df382d07d141e8db
at org.openqa.selenium.remote.ErrorCodec.decode(ErrorCodec.java:169)
at org.openqa.selenium.remote.codec.w3c.W3CHttpResponseCodec.decode(W3CHttpResponseCodec.java:143)
at org.openqa.selenium.remote.codec.w3c.W3CHttpResponseCodec.decode(W3CHttpResponseCodec.java:50)
at org.openqa.selenium.remote.HttpCommandExecutor.execute(HttpCommandExecutor.java:224)
at org.openqa.selenium.remote.service.DriverCommandExecutor.invokeExecute(DriverCommandExecutor.java:217)
at org.openqa.selenium.remote.service.DriverCommandExecutor.execute(DriverCommandExecutor.java:175)
at org.openqa.selenium.remote.RemoteWebDriver.execute(RemoteWebDriver.java:600)
at org.openqa.selenium.remote.RemoteWebDriver.get(RemoteWebDriver.java:366)
at com.test.BaseTest.navigateToAssignPage(BaseTest.java:207)
at com.test.BoMonCommonTest.openFeatureAndApplyFilterFlow(BoMonCommonTest.java:1747)
at com.test.BoMonCommonTest.runUiFeatureFlow(BoMonCommonTest.java:1730)
at com.test.chucnang.quanlithongke.F11_1_XemSoGioTrongHocKyTest.F11_1_UI_KiemTraGiaoDien(F11_1_XemSoGioTrongHocKyTest.java:53)
at java.base/java.util.ArrayList.forEach(ArrayList.java:1596)
at com.test.RunAllTestNG.main(RunAllTestNG.java:28)
... Removed 22 stack frames]]>
    </failure>
  </testcase> <!-- F11_1_UI_KiemTraGiaoDien -->
  <testcase classname="com.test.chucnang.quanlithongke.F11_2_XemSoGioTrongNamTest" name="F11_2_POS_LuongDung_XemSoGioTrongNam" time="0.003">
    <failure type="org.openqa.selenium.NoSuchSessionException" message="invalid session id
Build info: version: &amp;apos;4.44.0&amp;apos;, revision: &amp;apos;da2039b&amp;apos;
System info: os.name: &amp;apos;Windows 11&amp;apos;, os.arch: &amp;apos;amd64&amp;apos;, os.version: &amp;apos;10.0&amp;apos;, java.version: &amp;apos;21.0.11&amp;apos;
Driver info: org.openqa.selenium.chrome.ChromeDriver
Command: [3218b20db0e520d4df382d07d141e8db, get {url=https://cntttest.vanlanguni.edu.vn:18081/Phancong02/Timetable/Assign}]
Capabilities {acceptInsecureCerts: true, browserName: chrome, browserVersion: 150.0.7871.184, chrome: {chromedriverVersion: 150.0.7871.124 (9261fd0a595..., userDataDir: C:\selenium-profile\phancon...}, fedcm:accounts: true, goog:chromeOptions: {debuggerAddress: localhost:63229}, goog:processID: 8812, networkConnectionEnabled: false, pageLoadStrategy: eager, platformName: windows, proxy: Proxy(), se:cdp: ws://localhost:63229/devtoo..., se:cdpVersion: 150.0.7871.184, setWindowRect: true, strictFileInteractability: false, timeouts: {implicit: 0, pageLoad: 300000, script: 30000}, unhandledPromptBehavior: dismiss and notify, webauthn:extension:credBlob: true, webauthn:extension:largeBlob: true, webauthn:extension:minPinLength: true, webauthn:extension:prf: true, webauthn:virtualAuthenticators: true}
Session ID: 3218b20db0e520d4df382d07d141e8db">
      <![CDATA[org.openqa.selenium.NoSuchSessionException: invalid session id
Build info: version: '4.44.0', revision: 'da2039b'
System info: os.name: 'Windows 11', os.arch: 'amd64', os.version: '10.0', java.version: '21.0.11'
Driver info: org.openqa.selenium.chrome.ChromeDriver
Command: [3218b20db0e520d4df382d07d141e8db, get {url=https://cntttest.vanlanguni.edu.vn:18081/Phancong02/Timetable/Assign}]
Capabilities {acceptInsecureCerts: true, browserName: chrome, browserVersion: 150.0.7871.184, chrome: {chromedriverVersion: 150.0.7871.124 (9261fd0a595..., userDataDir: C:\selenium-profile\phancon...}, fedcm:accounts: true, goog:chromeOptions: {debuggerAddress: localhost:63229}, goog:processID: 8812, networkConnectionEnabled: false, pageLoadStrategy: eager, platformName: windows, proxy: Proxy(), se:cdp: ws://localhost:63229/devtoo..., se:cdpVersion: 150.0.7871.184, setWindowRect: true, strictFileInteractability: false, timeouts: {implicit: 0, pageLoad: 300000, script: 30000}, unhandledPromptBehavior: dismiss and notify, webauthn:extension:credBlob: true, webauthn:extension:largeBlob: true, webauthn:extension:minPinLength: true, webauthn:extension:prf: true, webauthn:virtualAuthenticators: true}
Session ID: 3218b20db0e520d4df382d07d141e8db
at org.openqa.selenium.remote.ErrorCodec.decode(ErrorCodec.java:169)
at org.openqa.selenium.remote.codec.w3c.W3CHttpResponseCodec.decode(W3CHttpResponseCodec.java:143)
at org.openqa.selenium.remote.codec.w3c.W3CHttpResponseCodec.decode(W3CHttpResponseCodec.java:50)
at org.openqa.selenium.remote.HttpCommandExecutor.execute(HttpCommandExecutor.java:224)
at org.openqa.selenium.remote.service.DriverCommandExecutor.invokeExecute(DriverCommandExecutor.java:217)
at org.openqa.selenium.remote.service.DriverCommandExecutor.execute(DriverCommandExecutor.java:175)
at org.openqa.selenium.remote.RemoteWebDriver.execute(RemoteWebDriver.java:600)
at org.openqa.selenium.remote.RemoteWebDriver.get(RemoteWebDriver.java:366)
at com.test.BaseTest.navigateToAssignPage(BaseTest.java:207)
at com.test.BoMonCommonTest.openFeatureAndApplyFilterFlow(BoMonCommonTest.java:1747)
at com.test.BoMonCommonTest.runPositiveFeatureFlow(BoMonCommonTest.java:1617)
at com.test.chucnang.quanlithongke.F11_2_XemSoGioTrongNamTest.F11_2_POS_LuongDung_XemSoGioTrongNam(F11_2_XemSoGioTrongNamTest.java:34)
at java.base/java.util.ArrayList.forEach(ArrayList.java:1596)
at com.test.RunAllTestNG.main(RunAllTestNG.java:28)
... Removed 22 stack frames]]>
    </failure>
  </testcase> <!-- F11_2_POS_LuongDung_XemSoGioTrongNam -->
  <testcase classname="com.test.chucnang.quanlithongke.F11_2_XemSoGioTrongNamTest" name="F11_2_NEG_ChuaDangNhapBiChan" time="5.004"/>
  <testcase classname="com.test.chucnang.quanlithongke.F11_2_XemSoGioTrongNamTest" name="F11_2_DATA_KiemTraSoGioTrongNam" time="0.004">
    <failure type="org.openqa.selenium.NoSuchSessionException" message="invalid session id
Build info: version: &amp;apos;4.44.0&amp;apos;, revision: &amp;apos;da2039b&amp;apos;
System info: os.name: &amp;apos;Windows 11&amp;apos;, os.arch: &amp;apos;amd64&amp;apos;, os.version: &amp;apos;10.0&amp;apos;, java.version: &amp;apos;21.0.11&amp;apos;
Driver info: org.openqa.selenium.chrome.ChromeDriver
Command: [3218b20db0e520d4df382d07d141e8db, get {url=https://cntttest.vanlanguni.edu.vn:18081/Phancong02/Timetable/Assign}]
Capabilities {acceptInsecureCerts: true, browserName: chrome, browserVersion: 150.0.7871.184, chrome: {chromedriverVersion: 150.0.7871.124 (9261fd0a595..., userDataDir: C:\selenium-profile\phancon...}, fedcm:accounts: true, goog:chromeOptions: {debuggerAddress: localhost:63229}, goog:processID: 8812, networkConnectionEnabled: false, pageLoadStrategy: eager, platformName: windows, proxy: Proxy(), se:cdp: ws://localhost:63229/devtoo..., se:cdpVersion: 150.0.7871.184, setWindowRect: true, strictFileInteractability: false, timeouts: {implicit: 0, pageLoad: 300000, script: 30000}, unhandledPromptBehavior: dismiss and notify, webauthn:extension:credBlob: true, webauthn:extension:largeBlob: true, webauthn:extension:minPinLength: true, webauthn:extension:prf: true, webauthn:virtualAuthenticators: true}
Session ID: 3218b20db0e520d4df382d07d141e8db">
      <![CDATA[org.openqa.selenium.NoSuchSessionException: invalid session id
Build info: version: '4.44.0', revision: 'da2039b'
System info: os.name: 'Windows 11', os.arch: 'amd64', os.version: '10.0', java.version: '21.0.11'
Driver info: org.openqa.selenium.chrome.ChromeDriver
Command: [3218b20db0e520d4df382d07d141e8db, get {url=https://cntttest.vanlanguni.edu.vn:18081/Phancong02/Timetable/Assign}]
Capabilities {acceptInsecureCerts: true, browserName: chrome, browserVersion: 150.0.7871.184, chrome: {chromedriverVersion: 150.0.7871.124 (9261fd0a595..., userDataDir: C:\selenium-profile\phancon...}, fedcm:accounts: true, goog:chromeOptions: {debuggerAddress: localhost:63229}, goog:processID: 8812, networkConnectionEnabled: false, pageLoadStrategy: eager, platformName: windows, proxy: Proxy(), se:cdp: ws://localhost:63229/devtoo..., se:cdpVersion: 150.0.7871.184, setWindowRect: true, strictFileInteractability: false, timeouts: {implicit: 0, pageLoad: 300000, script: 30000}, unhandledPromptBehavior: dismiss and notify, webauthn:extension:credBlob: true, webauthn:extension:largeBlob: true, webauthn:extension:minPinLength: true, webauthn:extension:prf: true, webauthn:virtualAuthenticators: true}
Session ID: 3218b20db0e520d4df382d07d141e8db
at org.openqa.selenium.remote.ErrorCodec.decode(ErrorCodec.java:169)
at org.openqa.selenium.remote.codec.w3c.W3CHttpResponseCodec.decode(W3CHttpResponseCodec.java:143)
at org.openqa.selenium.remote.codec.w3c.W3CHttpResponseCodec.decode(W3CHttpResponseCodec.java:50)
at org.openqa.selenium.remote.HttpCommandExecutor.execute(HttpCommandExecutor.java:224)
at org.openqa.selenium.remote.service.DriverCommandExecutor.invokeExecute(DriverCommandExecutor.java:217)
at org.openqa.selenium.remote.service.DriverCommandExecutor.execute(DriverCommandExecutor.java:175)
at org.openqa.selenium.remote.RemoteWebDriver.execute(RemoteWebDriver.java:600)
at org.openqa.selenium.remote.RemoteWebDriver.get(RemoteWebDriver.java:366)
at com.test.BaseTest.navigateToAssignPage(BaseTest.java:207)
at com.test.BoMonCommonTest.openFeatureAndApplyFilterFlow(BoMonCommonTest.java:1747)
at com.test.BoMonCommonTest.runDataFeatureFlow(BoMonCommonTest.java:1696)
at com.test.chucnang.quanlithongke.F11_2_XemSoGioTrongNamTest.F11_2_DATA_KiemTraSoGioTrongNam(F11_2_XemSoGioTrongNamTest.java:46)
at java.base/java.util.ArrayList.forEach(ArrayList.java:1596)
at com.test.RunAllTestNG.main(RunAllTestNG.java:28)
... Removed 22 stack frames]]>
    </failure>
  </testcase> <!-- F11_2_DATA_KiemTraSoGioTrongNam -->
  <testcase classname="com.test.chucnang.quanlithongke.F11_2_XemSoGioTrongNamTest" name="F11_2_UI_KiemTraGiaoDien" time="0.003">
    <failure type="org.openqa.selenium.NoSuchSessionException" message="invalid session id
Build info: version: &amp;apos;4.44.0&amp;apos;, revision: &amp;apos;da2039b&amp;apos;
System info: os.name: &amp;apos;Windows 11&amp;apos;, os.arch: &amp;apos;amd64&amp;apos;, os.version: &amp;apos;10.0&amp;apos;, java.version: &amp;apos;21.0.11&amp;apos;
Driver info: org.openqa.selenium.chrome.ChromeDriver
Command: [3218b20db0e520d4df382d07d141e8db, get {url=https://cntttest.vanlanguni.edu.vn:18081/Phancong02/Timetable/Assign}]
Capabilities {acceptInsecureCerts: true, browserName: chrome, browserVersion: 150.0.7871.184, chrome: {chromedriverVersion: 150.0.7871.124 (9261fd0a595..., userDataDir: C:\selenium-profile\phancon...}, fedcm:accounts: true, goog:chromeOptions: {debuggerAddress: localhost:63229}, goog:processID: 8812, networkConnectionEnabled: false, pageLoadStrategy: eager, platformName: windows, proxy: Proxy(), se:cdp: ws://localhost:63229/devtoo..., se:cdpVersion: 150.0.7871.184, setWindowRect: true, strictFileInteractability: false, timeouts: {implicit: 0, pageLoad: 300000, script: 30000}, unhandledPromptBehavior: dismiss and notify, webauthn:extension:credBlob: true, webauthn:extension:largeBlob: true, webauthn:extension:minPinLength: true, webauthn:extension:prf: true, webauthn:virtualAuthenticators: true}
Session ID: 3218b20db0e520d4df382d07d141e8db">
      <![CDATA[org.openqa.selenium.NoSuchSessionException: invalid session id
Build info: version: '4.44.0', revision: 'da2039b'
System info: os.name: 'Windows 11', os.arch: 'amd64', os.version: '10.0', java.version: '21.0.11'
Driver info: org.openqa.selenium.chrome.ChromeDriver
Command: [3218b20db0e520d4df382d07d141e8db, get {url=https://cntttest.vanlanguni.edu.vn:18081/Phancong02/Timetable/Assign}]
Capabilities {acceptInsecureCerts: true, browserName: chrome, browserVersion: 150.0.7871.184, chrome: {chromedriverVersion: 150.0.7871.124 (9261fd0a595..., userDataDir: C:\selenium-profile\phancon...}, fedcm:accounts: true, goog:chromeOptions: {debuggerAddress: localhost:63229}, goog:processID: 8812, networkConnectionEnabled: false, pageLoadStrategy: eager, platformName: windows, proxy: Proxy(), se:cdp: ws://localhost:63229/devtoo..., se:cdpVersion: 150.0.7871.184, setWindowRect: true, strictFileInteractability: false, timeouts: {implicit: 0, pageLoad: 300000, script: 30000}, unhandledPromptBehavior: dismiss and notify, webauthn:extension:credBlob: true, webauthn:extension:largeBlob: true, webauthn:extension:minPinLength: true, webauthn:extension:prf: true, webauthn:virtualAuthenticators: true}
Session ID: 3218b20db0e520d4df382d07d141e8db
at org.openqa.selenium.remote.ErrorCodec.decode(ErrorCodec.java:169)
at org.openqa.selenium.remote.codec.w3c.W3CHttpResponseCodec.decode(W3CHttpResponseCodec.java:143)
at org.openqa.selenium.remote.codec.w3c.W3CHttpResponseCodec.decode(W3CHttpResponseCodec.java:50)
at org.openqa.selenium.remote.HttpCommandExecutor.execute(HttpCommandExecutor.java:224)
at org.openqa.selenium.remote.service.DriverCommandExecutor.invokeExecute(DriverCommandExecutor.java:217)
at org.openqa.selenium.remote.service.DriverCommandExecutor.execute(DriverCommandExecutor.java:175)
at org.openqa.selenium.remote.RemoteWebDriver.execute(RemoteWebDriver.java:600)
at org.openqa.selenium.remote.RemoteWebDriver.get(RemoteWebDriver.java:366)
at com.test.BaseTest.navigateToAssignPage(BaseTest.java:207)
at com.test.BoMonCommonTest.openFeatureAndApplyFilterFlow(BoMonCommonTest.java:1747)
at com.test.BoMonCommonTest.runUiFeatureFlow(BoMonCommonTest.java:1730)
at com.test.chucnang.quanlithongke.F11_2_XemSoGioTrongNamTest.F11_2_UI_KiemTraGiaoDien(F11_2_XemSoGioTrongNamTest.java:52)
at java.base/java.util.ArrayList.forEach(ArrayList.java:1596)
at com.test.RunAllTestNG.main(RunAllTestNG.java:28)
... Removed 22 stack frames]]>
    </failure>
  </testcase> <!-- F11_2_UI_KiemTraGiaoDien -->
  <testcase classname="com.test.chucnang.quanlithongke.F11_3_XemSoMonHocTrongHocKyTest" name="F11_3_POS_LuongDung_XemSoMonHocTrongHocKy" time="0.006">
    <failure type="org.openqa.selenium.NoSuchSessionException" message="invalid session id
Build info: version: &amp;apos;4.44.0&amp;apos;, revision: &amp;apos;da2039b&amp;apos;
System info: os.name: &amp;apos;Windows 11&amp;apos;, os.arch: &amp;apos;amd64&amp;apos;, os.version: &amp;apos;10.0&amp;apos;, java.version: &amp;apos;21.0.11&amp;apos;
Driver info: org.openqa.selenium.chrome.ChromeDriver
Command: [3218b20db0e520d4df382d07d141e8db, get {url=https://cntttest.vanlanguni.edu.vn:18081/Phancong02/Timetable/Assign}]
Capabilities {acceptInsecureCerts: true, browserName: chrome, browserVersion: 150.0.7871.184, chrome: {chromedriverVersion: 150.0.7871.124 (9261fd0a595..., userDataDir: C:\selenium-profile\phancon...}, fedcm:accounts: true, goog:chromeOptions: {debuggerAddress: localhost:63229}, goog:processID: 8812, networkConnectionEnabled: false, pageLoadStrategy: eager, platformName: windows, proxy: Proxy(), se:cdp: ws://localhost:63229/devtoo..., se:cdpVersion: 150.0.7871.184, setWindowRect: true, strictFileInteractability: false, timeouts: {implicit: 0, pageLoad: 300000, script: 30000}, unhandledPromptBehavior: dismiss and notify, webauthn:extension:credBlob: true, webauthn:extension:largeBlob: true, webauthn:extension:minPinLength: true, webauthn:extension:prf: true, webauthn:virtualAuthenticators: true}
Session ID: 3218b20db0e520d4df382d07d141e8db">
      <![CDATA[org.openqa.selenium.NoSuchSessionException: invalid session id
Build info: version: '4.44.0', revision: 'da2039b'
System info: os.name: 'Windows 11', os.arch: 'amd64', os.version: '10.0', java.version: '21.0.11'
Driver info: org.openqa.selenium.chrome.ChromeDriver
Command: [3218b20db0e520d4df382d07d141e8db, get {url=https://cntttest.vanlanguni.edu.vn:18081/Phancong02/Timetable/Assign}]
Capabilities {acceptInsecureCerts: true, browserName: chrome, browserVersion: 150.0.7871.184, chrome: {chromedriverVersion: 150.0.7871.124 (9261fd0a595..., userDataDir: C:\selenium-profile\phancon...}, fedcm:accounts: true, goog:chromeOptions: {debuggerAddress: localhost:63229}, goog:processID: 8812, networkConnectionEnabled: false, pageLoadStrategy: eager, platformName: windows, proxy: Proxy(), se:cdp: ws://localhost:63229/devtoo..., se:cdpVersion: 150.0.7871.184, setWindowRect: true, strictFileInteractability: false, timeouts: {implicit: 0, pageLoad: 300000, script: 30000}, unhandledPromptBehavior: dismiss and notify, webauthn:extension:credBlob: true, webauthn:extension:largeBlob: true, webauthn:extension:minPinLength: true, webauthn:extension:prf: true, webauthn:virtualAuthenticators: true}
Session ID: 3218b20db0e520d4df382d07d141e8db
at org.openqa.selenium.remote.ErrorCodec.decode(ErrorCodec.java:169)
at org.openqa.selenium.remote.codec.w3c.W3CHttpResponseCodec.decode(W3CHttpResponseCodec.java:143)
at org.openqa.selenium.remote.codec.w3c.W3CHttpResponseCodec.decode(W3CHttpResponseCodec.java:50)
at org.openqa.selenium.remote.HttpCommandExecutor.execute(HttpCommandExecutor.java:224)
at org.openqa.selenium.remote.service.DriverCommandExecutor.invokeExecute(DriverCommandExecutor.java:217)
at org.openqa.selenium.remote.service.DriverCommandExecutor.execute(DriverCommandExecutor.java:175)
at org.openqa.selenium.remote.RemoteWebDriver.execute(RemoteWebDriver.java:600)
at org.openqa.selenium.remote.RemoteWebDriver.get(RemoteWebDriver.java:366)
at com.test.BaseTest.navigateToAssignPage(BaseTest.java:207)
at com.test.BoMonCommonTest.openFeatureAndApplyFilterFlow(BoMonCommonTest.java:1747)
at com.test.BoMonCommonTest.runPositiveFeatureFlow(BoMonCommonTest.java:1617)
at com.test.chucnang.quanlithongke.F11_3_XemSoMonHocTrongHocKyTest.F11_3_POS_LuongDung_XemSoMonHocTrongHocKy(F11_3_XemSoMonHocTrongHocKyTest.java:36)
at java.base/java.util.ArrayList.forEach(ArrayList.java:1596)
at com.test.RunAllTestNG.main(RunAllTestNG.java:28)
... Removed 22 stack frames]]>
    </failure>
  </testcase> <!-- F11_3_POS_LuongDung_XemSoMonHocTrongHocKy -->
  <testcase classname="com.test.chucnang.quanlithongke.F11_3_XemSoMonHocTrongHocKyTest" name="F11_3_NEG_ChuaDangNhapBiChan" time="5.027"/>
  <testcase classname="com.test.chucnang.quanlithongke.F11_3_XemSoMonHocTrongHocKyTest" name="F11_3_DATA_KiemTraSoMonHocTrongHocKy" time="0.003">
    <failure type="org.openqa.selenium.NoSuchSessionException" message="invalid session id
Build info: version: &amp;apos;4.44.0&amp;apos;, revision: &amp;apos;da2039b&amp;apos;
System info: os.name: &amp;apos;Windows 11&amp;apos;, os.arch: &amp;apos;amd64&amp;apos;, os.version: &amp;apos;10.0&amp;apos;, java.version: &amp;apos;21.0.11&amp;apos;
Driver info: org.openqa.selenium.chrome.ChromeDriver
Command: [3218b20db0e520d4df382d07d141e8db, get {url=https://cntttest.vanlanguni.edu.vn:18081/Phancong02/Timetable/Assign}]
Capabilities {acceptInsecureCerts: true, browserName: chrome, browserVersion: 150.0.7871.184, chrome: {chromedriverVersion: 150.0.7871.124 (9261fd0a595..., userDataDir: C:\selenium-profile\phancon...}, fedcm:accounts: true, goog:chromeOptions: {debuggerAddress: localhost:63229}, goog:processID: 8812, networkConnectionEnabled: false, pageLoadStrategy: eager, platformName: windows, proxy: Proxy(), se:cdp: ws://localhost:63229/devtoo..., se:cdpVersion: 150.0.7871.184, setWindowRect: true, strictFileInteractability: false, timeouts: {implicit: 0, pageLoad: 300000, script: 30000}, unhandledPromptBehavior: dismiss and notify, webauthn:extension:credBlob: true, webauthn:extension:largeBlob: true, webauthn:extension:minPinLength: true, webauthn:extension:prf: true, webauthn:virtualAuthenticators: true}
Session ID: 3218b20db0e520d4df382d07d141e8db">
      <![CDATA[org.openqa.selenium.NoSuchSessionException: invalid session id
Build info: version: '4.44.0', revision: 'da2039b'
System info: os.name: 'Windows 11', os.arch: 'amd64', os.version: '10.0', java.version: '21.0.11'
Driver info: org.openqa.selenium.chrome.ChromeDriver
Command: [3218b20db0e520d4df382d07d141e8db, get {url=https://cntttest.vanlanguni.edu.vn:18081/Phancong02/Timetable/Assign}]
Capabilities {acceptInsecureCerts: true, browserName: chrome, browserVersion: 150.0.7871.184, chrome: {chromedriverVersion: 150.0.7871.124 (9261fd0a595..., userDataDir: C:\selenium-profile\phancon...}, fedcm:accounts: true, goog:chromeOptions: {debuggerAddress: localhost:63229}, goog:processID: 8812, networkConnectionEnabled: false, pageLoadStrategy: eager, platformName: windows, proxy: Proxy(), se:cdp: ws://localhost:63229/devtoo..., se:cdpVersion: 150.0.7871.184, setWindowRect: true, strictFileInteractability: false, timeouts: {implicit: 0, pageLoad: 300000, script: 30000}, unhandledPromptBehavior: dismiss and notify, webauthn:extension:credBlob: true, webauthn:extension:largeBlob: true, webauthn:extension:minPinLength: true, webauthn:extension:prf: true, webauthn:virtualAuthenticators: true}
Session ID: 3218b20db0e520d4df382d07d141e8db
at org.openqa.selenium.remote.ErrorCodec.decode(ErrorCodec.java:169)
at org.openqa.selenium.remote.codec.w3c.W3CHttpResponseCodec.decode(W3CHttpResponseCodec.java:143)
at org.openqa.selenium.remote.codec.w3c.W3CHttpResponseCodec.decode(W3CHttpResponseCodec.java:50)
at org.openqa.selenium.remote.HttpCommandExecutor.execute(HttpCommandExecutor.java:224)
at org.openqa.selenium.remote.service.DriverCommandExecutor.invokeExecute(DriverCommandExecutor.java:217)
at org.openqa.selenium.remote.service.DriverCommandExecutor.execute(DriverCommandExecutor.java:175)
at org.openqa.selenium.remote.RemoteWebDriver.execute(RemoteWebDriver.java:600)
at org.openqa.selenium.remote.RemoteWebDriver.get(RemoteWebDriver.java:366)
at com.test.BaseTest.navigateToAssignPage(BaseTest.java:207)
at com.test.BoMonCommonTest.openFeatureAndApplyFilterFlow(BoMonCommonTest.java:1747)
at com.test.BoMonCommonTest.runDataFeatureFlow(BoMonCommonTest.java:1696)
at com.test.chucnang.quanlithongke.F11_3_XemSoMonHocTrongHocKyTest.F11_3_DATA_KiemTraSoMonHocTrongHocKy(F11_3_XemSoMonHocTrongHocKyTest.java:48)
at java.base/java.util.ArrayList.forEach(ArrayList.java:1596)
at com.test.RunAllTestNG.main(RunAllTestNG.java:28)
... Removed 22 stack frames]]>
    </failure>
  </testcase> <!-- F11_3_DATA_KiemTraSoMonHocTrongHocKy -->
  <testcase classname="com.test.chucnang.quanlithongke.F11_3_XemSoMonHocTrongHocKyTest" name="F11_3_UI_KiemTraGiaoDien" time="0.002">
    <failure type="org.openqa.selenium.NoSuchSessionException" message="invalid session id
Build info: version: &amp;apos;4.44.0&amp;apos;, revision: &amp;apos;da2039b&amp;apos;
System info: os.name: &amp;apos;Windows 11&amp;apos;, os.arch: &amp;apos;amd64&amp;apos;, os.version: &amp;apos;10.0&amp;apos;, java.version: &amp;apos;21.0.11&amp;apos;
Driver info: org.openqa.selenium.chrome.ChromeDriver
Command: [3218b20db0e520d4df382d07d141e8db, get {url=https://cntttest.vanlanguni.edu.vn:18081/Phancong02/Timetable/Assign}]
Capabilities {acceptInsecureCerts: true, browserName: chrome, browserVersion: 150.0.7871.184, chrome: {chromedriverVersion: 150.0.7871.124 (9261fd0a595..., userDataDir: C:\selenium-profile\phancon...}, fedcm:accounts: true, goog:chromeOptions: {debuggerAddress: localhost:63229}, goog:processID: 8812, networkConnectionEnabled: false, pageLoadStrategy: eager, platformName: windows, proxy: Proxy(), se:cdp: ws://localhost:63229/devtoo..., se:cdpVersion: 150.0.7871.184, setWindowRect: true, strictFileInteractability: false, timeouts: {implicit: 0, pageLoad: 300000, script: 30000}, unhandledPromptBehavior: dismiss and notify, webauthn:extension:credBlob: true, webauthn:extension:largeBlob: true, webauthn:extension:minPinLength: true, webauthn:extension:prf: true, webauthn:virtualAuthenticators: true}
Session ID: 3218b20db0e520d4df382d07d141e8db">
      <![CDATA[org.openqa.selenium.NoSuchSessionException: invalid session id
Build info: version: '4.44.0', revision: 'da2039b'
System info: os.name: 'Windows 11', os.arch: 'amd64', os.version: '10.0', java.version: '21.0.11'
Driver info: org.openqa.selenium.chrome.ChromeDriver
Command: [3218b20db0e520d4df382d07d141e8db, get {url=https://cntttest.vanlanguni.edu.vn:18081/Phancong02/Timetable/Assign}]
Capabilities {acceptInsecureCerts: true, browserName: chrome, browserVersion: 150.0.7871.184, chrome: {chromedriverVersion: 150.0.7871.124 (9261fd0a595..., userDataDir: C:\selenium-profile\phancon...}, fedcm:accounts: true, goog:chromeOptions: {debuggerAddress: localhost:63229}, goog:processID: 8812, networkConnectionEnabled: false, pageLoadStrategy: eager, platformName: windows, proxy: Proxy(), se:cdp: ws://localhost:63229/devtoo..., se:cdpVersion: 150.0.7871.184, setWindowRect: true, strictFileInteractability: false, timeouts: {implicit: 0, pageLoad: 300000, script: 30000}, unhandledPromptBehavior: dismiss and notify, webauthn:extension:credBlob: true, webauthn:extension:largeBlob: true, webauthn:extension:minPinLength: true, webauthn:extension:prf: true, webauthn:virtualAuthenticators: true}
Session ID: 3218b20db0e520d4df382d07d141e8db
at org.openqa.selenium.remote.ErrorCodec.decode(ErrorCodec.java:169)
at org.openqa.selenium.remote.codec.w3c.W3CHttpResponseCodec.decode(W3CHttpResponseCodec.java:143)
at org.openqa.selenium.remote.codec.w3c.W3CHttpResponseCodec.decode(W3CHttpResponseCodec.java:50)
at org.openqa.selenium.remote.HttpCommandExecutor.execute(HttpCommandExecutor.java:224)
at org.openqa.selenium.remote.service.DriverCommandExecutor.invokeExecute(DriverCommandExecutor.java:217)
at org.openqa.selenium.remote.service.DriverCommandExecutor.execute(DriverCommandExecutor.java:175)
at org.openqa.selenium.remote.RemoteWebDriver.execute(RemoteWebDriver.java:600)
at org.openqa.selenium.remote.RemoteWebDriver.get(RemoteWebDriver.java:366)
at com.test.BaseTest.navigateToAssignPage(BaseTest.java:207)
at com.test.BoMonCommonTest.openFeatureAndApplyFilterFlow(BoMonCommonTest.java:1747)
at com.test.BoMonCommonTest.runUiFeatureFlow(BoMonCommonTest.java:1730)
at com.test.chucnang.quanlithongke.F11_3_XemSoMonHocTrongHocKyTest.F11_3_UI_KiemTraGiaoDien(F11_3_XemSoMonHocTrongHocKyTest.java:54)
at java.base/java.util.ArrayList.forEach(ArrayList.java:1596)
at com.test.RunAllTestNG.main(RunAllTestNG.java:28)
... Removed 22 stack frames]]>
    </failure>
  </testcase> <!-- F11_3_UI_KiemTraGiaoDien -->
  <testcase classname="com.test.chucnang.quanlithongke.F11_4_XemSoMonHocTrongNamTest" name="F11_4_POS_LuongDung_XemSoMonHocTrongNam" time="0.001">
    <failure type="org.openqa.selenium.NoSuchSessionException" message="invalid session id
Build info: version: &amp;apos;4.44.0&amp;apos;, revision: &amp;apos;da2039b&amp;apos;
System info: os.name: &amp;apos;Windows 11&amp;apos;, os.arch: &amp;apos;amd64&amp;apos;, os.version: &amp;apos;10.0&amp;apos;, java.version: &amp;apos;21.0.11&amp;apos;
Driver info: org.openqa.selenium.chrome.ChromeDriver
Command: [3218b20db0e520d4df382d07d141e8db, get {url=https://cntttest.vanlanguni.edu.vn:18081/Phancong02/Timetable/Assign}]
Capabilities {acceptInsecureCerts: true, browserName: chrome, browserVersion: 150.0.7871.184, chrome: {chromedriverVersion: 150.0.7871.124 (9261fd0a595..., userDataDir: C:\selenium-profile\phancon...}, fedcm:accounts: true, goog:chromeOptions: {debuggerAddress: localhost:63229}, goog:processID: 8812, networkConnectionEnabled: false, pageLoadStrategy: eager, platformName: windows, proxy: Proxy(), se:cdp: ws://localhost:63229/devtoo..., se:cdpVersion: 150.0.7871.184, setWindowRect: true, strictFileInteractability: false, timeouts: {implicit: 0, pageLoad: 300000, script: 30000}, unhandledPromptBehavior: dismiss and notify, webauthn:extension:credBlob: true, webauthn:extension:largeBlob: true, webauthn:extension:minPinLength: true, webauthn:extension:prf: true, webauthn:virtualAuthenticators: true}
Session ID: 3218b20db0e520d4df382d07d141e8db">
      <![CDATA[org.openqa.selenium.NoSuchSessionException: invalid session id
Build info: version: '4.44.0', revision: 'da2039b'
System info: os.name: 'Windows 11', os.arch: 'amd64', os.version: '10.0', java.version: '21.0.11'
Driver info: org.openqa.selenium.chrome.ChromeDriver
Command: [3218b20db0e520d4df382d07d141e8db, get {url=https://cntttest.vanlanguni.edu.vn:18081/Phancong02/Timetable/Assign}]
Capabilities {acceptInsecureCerts: true, browserName: chrome, browserVersion: 150.0.7871.184, chrome: {chromedriverVersion: 150.0.7871.124 (9261fd0a595..., userDataDir: C:\selenium-profile\phancon...}, fedcm:accounts: true, goog:chromeOptions: {debuggerAddress: localhost:63229}, goog:processID: 8812, networkConnectionEnabled: false, pageLoadStrategy: eager, platformName: windows, proxy: Proxy(), se:cdp: ws://localhost:63229/devtoo..., se:cdpVersion: 150.0.7871.184, setWindowRect: true, strictFileInteractability: false, timeouts: {implicit: 0, pageLoad: 300000, script: 30000}, unhandledPromptBehavior: dismiss and notify, webauthn:extension:credBlob: true, webauthn:extension:largeBlob: true, webauthn:extension:minPinLength: true, webauthn:extension:prf: true, webauthn:virtualAuthenticators: true}
Session ID: 3218b20db0e520d4df382d07d141e8db
at org.openqa.selenium.remote.ErrorCodec.decode(ErrorCodec.java:169)
at org.openqa.selenium.remote.codec.w3c.W3CHttpResponseCodec.decode(W3CHttpResponseCodec.java:143)
at org.openqa.selenium.remote.codec.w3c.W3CHttpResponseCodec.decode(W3CHttpResponseCodec.java:50)
at org.openqa.selenium.remote.HttpCommandExecutor.execute(HttpCommandExecutor.java:224)
at org.openqa.selenium.remote.service.DriverCommandExecutor.invokeExecute(DriverCommandExecutor.java:217)
at org.openqa.selenium.remote.service.DriverCommandExecutor.execute(DriverCommandExecutor.java:175)
at org.openqa.selenium.remote.RemoteWebDriver.execute(RemoteWebDriver.java:600)
at org.openqa.selenium.remote.RemoteWebDriver.get(RemoteWebDriver.java:366)
at com.test.BaseTest.navigateToAssignPage(BaseTest.java:207)
at com.test.BoMonCommonTest.openFeatureAndApplyFilterFlow(BoMonCommonTest.java:1747)
at com.test.BoMonCommonTest.runPositiveFeatureFlow(BoMonCommonTest.java:1617)
at com.test.chucnang.quanlithongke.F11_4_XemSoMonHocTrongNamTest.F11_4_POS_LuongDung_XemSoMonHocTrongNam(F11_4_XemSoMonHocTrongNamTest.java:34)
at java.base/java.util.ArrayList.forEach(ArrayList.java:1596)
at com.test.RunAllTestNG.main(RunAllTestNG.java:28)
... Removed 22 stack frames]]>
    </failure>
  </testcase> <!-- F11_4_POS_LuongDung_XemSoMonHocTrongNam -->
  <testcase classname="com.test.chucnang.quanlithongke.F11_4_XemSoMonHocTrongNamTest" name="F11_4_NEG_ChuaDangNhapBiChan" time="7.963"/>
  <testcase classname="com.test.chucnang.quanlithongke.F11_4_XemSoMonHocTrongNamTest" name="F11_4_DATA_KiemTraSoMonHocTrongNam" time="0.004">
    <failure type="org.openqa.selenium.NoSuchSessionException" message="invalid session id
Build info: version: &amp;apos;4.44.0&amp;apos;, revision: &amp;apos;da2039b&amp;apos;
[...]
at org.openqa.selenium.remote.service.DriverCommandExecutor.invokeExecute(DriverCommandExecutor.java:217)
at org.openqa.selenium.remote.service.DriverCommandExecutor.execute(DriverCommandExecutor.java:175)
at org.openqa.selenium.remote.RemoteWebDriver.execute(RemoteWebDriver.java:600)
at org.openqa.selenium.remote.RemoteWebDriver.get(RemoteWebDriver.java:366)
at com.test.BaseTest.navigateToAssignPage(BaseTest.java:207)
at com.test.BoMonCommonTest.openFeatureAndApplyFilterFlow(BoMonCommonTest.java:1747)
at com.test.BoMonCommonTest.runUiFeatureFlow(BoMonCommonTest.java:1730)
at com.test.chucnang.quanlithulao.F12_1_XemDanhSachThuLaoGiangVienTest.F12_1_UI_KiemTraGiaoDienThuLaoGiangVien(F12_1_XemDanhSachThuLaoGiangVienTest.java:43)
at java.base/java.util.ArrayList.forEach(ArrayList.java:1596)
at com.test.RunAllTestNG.main(RunAllTestNG.java:28)
... Removed 22 stack frames]]>
    </failure>
  </testcase> <!-- F12_1_UI_KiemTraGiaoDienThuLaoGiangVien -->
  <testcase classname="com.test.chucnang.quanlihosonguoidung.F13_1_CapNhatHoSoNguoiDungTest" name="F13_1_POS_CapNhatHoSoNguoiDungThanhCong" time="0.002">
    <failure type="org.openqa.selenium.NoSuchSessionException" message="invalid session id
Build info: version: &amp;apos;4.44.0&amp;apos;, revision: &amp;apos;da2039b&amp;apos;
System info: os.name: &amp;apos;Windows 11&amp;apos;, os.arch: &amp;apos;amd64&amp;apos;, os.version: &amp;apos;10.0&amp;apos;, java.version: &amp;apos;21.0.11&amp;apos;
Driver info: org.openqa.selenium.chrome.ChromeDriver
Command: [3218b20db0e520d4df382d07d141e8db, get {url=https://cntttest.vanlanguni.edu.vn:18081/Phancong02/Timetable/Assign}]
Capabilities {acceptInsecureCerts: true, browserName: chrome, browserVersion: 150.0.7871.184, chrome: {chromedriverVersion: 150.0.7871.124 (9261fd0a595..., userDataDir: C:\selenium-profile\phancon...}, fedcm:accounts: true, goog:chromeOptions: {debuggerAddress: localhost:63229}, goog:processID: 8812, networkConnectionEnabled: false, pageLoadStrategy: eager, platformName: windows, proxy: Proxy(), se:cdp: ws://localhost:63229/devtoo..., se:cdpVersion: 150.0.7871.184, setWindowRect: true, strictFileInteractability: false, timeouts: {implicit: 0, pageLoad: 300000, script: 30000}, unhandledPromptBehavior: dismiss and notify, webauthn:extension:credBlob: true, webauthn:extension:largeBlob: true, webauthn:extension:minPinLength: true, webauthn:extension:prf: true, webauthn:virtualAuthenticators: true}
Session ID: 3218b20db0e520d4df382d07d141e8db">
      <![CDATA[org.openqa.selenium.NoSuchSessionException: invalid session id
Build info: version: '4.44.0', revision: 'da2039b'
System info: os.name: 'Windows 11', os.arch: 'amd64', os.version: '10.0', java.version: '21.0.11'
Driver info: org.openqa.selenium.chrome.ChromeDriver
Command: [3218b20db0e520d4df382d07d141e8db, get {url=https://cntttest.vanlanguni.edu.vn:18081/Phancong02/Timetable/Assign}]
Capabilities {acceptInsecureCerts: true, browserName: chrome, browserVersion: 150.0.7871.184, chrome: {chromedriverVersion: 150.0.7871.124 (9261fd0a595..., userDataDir: C:\selenium-profile\phancon...}, fedcm:accounts: true, goog:chromeOptions: {debuggerAddress: localhost:63229}, goog:processID: 8812, networkConnectionEnabled: false, pageLoadStrategy: eager, platformName: windows, proxy: Proxy(), se:cdp: ws://localhost:63229/devtoo..., se:cdpVersion: 150.0.7871.184, setWindowRect: true, strictFileInteractability: false, timeouts: {implicit: 0, pageLoad: 300000, script: 30000}, unhandledPromptBehavior: dismiss and notify, webauthn:extension:credBlob: true, webauthn:extension:largeBlob: true, webauthn:extension:minPinLength: true, webauthn:extension:prf: true, webauthn:virtualAuthenticators: true}
Session ID: 3218b20db0e520d4df382d07d141e8db
at org.openqa.selenium.remote.ErrorCodec.decode(ErrorCodec.java:169)
at org.openqa.selenium.remote.codec.w3c.W3CHttpResponseCodec.decode(W3CHttpResponseCodec.java:143)
at org.openqa.selenium.remote.codec.w3c.W3CHttpResponseCodec.decode(W3CHttpResponseCodec.java:50)
at org.openqa.selenium.remote.HttpCommandExecutor.execute(HttpCommandExecutor.java:224)
at org.openqa.selenium.remote.service.DriverCommandExecutor.invokeExecute(DriverCommandExecutor.java:217)
at org.openqa.selenium.remote.service.DriverCommandExecutor.execute(DriverCommandExecutor.java:175)
at org.openqa.selenium.remote.RemoteWebDriver.execute(RemoteWebDriver.java:600)
at org.openqa.selenium.remote.RemoteWebDriver.get(RemoteWebDriver.java:366)
at com.test.BaseTest.navigateToAssignPage(BaseTest.java:207)
at com.test.chucnang.quanlihosonguoidung.F13_1_CapNhatHoSoNguoiDungTest.openProfilePageByUserDropdown(F13_1_CapNhatHoSoNguoiDungTest.java:370)
at com.test.chucnang.quanlihosonguoidung.F13_1_CapNhatHoSoNguoiDungTest.F13_1_POS_CapNhatHoSoNguoiDungThanhCong(F13_1_CapNhatHoSoNguoiDungTest.java:51)
at java.base/java.util.ArrayList.forEach(ArrayList.java:1596)
at com.test.RunAllTestNG.main(RunAllTestNG.java:28)
... Removed 22 stack frames]]>
    </failure>
  </testcase> <!-- F13_1_POS_CapNhatHoSoNguoiDungThanhCong -->
  <testcase classname="com.test.chucnang.quanlihosonguoidung.F13_1_CapNhatHoSoNguoiDungTest" name="F13_1_NEG_ChuaDangNhapBiChan" time="7.993"/>
  <testcase classname="com.test.chucnang.quanlihosonguoidung.F13_1_CapNhatHoSoNguoiDungTest" name="F13_1_DATA_KiemTraDuLieuHoSoNguoiDung" time="0.003">
    <failure type="org.openqa.selenium.NoSuchSessionException" message="invalid session id
Build info: version: &amp;apos;4.44.0&amp;apos;, revision: &amp;apos;da2039b&amp;apos;
System info: os.name: &amp;apos;Windows 11&amp;apos;, os.arch: &amp;apos;amd64&amp;apos;, os.version: &amp;apos;10.0&amp;apos;, java.version: &amp;apos;21.0.11&amp;apos;
Driver info: org.openqa.selenium.chrome.ChromeDriver
Command: [3218b20db0e520d4df382d07d141e8db, get {url=https://cntttest.vanlanguni.edu.vn:18081/Phancong02/Timetable/Assign}]
Capabilities {acceptInsecureCerts: true, browserName: chrome, browserVersion: 150.0.7871.184, chrome: {chromedriverVersion: 150.0.7871.124 (9261fd0a595..., userDataDir: C:\selenium-profile\phancon...}, fedcm:accounts: true, goog:chromeOptions: {debuggerAddress: localhost:63229}, goog:processID: 8812, networkConnectionEnabled: false, pageLoadStrategy: eager, platformName: windows, proxy: Proxy(), se:cdp: ws://localhost:63229/devtoo..., se:cdpVersion: 150.0.7871.184, setWindowRect: true, strictFileInteractability: false, timeouts: {implicit: 0, pageLoad: 300000, script: 30000}, unhandledPromptBehavior: dismiss and notify, webauthn:extension:credBlob: true, webauthn:extension:largeBlob: true, webauthn:extension:minPinLength: true, webauthn:extension:prf: true, webauthn:virtualAuthenticators: true}
Session ID: 3218b20db0e520d4df382d07d141e8db">
      <![CDATA[org.openqa.selenium.NoSuchSessionException: invalid session id
Build info: version: '4.44.0', revision: 'da2039b'
System info: os.name: 'Windows 11', os.arch: 'amd64', os.version: '10.0', java.version: '21.0.11'
Driver info: org.openqa.selenium.chrome.ChromeDriver
Command: [3218b20db0e520d4df382d07d141e8db, get {url=https://cntttest.vanlanguni.edu.vn:18081/Phancong02/Timetable/Assign}]
Capabilities {acceptInsecureCerts: true, browserName: chrome, browserVersion: 150.0.7871.184, chrome: {chromedriverVersion: 150.0.7871.124 (9261fd0a595..., userDataDir: C:\selenium-profile\phancon...}, fedcm:accounts: true, goog:chromeOptions: {debuggerAddress: localhost:63229}, goog:processID: 8812, networkConnectionEnabled: false, pageLoadStrategy: eager, platformName: windows, proxy: Proxy(), se:cdp: ws://localhost:63229/devtoo..., se:cdpVersion: 150.0.7871.184, setWindowRect: true, strictFileInteractability: false, timeouts: {implicit: 0, pageLoad: 300000, script: 30000}, unhandledPromptBehavior: dismiss and notify, webauthn:extension:credBlob: true, webauthn:extension:largeBlob: true, webauthn:extension:minPinLength: true, webauthn:extension:prf: true, webauthn:virtualAuthenticators: true}
Session ID: 3218b20db0e520d4df382d07d141e8db
at org.openqa.selenium.remote.ErrorCodec.decode(ErrorCodec.java:169)
at org.openqa.selenium.remote.codec.w3c.W3CHttpResponseCodec.decode(W3CHttpResponseCodec.java:143)
at org.openqa.selenium.remote.codec.w3c.W3CHttpResponseCodec.decode(W3CHttpResponseCodec.java:50)
at org.openqa.selenium.remote.HttpCommandExecutor.execute(HttpCommandExecutor.java:224)
at org.openqa.selenium.remote.service.DriverCommandExecutor.invokeExecute(DriverCommandExecutor.java:217)
at org.openqa.selenium.remote.service.DriverCommandExecutor.execute(DriverCommandExecutor.java:175)
at org.openqa.selenium.remote.RemoteWebDriver.execute(RemoteWebDriver.java:600)
at org.openqa.selenium.remote.RemoteWebDriver.get(RemoteWebDriver.java:366)
at com.test.BaseTest.navigateToAssignPage(BaseTest.java:207)
at com.test.chucnang.quanlihosonguoidung.F13_1_CapNhatHoSoNguoiDungTest.openProfilePageByUserDropdown(F13_1_CapNhatHoSoNguoiDungTest.java:370)
at com.test.chucnang.quanlihosonguoidung.F13_1_CapNhatHoSoNguoiDungTest.F13_1_DATA_KiemTraDuLieuHoSoNguoiDung(F13_1_CapNhatHoSoNguoiDungTest.java:184)
at java.base/java.util.ArrayList.forEach(ArrayList.java:1596)
at com.test.RunAllTestNG.main(RunAllTestNG.java:28)
... Removed 22 stack frames]]>
    </failure>
  </testcase> <!-- F13_1_DATA_KiemTraDuLieuHoSoNguoiDung -->
  <testcase classname="com.test.chucnang.quanlihosonguoidung.F13_1_CapNhatHoSoNguoiDungTest" name="F13_1_UI_KiemTraGiaoDienCapNhatHoSo" time="0.002">
    <failure type="org.openqa.selenium.NoSuchSessionException" message="invalid session id
Build info: version: &amp;apos;4.44.0&amp;apos;, revision: &amp;apos;da2039b&amp;apos;
System info: os.name: &amp;apos;Windows 11&amp;apos;, os.arch: &amp;apos;amd64&amp;apos;, os.version: &amp;apos;10.0&amp;apos;, java.version: &amp;apos;21.0.11&amp;apos;
Driver info: org.openqa.selenium.chrome.ChromeDriver
Command: [3218b20db0e520d4df382d07d141e8db, get {url=https://cntttest.vanlanguni.edu.vn:18081/Phancong02/Timetable/Assign}]
Capabilities {acceptInsecureCerts: true, browserName: chrome, browserVersion: 150.0.7871.184, chrome: {chromedriverVersion: 150.0.7871.124 (9261fd0a595..., userDataDir: C:\selenium-profile\phancon...}, fedcm:accounts: true, goog:chromeOptions: {debuggerAddress: localhost:63229}, goog:processID: 8812, networkConnectionEnabled: false, pageLoadStrategy: eager, platformName: windows, proxy: Proxy(), se:cdp: ws://localhost:63229/devtoo..., se:cdpVersion: 150.0.7871.184, setWindowRect: true, strictFileInteractability: false, timeouts: {implicit: 0, pageLoad: 300000, script: 30000}, unhandledPromptBehavior: dismiss and notify, webauthn:extension:credBlob: true, webauthn:extension:largeBlob: true, webauthn:extension:minPinLength: true, webauthn:extension:prf: true, webauthn:virtualAuthenticators: true}
Session ID: 3218b20db0e520d4df382d07d141e8db">
      <![CDATA[org.openqa.selenium.NoSuchSessionException: invalid session id
Build info: version: '4.44.0', revision: 'da2039b'
System info: os.name: 'Windows 11', os.arch: 'amd64', os.version: '10.0', java.version: '21.0.11'
Driver info: org.openqa.selenium.chrome.ChromeDriver
Command: [3218b20db0e520d4df382d07d141e8db, get {url=https://cntttest.vanlanguni.edu.vn:18081/Phancong02/Timetable/Assign}]
Capabilities {acceptInsecureCerts: true, browserName: chrome, browserVersion: 150.0.7871.184, chrome: {chromedriverVersion: 150.0.7871.124 (9261fd0a595..., userDataDir: C:\selenium-profile\phancon...}, fedcm:accounts: true, goog:chromeOptions: {debuggerAddress: localhost:63229}, goog:processID: 8812, networkConnectionEnabled: false, pageLoadStrategy: eager, platformName: windows, proxy: Proxy(), se:cdp: ws://localhost:63229/devtoo..., se:cdpVersion: 150.0.7871.184, setWindowRect: true, strictFileInteractability: false, timeouts: {implicit: 0, pageLoad: 300000, script: 30000}, unhandledPromptBehavior: dismiss and notify, webauthn:extension:credBlob: true, webauthn:extension:largeBlob: true, webauthn:extension:minPinLength: true, webauthn:extension:prf: true, webauthn:virtualAuthenticators: true}
Session ID: 3218b20db0e520d4df382d07d141e8db
at org.openqa.selenium.remote.ErrorCodec.decode(ErrorCodec.java:169)
at org.openqa.selenium.remote.codec.w3c.W3CHttpResponseCodec.decode(W3CHttpResponseCodec.java:143)
at org.openqa.selenium.remote.codec.w3c.W3CHttpResponseCodec.decode(W3CHttpResponseCodec.java:50)
at org.openqa.selenium.remote.HttpCommandExecutor.execute(HttpCommandExecutor.java:224)
at org.openqa.selenium.remote.service.DriverCommandExecutor.invokeExecute(DriverCommandExecutor.java:217)
at org.openqa.selenium.remote.service.DriverCommandExecutor.execute(DriverCommandExecutor.java:175)
at org.openqa.selenium.remote.RemoteWebDriver.execute(RemoteWebDriver.java:600)
at org.openqa.selenium.remote.RemoteWebDriver.get(RemoteWebDriver.java:366)
at com.test.BaseTest.navigateToAssignPage(BaseTest.java:207)
at com.test.chucnang.quanlihosonguoidung.F13_1_CapNhatHoSoNguoiDungTest.openProfilePageByUserDropdown(F13_1_CapNhatHoSoNguoiDungTest.java:370)
at com.test.chucnang.quanlihosonguoidung.F13_1_CapNhatHoSoNguoiDungTest.F13_1_UI_KiemTraGiaoDienCapNhatHoSo(F13_1_CapNhatHoSoNguoiDungTest.java:248)
at java.base/java.util.ArrayList.forEach(ArrayList.java:1596)
at com.test.RunAllTestNG.main(RunAllTestNG.java:28)
... Removed 22 stack frames]]>
    </failure>
  </testcase> <!-- F13_1_UI_KiemTraGiaoDienCapNhatHoSo -->
  <testcase classname="com.test.BaseTest" name="@AfterSuite tearDownSuite" time="0.0">
    <ignored/>
  </testcase> <!-- @AfterSuite tearDownSuite -->
  <testcase classname="com.test.BaseTest" name="@AfterSuite tearDownSuite" time="0.0">
    <ignored/>
  </testcase> <!-- @AfterSuite tearDownSuite -->
  <testcase classname="com.test.BaseTest" name="@AfterSuite tearDownSuite" time="0.0">
    <ignored/>
  </testcase> <!-- @AfterSuite tearDownSuite -->
  <testcase classname="com.test.BaseTest" name="@AfterSuite tearDownSuite" time="0.0">
    <ignored/>
  </testcase> <!-- @AfterSuite tearDownSuite -->
  <testcase classname="com.test.BaseTest" name="@BeforeSuite setUpSuite" time="0.0">
    <ignored/>
  </testcase> <!-- @BeforeSuite setUpSuite -->
  <testcase classname="com.test.BaseTest" name="@BeforeSuite setUpSuite" time="0.0">
    <ignored/>
  </testcase> <!-- @BeforeSuite setUpSuite -->
  <testcase classname="com.test.BaseTest" name="@AfterSuite tearDownSuite" time="0.0">
    <ignored/>
  </testcase> <!-- @AfterSuite tearDownSuite -->
  <testcase classname="com.test.BaseTest" name="@BeforeSuite setUpSuite" time="0.0">
    <ignored/>
  </testcase> <!-- @BeforeSuite setUpSuite -->
  <testcase classname="com.test.BaseTest" name="@BeforeSuite setUpSuite" time="0.0">
    <ignored/>
  </testcase> <!-- @BeforeSuite setUpSuite -->
  <testcase classname="com.test.BaseTest" name="@BeforeSuite setUpSuite" time="0.0">
    <ignored/>
  </testcase> <!-- @BeforeSuite setUpSuite -->
  <testcase classname="com.test.BaseTest" name="@AfterSuite tearDownSuite" time="0.0">
    <ignored/>
  </testcase> <!-- @AfterSuite tearDownSuite -->
  <testcase classname="com.test.chucnang.dangnhapdangxuat.F9_1_BoMonTest" name="F9_1_DATA_DangNhapBoMon" time="0.0">
    <ignored/>
  </testcase> <!-- F9_1_DATA_DangNhapBoMon -->
  <testcase classname="com.test.BaseTest" name="@BeforeSuite setUpSuite" time="0.0">
    <ignored/>
  </testcase> <!-- @BeforeSuite setUpSuite -->
  <testcase classname="com.test.BaseTest" name="@BeforeSuite setUpSuite" time="0.0">
    <ignored/>
  </testcase> <!-- @BeforeSuite setUpSuite -->
  <testcase classname="com.test.chucnang.dangnhapdangxuat.F9_1_BoMonTest" name="F9_1_NEG_ChuaDangNhapKhongVaoDuocTrangPhanCong" time="0.0">
    <ignored/>
  </testcase> <!-- F9_1_NEG_ChuaDangNhapKhongVaoDuocTrangPhanCong -->
  <testcase classname="com.test.BaseTest" name="@AfterSuite tearDownSuite" time="0.0">
    <ignored/>
  </testcase> <!-- @AfterSuite tearDownSuite -->
  <testcase classname="com.test.BaseTest" name="@BeforeSuite setUpSuite" time="0.0">
    <ignored/>
  </testcase> <!-- @BeforeSuite setUpSuite -->
  <testcase classname="com.test.BaseTest" name="@AfterSuite tearDownSuite" time="0.0">
    <ignored/>
  </testcase> <!-- @AfterSuite tearDownSuite -->
  <testcase classname="com.test.BaseTest" name="@BeforeSuite setUpSuite" time="0.0">
    <ignored/>
  </testcase> <!-- @BeforeSuite setUpSuite -->
  <testcase classname="com.test.BaseTest" name="@BeforeSuite setUpSuite" time="0.0">
    <ignored/>
  </testcase> <!-- @BeforeSuite setUpSuite -->
  <testcase classname="com.test.BaseTest" name="@BeforeSuite setUpSuite" time="0.0">
    <ignored/>
  </testcase> <!-- @BeforeSuite setUpSuite -->
  <testcase classname="com.test.BaseTest" name="@BeforeSuite setUpSuite" time="0.0">
    <ignored/>
  </testcase> <!-- @BeforeSuite setUpSuite -->
  <testcase classname="com.test.BaseTest" name="@AfterSuite tearDownSuite" time="0.0">
    <ignored/>
  </testcase> <!-- @AfterSuite tearDownSuite -->
  <testcase classname="com.test.BaseTest" name="@AfterSuite tearDownSuite" time="0.0">
    <ignored/>
  </testcase> <!-- @AfterSuite tearDownSuite -->
  <testcase classname="com.test.BaseTest" name="@AfterSuite tearDownSuite" time="0.0">
    <ignored/>
  </testcase> <!-- @AfterSuite tearDownSuite -->
  <testcase classname="com.test.BaseTest" name="@AfterSuite tearDownSuite" time="0.0">
    <ignored/>
  </testcase> <!-- @AfterSuite tearDownSuite -->
  <testcase classname="com.test.BaseTest" name="@AfterSuite tearDownSuite" time="0.0">
    <ignored/>
  </testcase> <!-- @AfterSuite tearDownSuite -->
  <testcase classname="com.test.BaseTest" name="@BeforeSuite setUpSuite" time="0.0">
    <ignored/>
  </testcase> <!-- @BeforeSuite setUpSuite -->
  <testcase classname="com.test.BaseTest" name="@BeforeSuite setUpSuite" time="0.0">
    <ignored/>
  </testcase> <!-- @BeforeSuite setUpSuite -->
  <testcase classname="com.test.BaseTest" name="@AfterSuite tearDownSuite" time="0.0">
    <ignored/>
  </testcase> <!-- @AfterSuite tearDownSuite -->
  <testcase classname="com.test.chucnang.dangnhapdangxuat.F9_1_BoMonTest" name="F9_1_POS_DangXuatBoMonThanhCong" time="0.0">
    <ignored/>
  </testcase> <!-- F9_1_POS_DangXuatBoMonThanhCong -->
  <testcase classname="com.test.BaseTest" name="@BeforeSuite setUpSuite" time="0.0">
    <ignored/>
  </testcase> <!-- @BeforeSuite setUpSuite -->
  <testcase classname="com.test.BaseTest" name="@AfterSuite tearDownSuite" time="0.0">
    <ignored/>
  </testcase> <!-- @AfterSuite tearDownSuite -->
  <testcase classname="com.test.BaseTest" name="@BeforeSuite setUpSuite" time="0.0">
    <ignored/>
  </testcase> <!-- @BeforeSuite setUpSuite -->
  <testcase classname="com.test.BaseTest" name="@AfterSuite tearDownSuite" time="0.0">
    <ignored/>
  </testcase> <!-- @AfterSuite tearDownSuite -->
  <testcase classname="com.test.BaseTest" name="@AfterSuite tearDownSuite" time="0.0">
    <ignored/>
  </testcase> <!-- @AfterSuite tearDownSuite -->
  <testcase classname="com.test.BaseTest" name="@BeforeSuite setUpSuite" time="0.0">
    <ignored/>
  </testcase> <!-- @BeforeSuite setUpSuite -->
  <testcase classname="com.test.BaseTest" name="@BeforeSuite setUpSuite" time="0.0">
    <ignored/>
  </testcase> <!-- @BeforeSuite setUpSuite -->
  <testcase classname="com.test.BaseTest" name="@BeforeSuite setUpSuite" time="0.0">
    <ignored/>
  </testcase> <!-- @BeforeSuite setUpSuite -->
  <testcase classname="com.test.BaseTest" name="@BeforeSuite setUpSuite" time="0.0">
    <ignored/>
  </testcase> <!-- @BeforeSuite setUpSuite -->
  <testcase classname="com.test.BaseTest" name="@AfterSuite tearDownSuite" time="0.0">
    <ignored/>
  </testcase> <!-- @AfterSuite tearDownSuite -->
  <testcase classname="com.test.BaseTest" name="@AfterSuite tearDownSuite" time="0.0">
    <ignored/>
  </testcase> <!-- @AfterSuite tearDownSuite -->
  <testcase classname="com.test.BaseTest" name="@AfterSuite tearDownSuite" time="0.0">
    <ignored/>
  </testcase> <!-- @AfterSuite tearDownSuite -->
</testsuite> <!-- BoMon Full Flow -->
