<?xml version="1.0" encoding="UTF-8"?>
<testng-results ignored="3" total="88" passed="23" failed="62" skipped="0">
  <reporter-output>
  </reporter-output>
  <suite started-at="2026-07-24T16:35:59 ICT" name="BoMon Full Test Suite" finished-at="2026-07-24T16:39:48 ICT" duration-ms="228971">
    <groups>
    </groups>
    <test started-at="2026-07-24T16:35:59 ICT" name="BoMon Full Flow" finished-at="2026-07-24T16:39:48 ICT" duration-ms="228971">
      <class name="com.test.chucnang.dangnhapdangxuat.F9_1_BoMonTest">
        <test-method is-config="true" signature="setUpSuite()[pri:0, instance:com.test.chucnang.dangnhapdangxuat.F9_1_BoMonTest@add0edd]" started-at="2026-07-24T16:35:43 ICT" name="setUpSuite" finished-at="2026-07-24T16:35:59 ICT" duration-ms="16010" status="PASS">
          <reporter-output>
          </reporter-output>
        </test-method> <!-- setUpSuite -->
        <test-method signature="F9_1_POS_DangNhapBoMonThanhCong()[pri:1, instance:com.test.chucnang.dangnhapdangxuat.F9_1_BoMonTest@add0edd]" started-at="2026-07-24T16:35:59 ICT" name="F9_1_POS_DangNhapBoMonThanhCong" finished-at="2026-07-24T16:36:04 ICT" duration-ms="4827" status="PASS">
          <reporter-output>
          </reporter-output>
        </test-method> <!-- F9_1_POS_DangNhapBoMonThanhCong -->
        <test-method is-config="true" signature="tearDownSuite()[pri:0, instance:com.test.chucnang.dangnhapdangxuat.F9_1_BoMonTest@add0edd]" started-at="2026-07-24T16:39:48 ICT" name="tearDownSuite" finished-at="2026-07-24T16:39:48 ICT" duration-ms="34" status="PASS">
          <reporter-output>
          </reporter-output>
        </test-method> <!-- tearDownSuite -->
      </class> <!-- com.test.chucnang.dangnhapdangxuat.F9_1_BoMonTest -->
      <class name="com.test.chucnang.quanlithongke.F11_3_XemSoMonHocTrongHocKyTest">
        <test-method signature="F11_3_POS_LuongDung_XemSoMonHocTrongHocKy()[pri:1, instance:com.test.chucnang.quanlithongke.F11_3_XemSoMonHocTrongHocKyTest@197d671]" started-at="2026-07-24T16:38:24 ICT" name="F11_3_POS_LuongDung_XemSoMonHocTrongHocKy" finished-at="2026-07-24T16:38:24 ICT" duration-ms="6" status="FAIL">
          <exception class="org.openqa.selenium.NoSuchSessionException">
            <message>
              <![CDATA[invalid session id
Build info: version: '4.44.0', revision: 'da2039b'
System info: os.name: 'Windows 11', os.arch: 'amd64', os.version: '10.0', java.version: '21.0.11'
Driver info: org.openqa.selenium.chrome.ChromeDriver
Command: [3218b20db0e520d4df382d07d141e8db, get {url=https://cntttest.vanlanguni.edu.vn:18081/Phancong02/Timetable/Assign}]
Capabilities {acceptInsecureCerts: true, browserName: chrome, browserVersion: 150.0.7871.184, chrome: {chromedriverVersion: 150.0.7871.124 (9261fd0a595..., userDataDir: C:\selenium-profile\phancon...}, fedcm:accounts: true, goog:chromeOptions: {debuggerAddress: localhost:63229}, goog:processID: 8812, networkConnectionEnabled: false, pageLoadStrategy: eager, platformName: windows, proxy: Proxy(), se:cdp: ws://localhost:63229/devtoo..., se:cdpVersion: 150.0.7871.184, setWindowRect: true, strictFileInteractability: false, timeouts: {implicit: 0, pageLoad: 300000, script: 30000}, unhandledPromptBehavior: dismiss and notify, webauthn:extension:credBlob: true, webauthn:extension:largeBlob: true, webauthn:extension:minPinLength: true, webauthn:extension:prf: true, webauthn:virtualAuthenticators: true}
Session ID: 3218b20db0e520d4df382d07d141e8db]]>
            </message>
            <full-stacktrace>
              <![CDATA[org.openqa.selenium.NoSuchSessionException: invalid session id
Build info: version: '4.44.0', revision: 'da2039b'
System info: os.name: 'Windows 11', os.arch: 'amd64', os.version: '10.0', java.version: '21.0.11'
Driver info: org.openqa.selenium.chrome.ChromeDriver
Command: [3218b20db0e520d4df382d07d141e8db, get {url=https://cntttest.vanlanguni.edu.vn:18081/Phancong02/Timetable/Assign}]
Capabilities {acceptInsecureCerts: true, browserName: chrome, browserVersion: 150.0.7871.184, chrome: {chromedriverVersion: 150.0.7871.124 (9261fd0a595..., userDataDir: C:\selenium-profile\phancon...}, fedcm:accounts: true, goog:chromeOptions: {debuggerAddress: localhost:63229}, goog:processID: 8812, networkConnectionEnabled: false, pageLoadStrategy: eager, platformName: windows, proxy: Proxy(), se:cdp: ws://localhost:63229/devtoo..., se:cdpVersion: 150.0.7871.184, setWindowRect: true, strictFileInteractability: false, timeouts: {implicit: 0, pageLoad: 300000, script: 30000}, unhandledPromptBehavior: dismiss and notify, webauthn:extension:credBlob: true, webauthn:extension:largeBlob: true, webauthn:extension:minPinLength: true, webauthn:extension:prf: true, webauthn:virtualAuthenticators: true}
Session ID: 3218b20db0e520d4df382d07d141e8db
at org.openqa.selenium.remote.ErrorCodec.decode(ErrorCodec.java:169)
at org.openqa.selenium.remote.codec.w3c.W3CHttpResponseCodec.decode(W3CHttpResponseCodec.java:143)
at org.openqa.selenium.remote.codec.w3c.W3CHttpResponseCodec.decode(W3CHttpResponseCodec.java:50)
at org.openqa.selenium.remote.HttpCommandExecutor.execute(HttpCommandExecutor.java:224)
at org.openqa.selenium.remote.service.DriverCommandExecutor.invokeExecute(DriverCommandExecutor.java:217)
at org.openqa.selenium.remote.service.DriverCommandExecutor.execute(DriverCommandExecutor.java:175)
at org.openqa.selenium.remote.RemoteWebDriver.execute(RemoteWebDriver.java:600)
at org.openqa.selenium.remote.RemoteWebDriver.get(RemoteWebDriver.java:366)
at com.test.BaseTest.navigateToAssignPage(BaseTest.java:207)
at com.test.BoMonCommonTest.openFeatureAndApplyFilterFlow(BoMonCommonTest.java:1747)
at com.test.BoMonCommonTest.runPositiveFeatureFlow(BoMonCommonTest.java:1617)
at com.test.chucnang.quanlithongke.F11_3_XemSoMonHocTrongHocKyTest.F11_3_POS_LuongDung_XemSoMonHocTrongHocKy(F11_3_XemSoMonHocTrongHocKyTest.java:36)
at java.base/jdk.internal.reflect.DirectMethodHandleAccessor.invoke(DirectMethodHandleAccessor.java:103)
at java.base/java.lang.reflect.Method.invoke(Method.java:580)
at org.testng.internal.invokers.MethodInvocationHelper.invokeMethod(MethodInvocationHelper.java:141)
at org.testng.internal.invokers.TestInvoker.invokeMethod(TestInvoker.java:697)
at org.testng.internal.invokers.TestInvoker.invokeTestMethod(TestInvoker.java:230)
at org.testng.internal.invokers.MethodRunner.runInSequence(MethodRunner.java:63)
at org.testng.internal.invokers.TestInvoker$MethodInvocationAgent.invoke(TestInvoker.java:1005)
at org.testng.internal.invokers.TestInvoker.invokeTestMethods(TestInvoker.java:203)
at org.testng.internal.invokers.TestMethodWorker.invokeTestMethods(TestMethodWorker.java:154)
at org.testng.internal.invokers.TestMethodWorker.run(TestMethodWorker.java:134)
at java.base/java.util.ArrayList.forEach(ArrayList.java:1596)
at org.testng.TestRunner.privateRun(TestRunner.java:744)
at org.testng.TestRunner.run(TestRunner.java:616)
at org.testng.SuiteRunner.runTest(SuiteRunner.java:421)
at org.testng.SuiteRunner.runSequentially(SuiteRunner.java:413)
at org.testng.SuiteRunner.privateRun(SuiteRunner.java:373)
at org.testng.SuiteRunner.run(SuiteRunner.java:312)
at org.testng.SuiteRunnerWorker.runSuite(SuiteRunnerWorker.java:52)
at org.testng.SuiteRunnerWorker.run(SuiteRunnerWorker.java:95)
at org.testng.TestNG.runSuitesSequentially(TestNG.java:1274)
at org.testng.TestNG.runSuitesLocally(TestNG.java:1208)
at org.testng.TestNG.runSuites(TestNG.java:1112)
at org.testng.TestNG.run(TestNG.java:1079)
at com.test.RunAllTestNG.main(RunAllTestNG.java:28)
]]>
            </full-stacktrace>
          </exception> <!-- org.openqa.selenium.NoSuchSessionException -->
          <reporter-output>
          </reporter-output>
        </test-method> <!-- F11_3_POS_LuongDung_XemSoMonHocTrongHocKy -->
        <test-method signature="F11_3_NEG_ChuaDangNhapBiChan()[pri:2, instance:com.test.chucnang.quanlithongke.F11_3_XemSoMonHocTrongHocKyTest@197d671]" started-at="2026-07-24T16:38:24 ICT" name="F11_3_NEG_ChuaDangNhapBiChan" finished-at="2026-07-24T16:38:29 ICT" duration-ms="5027" status="PASS">
          <reporter-output>
          </reporter-output>
        </test-method> <!-- F11_3_NEG_ChuaDangNhapBiChan -->
        <test-method signature="F11_3_DATA_KiemTraSoMonHocTrongHocKy()[pri:3, instance:com.test.chucnang.quanlithongke.F11_3_XemSoMonHocTrongHocKyTest@197d671]" started-at="2026-07-24T16:38:29 ICT" name="F11_3_DATA_KiemTraSoMonHocTrongHocKy" finished-at="2026-07-24T16:38:29 ICT" duration-ms="3" status="FAIL">
          <exception class="org.openqa.selenium.NoSuchSessionException">
            <message>
              <![CDATA[invalid session id
Build info: version: '4.44.0', revision: 'da2039b'
System info: os.name: 'Windows 11', os.arch: 'amd64', os.version: '10.0', java.version: '21.0.11'
Driver info: org.openqa.selenium.chrome.ChromeDriver
Command: [3218b20db0e520d4df382d07d141e8db, get {url=https://cntttest.vanlanguni.edu.vn:18081/Phancong02/Timetable/Assign}]
Capabilities {acceptInsecureCerts: true, browserName: chrome, browserVersion: 150.0.7871.184, chrome: {chromedriverVersion: 150.0.7871.124 (9261fd0a595..., userDataDir: C:\selenium-profile\phancon...}, fedcm:accounts: true, goog:chromeOptions: {debuggerAddress: localhost:63229}, goog:processID: 8812, networkConnectionEnabled: false, pageLoadStrategy: eager, platformName: windows, proxy: Proxy(), se:cdp: ws://localhost:63229/devtoo..., se:cdpVersion: 150.0.7871.184, setWindowRect: true, strictFileInteractability: false, timeouts: {implicit: 0, pageLoad: 300000, script: 30000}, unhandledPromptBehavior: dismiss and notify, webauthn:extension:credBlob: true, webauthn:extension:largeBlob: true, webauthn:extension:minPinLength: true, webauthn:extension:prf: true, webauthn:virtualAuthenticators: true}
Session ID: 3218b20db0e520d4df382d07d141e8db]]>
            </message>
            <full-stacktrace>
              <![CDATA[org.openqa.selenium.NoSuchSessionException: invalid session id
Build info: version: '4.44.0', revision: 'da2039b'
System info: os.name: 'Windows 11', os.arch: 'amd64', os.version: '10.0', java.version: '21.0.11'
Driver info: org.openqa.selenium.chrome.ChromeDriver
Command: [3218b20db0e520d4df382d07d141e8db, get {url=https://cntttest.vanlanguni.edu.vn:18081/Phancong02/Timetable/Assign}]
Capabilities {acceptInsecureCerts: true, browserName: chrome, browserVersion: 150.0.7871.184, chrome: {chromedriverVersion: 150.0.7871.124 (9261fd0a595..., userDataDir: C:\selenium-profile\phancon...}, fedcm:accounts: true, goog:chromeOptions: {debuggerAddress: localhost:63229}, goog:processID: 8812, networkConnectionEnabled: false, pageLoadStrategy: eager, platformName: windows, proxy: Proxy(), se:cdp: ws://localhost:63229/devtoo..., se:cdpVersion: 150.0.7871.184, setWindowRect: true, strictFileInteractability: false, timeouts: {implicit: 0, pageLoad: 300000, script: 30000}, unhandledPromptBehavior: dismiss and notify, webauthn:extension:credBlob: true, webauthn:extension:largeBlob: true, webauthn:extension:minPinLength: true, webauthn:extension:prf: true, webauthn:virtualAuthenticators: true}
Session ID: 3218b20db0e520d4df382d07d141e8db
at org.openqa.selenium.remote.ErrorCodec.decode(ErrorCodec.java:169)
at org.openqa.selenium.remote.codec.w3c.W3CHttpResponseCodec.decode(W3CHttpResponseCodec.java:143)
at org.openqa.selenium.remote.codec.w3c.W3CHttpResponseCodec.decode(W3CHttpResponseCodec.java:50)
at org.openqa.selenium.remote.HttpCommandExecutor.execute(HttpCommandExecutor.java:224)
at org.openqa.selenium.remote.service.DriverCommandExecutor.invokeExecute(DriverCommandExecutor.java:217)
at org.openqa.selenium.remote.service.DriverCommandExecutor.execute(DriverCommandExecutor.java:175)
at org.openqa.selenium.remote.RemoteWebDriver.execute(RemoteWebDriver.java:600)
at org.openqa.selenium.remote.RemoteWebDriver.get(RemoteWebDriver.java:366)
at com.test.BaseTest.navigateToAssignPage(BaseTest.java:207)
at com.test.BoMonCommonTest.openFeatureAndApplyFilterFlow(BoMonCommonTest.java:1747)
at com.test.BoMonCommonTest.runDataFeatureFlow(BoMonCommonTest.java:1696)
at com.test.chucnang.quanlithongke.F11_3_XemSoMonHocTrongHocKyTest.F11_3_DATA_KiemTraSoMonHocTrongHocKy(F11_3_XemSoMonHocTrongHocKyTest.java:48)
at java.base/jdk.internal.reflect.DirectMethodHandleAccessor.invoke(DirectMethodHandleAccessor.java:103)
at java.base/java.lang.reflect.Method.invoke(Method.java:580)
at org.testng.internal.invokers.MethodInvocationHelper.invokeMethod(MethodInvocationHelper.java:141)
at org.testng.internal.invokers.TestInvoker.invokeMethod(TestInvoker.java:697)
at org.testng.internal.invokers.TestInvoker.invokeTestMethod(TestInvoker.java:230)
at org.testng.internal.invokers.MethodRunner.runInSequence(MethodRunner.java:63)
at org.testng.internal.invokers.TestInvoker$MethodInvocationAgent.invoke(TestInvoker.java:1005)
at org.testng.internal.invokers.TestInvoker.invokeTestMethods(TestInvoker.java:203)
at org.testng.internal.invokers.TestMethodWorker.invokeTestMethods(TestMethodWorker.java:154)
at org.testng.internal.invokers.TestMethodWorker.run(TestMethodWorker.java:134)
at java.base/java.util.ArrayList.forEach(ArrayList.java:1596)
at org.testng.TestRunner.privateRun(TestRunner.java:744)
at org.testng.TestRunner.run(TestRunner.java:616)
at org.testng.SuiteRunner.runTest(SuiteRunner.java:421)
at org.testng.SuiteRunner.runSequentially(SuiteRunner.java:413)
at org.testng.SuiteRunner.privateRun(SuiteRunner.java:373)
at org.testng.SuiteRunner.run(SuiteRunner.java:312)
at org.testng.SuiteRunnerWorker.runSuite(SuiteRunnerWorker.java:52)
at org.testng.SuiteRunnerWorker.run(SuiteRunnerWorker.java:95)
at org.testng.TestNG.runSuitesSequentially(TestNG.java:1274)
at org.testng.TestNG.runSuitesLocally(TestNG.java:1208)
at org.testng.TestNG.runSuites(TestNG.java:1112)
at org.testng.TestNG.run(TestNG.java:1079)
at com.test.RunAllTestNG.main(RunAllTestNG.java:28)
]]>
            </full-stacktrace>
          </exception> <!-- org.openqa.selenium.NoSuchSessionException -->
          <reporter-output>
          </reporter-output>
        </test-method> <!-- F11_3_DATA_KiemTraSoMonHocTrongHocKy -->
        <test-method signature="F11_3_UI_KiemTraGiaoDien()[pri:4, instance:com.test.chucnang.quanlithongke.F11_3_XemSoMonHocTrongHocKyTest@197d671]" started-at="2026-07-24T16:38:29 ICT" name="F11_3_UI_KiemTraGiaoDien" finished-at="2026-07-24T16:38:30 ICT" duration-ms="2" status="FAIL">
          <exception class="org.openqa.selenium.NoSuchSessionException">
            <message>
              <![CDATA[invalid session id
Build info: version: '4.44.0', revision: 'da2039b'
System info: os.name: 'Windows 11', os.arch: 'amd64', os.version: '10.0', java.version: '21.0.11'
Driver info: org.openqa.selenium.chrome.ChromeDriver
Command: [3218b20db0e520d4df382d07d141e8db, get {url=https://cntttest.vanlanguni.edu.vn:18081/Phancong02/Timetable/Assign}]
Capabilities {acceptInsecureCerts: true, browserName: chrome, browserVersion: 150.0.7871.184, chrome: {chromedriverVersion: 150.0.7871.124 (9261fd0a595..., userDataDir: C:\selenium-profile\phancon...}, fedcm:accounts: true, goog:chromeOptions: {debuggerAddress: localhost:63229}, goog:processID: 8812, networkConnectionEnabled: false, pageLoadStrategy: eager, platformName: windows, proxy: Proxy(), se:cdp: ws://localhost:63229/devtoo..., se:cdpVersion: 150.0.7871.184, setWindowRect: true, strictFileInteractability: false, timeouts: {implicit: 0, pageLoad: 300000, script: 30000}, unhandledPromptBehavior: dismiss and notify, webauthn:extension:credBlob: true, webauthn:extension:largeBlob: true, webauthn:extension:minPinLength: true, webauthn:extension:prf: true, webauthn:virtualAuthenticators: true}
Session ID: 3218b20db0e520d4df382d07d141e8db]]>
            </message>
            <full-stacktrace>
              <![CDATA[org.openqa.selenium.NoSuchSessionException: invalid session id
Build info: version: '4.44.0', revision: 'da2039b'
System info: os.name: 'Windows 11', os.arch: 'amd64', os.version: '10.0', java.version: '21.0.11'
Driver info: org.openqa.selenium.chrome.ChromeDriver
Command: [3218b20db0e520d4df382d07d141e8db, get {url=https://cntttest.vanlanguni.edu.vn:18081/Phancong02/Timetable/Assign}]
Capabilities {acceptInsecureCerts: true, browserName: chrome, browserVersion: 150.0.7871.184, chrome: {chromedriverVersion: 150.0.7871.124 (9261fd0a595..., userDataDir: C:\selenium-profile\phancon...}, fedcm:accounts: true, goog:chromeOptions: {debuggerAddress: localhost:63229}, goog:processID: 8812, networkConnectionEnabled: false, pageLoadStrategy: eager, platformName: windows, proxy: Proxy(), se:cdp: ws://localhost:63229/devtoo..., se:cdpVersion: 150.0.7871.184, setWindowRect: true, strictFileInteractability: false, timeouts: {implicit: 0, pageLoad: 300000, script: 30000}, unhandledPromptBehavior: dismiss and notify, webauthn:extension:credBlob: true, webauthn:extension:largeBlob: true, webauthn:extension:minPinLength: true, webauthn:extension:prf: true, webauthn:virtualAuthenticators: true}
Session ID: 3218b20db0e520d4df382d07d141e8db
at org.openqa.selenium.remote.ErrorCodec.decode(ErrorCodec.java:169)
at org.openqa.selenium.remote.codec.w3c.W3CHttpResponseCodec.decode(W3CHttpResponseCodec.java:143)
at org.openqa.selenium.remote.codec.w3c.W3CHttpResponseCodec.decode(W3CHttpResponseCodec.java:50)
at org.openqa.selenium.remote.HttpCommandExecutor.execute(HttpCommandExecutor.java:224)
at org.openqa.selenium.remote.service.DriverCommandExecutor.invokeExecute(DriverCommandExecutor.java:217)
at org.openqa.selenium.remote.service.DriverCommandExecutor.execute(DriverCommandExecutor.java:175)
at org.openqa.selenium.remote.RemoteWebDriver.execute(RemoteWebDriver.java:600)
at org.openqa.selenium.remote.RemoteWebDriver.get(RemoteWebDriver.java:366)
at com.test.BaseTest.navigateToAssignPage(BaseTest.java:207)
at com.test.BoMonCommonTest.openFeatureAndApplyFilterFlow(BoMonCommonTest.java:1747)
at com.test.BoMonCommonTest.runUiFeatureFlow(BoMonCommonTest.java:1730)
at com.test.chucnang.quanlithongke.F11_3_XemSoMonHocTrongHocKyTest.F11_3_UI_KiemTraGiaoDien(F11_3_XemSoMonHocTrongHocKyTest.java:54)
at java.base/jdk.internal.reflect.DirectMethodHandleAccessor.invoke(DirectMethodHandleAccessor.java:103)
at java.base/java.lang.reflect.Method.invoke(Method.java:580)
at org.testng.internal.invokers.MethodInvocationHelper.invokeMethod(MethodInvocationHelper.java:141)
at org.testng.internal.invokers.TestInvoker.invokeMethod(TestInvoker.java:697)
at org.testng.internal.invokers.TestInvoker.invokeTestMethod(TestInvoker.java:230)
at org.testng.internal.invokers.MethodRunner.runInSequence(MethodRunner.java:63)
at org.testng.internal.invokers.TestInvoker$MethodInvocationAgent.invoke(TestInvoker.java:1005)
at org.testng.internal.invokers.TestInvoker.invokeTestMethods(TestInvoker.java:203)
at org.testng.internal.invokers.TestMethodWorker.invokeTestMethods(TestMethodWorker.java:154)
at org.testng.internal.invokers.TestMethodWorker.run(TestMethodWorker.java:134)
at java.base/java.util.ArrayList.forEach(ArrayList.java:1596)
at org.testng.TestRunner.privateRun(TestRunner.java:744)
at org.testng.TestRunner.run(TestRunner.java:616)
at org.testng.SuiteRunner.runTest(SuiteRunner.java:421)
at org.testng.SuiteRunner.runSequentially(SuiteRunner.java:413)
at org.testng.SuiteRunner.privateRun(SuiteRunner.java:373)
at org.testng.SuiteRunner.run(SuiteRunner.java:312)
at org.testng.SuiteRunnerWorker.runSuite(SuiteRunnerWorker.java:52)
at org.testng.SuiteRunnerWorker.run(SuiteRunnerWorker.java:95)
at org.testng.TestNG.runSuitesSequentially(TestNG.java:1274)
at org.testng.TestNG.runSuitesLocally(TestNG.java:1208)
at org.testng.TestNG.runSuites(TestNG.java:1112)
at org.testng.TestNG.run(TestNG.java:1079)
at com.test.RunAllTestNG.main(RunAllTestNG.java:28)
]]>
            </full-stacktrace>
          </exception> <!-- org.openqa.selenium.NoSuchSessionException -->
          <reporter-output>
          </reporter-output>
        </test-method> <!-- F11_3_UI_KiemTraGiaoDien -->
      </class> <!-- com.test.chucnang.quanlithongke.F11_3_XemSoMonHocTrongHocKyTest -->
      <class name="com.test.chucnang.quanlithongke.F11_1_XemSoGioTrongHocKyTest">
        <test-method signature="F11_1_POS_LuongDung_XemSoGioTrongHocKy()[pri:1, instance:com.test.chucnang.quanlithongke.F11_1_XemSoGioTrongHocKyTest@6b4a4e18]" started-at="2026-07-24T16:38:14 ICT" name="F11_1_POS_LuongDung_XemSoGioTrongHocKy" finished-at="2026-07-24T16:38:14 ICT" duration-ms="2" status="FAIL">
          <exception class="org.openqa.selenium.NoSuchSessionException">
            <message>
              <![CDATA[invalid session id
Build info: version: '4.44.0', revision: 'da2039b'
System info: os.name: 'Windows 11', os.arch: 'amd64', os.version: '10.0', java.version: '21.0.11'
Driver info: org.openqa.selenium.chrome.ChromeDriver
Command: [3218b20db0e520d4df382d07d141e8db, get {url=https://cntttest.vanlanguni.edu.vn:18081/Phancong02/Timetable/Assign}]
Capabilities {acceptInsecureCerts: true, browserName: chrome, browserVersion: 150.0.7871.184, chrome: {chromedriverVersion: 150.0.7871.124 (9261fd0a595..., userDataDir: C:\selenium-profile\phancon...}, fedcm:accounts: true, goog:chromeOptions: {debuggerAddress: localhost:63229}, goog:processID: 8812, networkConnectionEnabled: false, pageLoadStrategy: eager, platformName: windows, proxy: Proxy(), se:cdp: ws://localhost:63229/devtoo..., se:cdpVersion: 150.0.7871.184, setWindowRect: true, strictFileInteractability: false, timeouts: {implicit: 0, pageLoad: 300000, script: 30000}, unhandledPromptBehavior: dismiss and notify, webauthn:extension:credBlob: true, webauthn:extension:largeBlob: true, webauthn:extension:minPinLength: true, webauthn:extension:prf: true, webauthn:virtualAuthenticators: true}
Session ID: 3218b20db0e520d4df382d07d141e8db]]>
            </message>
            <full-stacktrace>
              <![CDATA[org.openqa.selenium.NoSuchSessionException: invalid session id
Build info: version: '4.44.0', revision: 'da2039b'
System info: os.name: 'Windows 11', os.arch: 'amd64', os.version: '10.0', java.version: '21.0.11'
Driver info: org.openqa.selenium.chrome.ChromeDriver
Command: [3218b20db0e520d4df382d07d141e8db, get {url=https://cntttest.vanlanguni.edu.vn:18081/Phancong02/Timetable/Assign}]
Capabilities {acceptInsecureCerts: true, browserName: chrome, browserVersion: 150.0.7871.184, chrome: {chromedriverVersion: 150.0.7871.124 (9261fd0a595..., userDataDir: C:\selenium-profile\phancon...}, fedcm:accounts: true, goog:chromeOptions: {debuggerAddress: localhost:63229}, goog:processID: 8812, networkConnectionEnabled: false, pageLoadStrategy: eager, platformName: windows, proxy: Proxy(), se:cdp: ws://localhost:63229/devtoo..., se:cdpVersion: 150.0.7871.184, setWindowRect: true, strictFileInteractability: false, timeouts: {implicit: 0, pageLoad: 300000, script: 30000}, unhandledPromptBehavior: dismiss and notify, webauthn:extension:credBlob: true, webauthn:extension:largeBlob: true, webauthn:extension:minPinLength: true, webauthn:extension:prf: true, webauthn:virtualAuthenticators: true}
Session ID: 3218b20db0e520d4df382d07d141e8db
at org.openqa.selenium.remote.ErrorCodec.decode(ErrorCodec.java:169)
at org.openqa.selenium.remote.codec.w3c.W3CHttpResponseCodec.decode(W3CHttpResponseCodec.java:143)
at org.openqa.selenium.remote.codec.w3c.W3CHttpResponseCodec.decode(W3CHttpResponseCodec.java:50)
at org.openqa.selenium.remote.HttpCommandExecutor.execute(HttpCommandExecutor.java:224)
at org.openqa.selenium.remote.service.DriverCommandExecutor.invokeExecute(DriverCommandExecutor.java:217)
at org.openqa.selenium.remote.service.DriverCommandExecutor.execute(DriverCommandExecutor.java:175)
at org.openqa.selenium.remote.RemoteWebDriver.execute(RemoteWebDriver.java:600)
at org.openqa.selenium.remote.RemoteWebDriver.get(RemoteWebDriver.java:366)
at com.test.BaseTest.navigateToAssignPage(BaseTest.java:207)
at com.test.BoMonCommonTest.openFeatureAndApplyFilterFlow(BoMonCommonTest.java:1747)
at com.test.BoMonCommonTest.runPositiveFeatureFlow(BoMonCommonTest.java:1617)
at com.test.chucnang.quanlithongke.F11_1_XemSoGioTrongHocKyTest.F11_1_POS_LuongDung_XemSoGioTrongHocKy(F11_1_XemSoGioTrongHocKyTest.java:35)
at java.base/jdk.internal.reflect.DirectMethodHandleAccessor.invoke(DirectMethodHandleAccessor.java:103)
at java.base/java.lang.reflect.Method.invoke(Method.java:580)
at org.testng.internal.invokers.MethodInvocationHelper.invokeMethod(MethodInvocationHelper.java:141)
at org.testng.internal.invokers.TestInvoker.invokeMethod(TestInvoker.java:697)
at org.testng.internal.invokers.TestInvoker.invokeTestMethod(TestInvoker.java:230)
at org.testng.internal.invokers.MethodRunner.runInSequence(MethodRunner.java:63)
at org.testng.internal.invokers.TestInvoker$MethodInvocationAgent.invoke(TestInvoker.java:1005)
at org.testng.internal.invokers.TestInvoker.invokeTestMethods(TestInvoker.java:203)
at org.testng.internal.invokers.TestMethodWorker.invokeTestMethods(TestMethodWorker.java:154)
at org.testng.internal.invokers.TestMethodWorker.run(TestMethodWorker.java:134)
at java.base/java.util.ArrayList.forEach(ArrayList.java:1596)
at org.testng.TestRunner.privateRun(TestRunner.java:744)
at org.testng.TestRunner.run(TestRunner.java:616)
at org.testng.SuiteRunner.runTest(SuiteRunner.java:421)
at org.testng.SuiteRunner.runSequentially(SuiteRunner.java:413)
at org.testng.SuiteRunner.privateRun(SuiteRunner.java:373)
at org.testng.SuiteRunner.run(SuiteRunner.java:312)
at org.testng.SuiteRunnerWorker.runSuite(SuiteRunnerWorker.java:52)
at org.testng.SuiteRunnerWorker.run(SuiteRunnerWorker.java:95)
at org.testng.TestNG.runSuitesSequentially(TestNG.java:1274)
at org.testng.TestNG.runSuitesLocally(TestNG.java:1208)
at org.testng.TestNG.runSuites(TestNG.java:1112)
at org.testng.TestNG.run(TestNG.java:1079)
at com.test.RunAllTestNG.main(RunAllTestNG.java:28)
]]>
            </full-stacktrace>
          </exception> <!-- org.openqa.selenium.NoSuchSessionException -->
          <reporter-output>
          </reporter-output>
        </test-method> <!-- F11_1_POS_LuongDung_XemSoGioTrongHocKy -->
        <test-method signature="F11_1_NEG_ChuaDangNhapBiChan()[pri:2, instance:com.test.chucnang.quanlithongke.F11_1_XemSoGioTrongHocKyTest@6b4a4e18]" started-at="2026-07-24T16:38:14 ICT" name="F11_1_NEG_ChuaDangNhapBiChan" finished-at="2026-07-24T16:38:19 ICT" duration-ms="5395" status="PASS">
          <reporter-output>
          </reporter-output>
        </test-method> <!-- F11_1_NEG_ChuaDangNhapBiChan -->
        <test-method signature="F11_1_DATA_KiemTraSoGioTrongHocKy()[pri:3, instance:com.test.chucnang.quanlithongke.F11_1_XemSoGioTrongHocKyTest@6b4a4e18]" started-at="2026-07-24T16:38:19 ICT" name="F11_1_DATA_KiemTraSoGioTrongHocKy" finished-at="2026-07-24T16:38:19 ICT" duration-ms="0" status="FAIL">
          <exception class="org.openqa.selenium.NoSuchSessionException">
            <message>
              <![CDATA[invalid session id
Build info: version: '4.44.0', revision: 'da2039b'
System info: os.name: 'Windows 11', os.arch: 'amd64', os.version: '10.0', java.version: '21.0.11'
Driver info: org.openqa.selenium.chrome.ChromeDriver
Command: [3218b20db0e520d4df382d07d141e8db, get {url=https://cntttest.vanlanguni.edu.vn:18081/Phancong02/Timetable/Assign}]
Capabilities {acceptInsecureCerts: true, browserName: chrome, browserVersion: 150.0.7871.184, chrome: {chromedriverVersion: 150.0.7871.124 (9261fd0a595..., userDataDir: C:\selenium-profile\phancon...}, fedcm:accounts: true, goog:chromeOptions: {debuggerAddress: localhost:63229}, goog:processID: 8812, networkConnectionEnabled: false, pageLoadStrategy: eager, platformName: windows, proxy: Proxy(), se:cdp: ws://localhost:63229/devtoo..., se:cdpVersion: 150.0.7871.184, setWindowRect: true, strictFileInteractability: false, timeouts: {implicit: 0, pageLoad: 300000, script: 30000}, unhandledPromptBehavior: dismiss and notify, webauthn:extension:credBlob: true, webauthn:extension:largeBlob: true, webauthn:extension:minPinLength: true, webauthn:extension:prf: true, webauthn:virtualAuthenticators: true}
Session ID: 3218b20db0e520d4df382d07d141e8db]]>
            </message>
            <full-stacktrace>
              <![CDATA[org.openqa.selenium.NoSuchSessionException: invalid session id
Build info: version: '4.44.0', revision: 'da2039b'
System info: os.name: 'Windows 11', os.arch: 'amd64', os.version: '10.0', java.version: '21.0.11'
Driver info: org.openqa.selenium.chrome.ChromeDriver
Command: [3218b20db0e520d4df382d07d141e8db, get {url=https://cntttest.vanlanguni.edu.vn:18081/Phancong02/Timetable/Assign}]
Capabilities {acceptInsecureCerts: true, browserName: chrome, browserVersion: 150.0.7871.184, chrome: {chromedriverVersion: 150.0.7871.124 (9261fd0a595..., userDataDir: C:\selenium-profile\phancon...}, fedcm:accounts: true, goog:chromeOptions: {debuggerAddress: localhost:63229}, goog:processID: 8812, networkConnectionEnabled: false, pageLoadStrategy: eager, platformName: windows, proxy: Proxy(), se:cdp: ws://localhost:63229/devtoo..., se:cdpVersion: 150.0.7871.184, setWindowRect: true, strictFileInteractability: false, timeouts: {implicit: 0, pageLoad: 300000, script: 30000}, unhandledPromptBehavior: dismiss and notify, webauthn:extension:credBlob: true, webauthn:extension:largeBlob: true, webauthn:extension:minPinLength: true, webauthn:extension:prf: true, webauthn:virtualAuthenticators: true}
Session ID: 3218b20db0e520d4df382d07d141e8db
at org.openqa.selenium.remote.ErrorCodec.decode(ErrorCodec.java:169)
at org.openqa.selenium.remote.codec.w3c.W3CHttpResponseCodec.decode(W3CHttpResponseCodec.java:143)
at org.openqa.selenium.remote.codec.w3c.W3CHttpResponseCodec.decode(W3CHttpResponseCodec.java:50)
at org.openqa.selenium.remote.HttpCommandExecutor.execute(HttpCommandExecutor.java:224)
at org.openqa.selenium.remote.service.DriverCommandExecutor.invokeExecute(DriverCommandExecutor.java:217)
at org.openqa.selenium.remote.service.DriverCommandExecutor.execute(DriverCommandExecutor.java:175)
at org.openqa.selenium.remote.RemoteWebDriver.execute(RemoteWebDriver.java:600)
at org.openqa.selenium.remote.RemoteWebDriver.get(RemoteWebDriver.java:366)
at com.test.BaseTest.navigateToAssignPage(BaseTest.java:207)
at com.test.BoMonCommonTest.openFeatureAndApplyFilterFlow(BoMonCommonTest.java:1747)
at com.test.BoMonCommonTest.runDataFeatureFlow(BoMonCommonTest.java:1696)
at com.test.chucnang.quanlithongke.F11_1_XemSoGioTrongHocKyTest.F11_1_DATA_KiemTraSoGioTrongHocKy(F11_1_XemSoGioTrongHocKyTest.java:47)
at java.base/jdk.internal.reflect.DirectMethodHandleAccessor.invoke(DirectMethodHandleAccessor.java:103)
at java.base/java.lang.reflect.Method.invoke(Method.java:580)
at org.testng.internal.invokers.MethodInvocationHelper.invokeMethod(MethodInvocationHelper.java:141)
at org.testng.internal.invokers.TestInvoker.invokeMethod(TestInvoker.java:697)
at org.testng.internal.invokers.TestInvoker.invokeTestMethod(TestInvoker.java:230)
at org.testng.internal.invokers.MethodRunner.runInSequence(MethodRunner.java:63)
at org.testng.internal.invokers.TestInvoker$MethodInvocationAgent.invoke(TestInvoker.java:1005)
at org.testng.internal.invokers.TestInvoker.invokeTestMethods(TestInvoker.java:203)
at org.testng.internal.invokers.TestMethodWorker.invokeTestMethods(TestMethodWorker.java:154)
at org.testng.internal.invokers.TestMethodWorker.run(TestMethodWorker.java:134)
at java.base/java.util.ArrayList.forEach(ArrayList.java:1596)
at org.testng.TestRunner.privateRun(TestRunner.java:744)
at org.testng.TestRunner.run(TestRunner.java:616)
at org.testng.SuiteRunner.runTest(SuiteRunner.java:421)
at org.testng.SuiteRunner.runSequentially(SuiteRunner.java:413)
at org.testng.SuiteRunner.privateRun(SuiteRunner.java:373)
at org.testng.SuiteRunner.run(SuiteRunner.java:312)
at org.testng.SuiteRunnerWorker.runSuite(SuiteRunnerWorker.java:52)
at org.testng.SuiteRunnerWorker.run(SuiteRunnerWorker.java:95)
at org.testng.TestNG.runSuitesSequentially(TestNG.java:1274)
at org.testng.TestNG.runSuitesLocally(TestNG.java:1208)
at org.testng.TestNG.runSuites(TestNG.java:1112)
at org.testng.TestNG.run(TestNG.java:1079)
at com.test.RunAllTestNG.main(RunAllTestNG.java:28)
]]>
            </full-stacktrace>
          </exception> <!-- org.openqa.selenium.NoSuchSessionException -->
          <reporter-output>
          </reporter-output>
        </test-method> <!-- F11_1_DATA_KiemTraSoGioTrongHocKy -->
        <test-method signature="F11_1_UI_KiemTraGiaoDien()[pri:4, instance:com.test.chucnang.quanlithongke.F11_1_XemSoGioTrongHocKyTest@6b4a4e18]" started-at="2026-07-24T16:38:19 ICT" name="F11_1_UI_KiemTraGiaoDien" finished-at="2026-07-24T16:38:19 ICT" duration-ms="0" status="FAIL">
          <exception class="org.openqa.selenium.NoSuchSessionException">
            <message>
              <![CDATA[invalid session id
Build info: version: '4.44.0', revision: 'da2039b'
System info: os.name: 'Windows 11', os.arch: 'amd64', os.version: '10.0', java.version: '21.0.11'
Driver info: org.openqa.selenium.chrome.ChromeDriver
Command: [3218b20db0e520d4df382d07d141e8db, get {url=https://cntttest.vanlanguni.edu.vn:18081/Phancong02/Timetable/Assign}]
Capabilities {acceptInsecureCerts: true, browserName: chrome, browserVersion: 150.0.7871.184, chrome: {chromedriverVersion: 150.0.7871.124 (9261fd0a595..., userDataDir: C:\selenium-profile\phancon...}, fedcm:accounts: true, goog:chromeOptions: {debuggerAddress: localhost:63229}, goog:processID: 8812, networkConnectionEnabled: false, pageLoadStrategy: eager, platformName: windows, proxy: Proxy(), se:cdp: ws://localhost:63229/devtoo..., se:cdpVersion: 150.0.7871.184, setWindowRect: true, strictFileInteractability: false, timeouts: {implicit: 0, pageLoad: 300000, script: 30000}, unhandledPromptBehavior: dismiss and notify, webauthn:extension:credBlob: true, webauthn:extension:largeBlob: true, webauthn:extension:minPinLength: true, webauthn:extension:prf: true, webauthn:virtualAuthenticators: true}
Session ID: 3218b20db0e520d4df382d07d141e8db]]>
            </message>
            <full-stacktrace>
              <![CDATA[org.openqa.selenium.NoSuchSessionException: invalid session id
Build info: version: '4.44.0', revision: 'da2039b'
System info: os.name: 'Windows 11', os.arch: 'amd64', os.version: '10.0', java.version: '21.0.11'
Driver info: org.openqa.selenium.chrome.ChromeDriver
Command: [3218b20db0e520d4df382d07d141e8db, get {url=https://cntttest.vanlanguni.edu.vn:18081/Phancong02/Timetable/Assign}]
Capabilities {acceptInsecureCerts: true, browserName: chrome, browserVersion: 150.0.7871.184, chrome: {chromedriverVersion: 150.0.7871.124 (9261fd0a595..., userDataDir: C:\selenium-profile\phancon...}, fedcm:accounts: true, goog:chromeOptions: {debuggerAddress: localhost:63229}, goog:processID: 8812, networkConnectionEnabled: false, pageLoadStrategy: eager, platformName: windows, proxy: Proxy(), se:cdp: ws://localhost:63229/devtoo..., se:cdpVersion: 150.0.7871.184, setWindowRect: true, strictFileInteractability: false, timeouts: {implicit: 0, pageLoad: 300000, script: 30000}, unhandledPromptBehavior: dismiss and notify, webauthn:extension:credBlob: true, webauthn:extension:largeBlob: true, webauthn:extension:minPinLength: true, webauthn:extension:prf: true, webauthn:virtualAuthenticators: true}
Session ID: 3218b20db0e520d4df382d07d141e8db
at org.openqa.selenium.remote.ErrorCodec.decode(ErrorCodec.java:169)
at org.openqa.selenium.remote.codec.w3c.W3CHttpResponseCodec.decode(W3CHttpResponseCodec.java:143)
at org.openqa.selenium.remote.codec.w3c.W3CHttpResponseCodec.decode(W3CHttpResponseCodec.java:50)
at org.openqa.selenium.remote.HttpCommandExecutor.execute(HttpCommandExecutor.java:224)
at org.openqa.selenium.remote.service.DriverCommandExecutor.invokeExecute(DriverCommandExecutor.java:217)
at org.openqa.selenium.remote.service.DriverCommandExecutor.execute(DriverCommandExecutor.java:175)
at org.openqa.selenium.remote.RemoteWebDriver.execute(RemoteWebDriver.java:600)
at org.openqa.selenium.remote.RemoteWebDriver.get(RemoteWebDriver.java:366)
at com.test.BaseTest.navigateToAssignPage(BaseTest.java:207)
at com.test.BoMonCommonTest.openFeatureAndApplyFilterFlow(BoMonCommonTest.java:1747)
at com.test.BoMonCommonTest.runUiFeatureFlow(BoMonCommonTest.java:1730)
at com.test.chucnang.quanlithongke.F11_1_XemSoGioTrongHocKyTest.F11_1_UI_KiemTraGiaoDien(F11_1_XemSoGioTrongHocKyTest.java:53)
at java.base/jdk.internal.reflect.DirectMethodHandleAccessor.invoke(DirectMethodHandleAccessor.java:103)
at java.base/java.lang.reflect.Method.invoke(Method.java:580)
at org.testng.internal.invokers.MethodInvocationHelper.invokeMethod(MethodInvocationHelper.java:141)
at org.testng.internal.invokers.TestInvoker.invokeMethod(TestInvoker.java:697)
at org.testng.internal.invokers.TestInvoker.invokeTestMethod(TestInvoker.java:230)
at org.testng.internal.invokers.MethodRunner.runInSequence(MethodRunner.java:63)
at org.testng.internal.invokers.TestInvoker$MethodInvocationAgent.invoke(TestInvoker.java:1005)
at org.testng.internal.invokers.TestInvoker.invokeTestMethods(TestInvoker.java:203)
at org.testng.internal.invokers.TestMethodWorker.invokeTestMethods(TestMethodWorker.java:154)
at org.testng.internal.invokers.TestMethodWorker.run(TestMethodWorker.java:134)
at java.base/java.util.ArrayList.forEach(ArrayList.java:1596)
at org.testng.TestRunner.privateRun(TestRunner.java:744)
at org.testng.TestRunner.run(TestRunner.java:616)
at org.testng.SuiteRunner.runTest(SuiteRunner.java:421)
at org.testng.SuiteRunner.runSequentially(SuiteRunner.java:413)
at org.testng.SuiteRunner.privateRun(SuiteRunner.java:373)
at org.testng.SuiteRunner.run(SuiteRunner.java:312)
at org.testng.SuiteRunnerWorker.runSuite(SuiteRunnerWorker.java:52)
at org.testng.SuiteRunnerWorker.run(SuiteRunnerWorker.java:95)
at org.testng.TestNG.runSuitesSequentially(TestNG.java:1274)
at org.testng.TestNG.runSuitesLocally(TestNG.java:1208)
at org.testng.TestNG.runSuites(TestNG.java:1112)
at org.testng.TestNG.run(TestNG.java:1079)
at com.test.RunAllTestNG.main(RunAllTestNG.java:28)
]]>
            </full-stacktrace>
          </exception> <!-- org.openqa.selenium.NoSuchSessionException -->
          <reporter-output>
          </reporter-output>
        </test-method> <!-- F11_1_UI_KiemTraGiaoDien -->
      </class> <!-- com.test.chucnang.quanlithongke.F11_1_XemSoGioTrongHocKyTest -->
      <class name="com.test.chucnang.quanlithongke.F11_11_XemSoGioCaNhanTrongNamTest">
        <test-method signature="F11_11_POS_LuongDung_XemSoGioCaNhanTrongNam()[pri:1, instance:com.test.chucnang.quanlithongke.F11_11_XemSoGioCaNhanTrongNamTest@6293abcc]" started-at="2026-07-24T16:39:12 ICT" name="F11_11_POS_LuongDung_XemSoGioCaNhanTrongNam" finished-at="2026-07-24T16:39:12 ICT" duration-ms="5" status="FAIL">
          <exception class="org.openqa.selenium.NoSuchSessionException">
            <message>
              <![CDATA[invalid session id
Build info: version: '4.44.0', revision: 'da2039b'
System info: os.name: 'Windows 11', os.arch: 'amd64', os.version: '10.0', java.version: '21.0.11'
Driver info: org.openqa.selenium.chrome.ChromeDriver
Command: [3218b20db0e520d4df382d07d141e8db, get {url=https://cntttest.vanlanguni.edu.vn:18081/Phancong02/Timetable/Assign}]
Capabilities {acceptInsecureCerts: true, browserName: chrome, browserVersion: 150.0.7871.184, chrome: {chromedriverVersion: 150.0.7871.124 (9261fd0a595..., userDataDir: C:\selenium-profile\phancon...}, fedcm:accounts: true, goog:chromeOptions: {debuggerAddress: localhost:63229}, goog:processID: 8812, networkConnectionEnabled: false, pageLoadStrategy: eager, platformName: windows, proxy: Proxy(), se:cdp: ws://localhost:63229/devtoo..., se:cdpVersion: 150.0.7871.184, setWindowRect: true, strictFileInteractability: false, timeouts: {implicit: 0, pageLoad: 300000, script: 30000}, unhandledPromptBehavior: dismiss and notify, webauthn:extension:credBlob: true, webauthn:extension:largeBlob: true, webauthn:extension:minPinLength: true, webauthn:extension:prf: true, webauthn:virtualAuthenticators: true}
Session ID: 3218b20db0e520d4df382d07d141e8db]]>
            </message>
            <full-stacktrace>
              <![CDATA[org.openqa.selenium.NoSuchSessionException: invalid session id
Build info: version: '4.44.0', revision: 'da2039b'
System info: os.name: 'Windows 11', os.arch: 'amd64', os.version: '10.0', java.version: '21.0.11'
Driver info: org.openqa.selenium.chrome.ChromeDriver
Command: [3218b20db0e520d4df382d07d141e8db, get {url=https://cntttest.vanlanguni.edu.vn:18081/Phancong02/Timetable/Assign}]
Capabilities {acceptInsecureCerts: true, browserName: chrome, browserVersion: 150.0.7871.184, chrome: {chromedriverVersion: 150.0.7871.124 (9261fd0a595..., userDataDir: C:\selenium-profile\phancon...}, fedcm:accounts: true, goog:chromeOptions: {debuggerAddress: localhost:63229}, goog:processID: 8812, networkConnectionEnabled: false, pageLoadStrategy: eager, platformName: windows, proxy: Proxy(), se:cdp: ws://localhost:63229/devtoo..., se:cdpVersion: 150.0.7871.184, setWindowRect: true, strictFileInteractability: false, timeouts: {implicit: 0, pageLoad: 300000, script: 30000}, unhandledPromptBehavior: dismiss and notify, webauthn:extension:credBlob: true, webauthn:extension:largeBlob: true, webauthn:extension:minPinLength: true, webauthn:extension:prf: true, webauthn:virtualAuthenticators: true}
Session ID: 3218b20db0e520d4df382d07d141e8db
at org.openqa.selenium.remote.ErrorCodec.decode(ErrorCodec.java:169)
at org.openqa.selenium.remote.codec.w3c.W3CHttpResponseCodec.decode(W3CHttpResponseCodec.java:143)
at org.openqa.selenium.remote.codec.w3c.W3CHttpResponseCodec.decode(W3CHttpResponseCodec.java:50)
at org.openqa.selenium.remote.HttpCommandExecutor.execute(HttpCommandExecutor.java:224)
at org.openqa.selenium.remote.service.DriverCommandExecutor.invokeExecute(DriverCommandExecutor.java:217)
at org.openqa.selenium.remote.service.DriverCommandExecutor.execute(DriverCommandExecutor.java:175)
at org.openqa.selenium.remote.RemoteWebDriver.execute(RemoteWebDriver.java:600)
at org.openqa.selenium.remote.RemoteWebDriver.get(RemoteWebDriver.java:366)
at com.test.BaseTest.navigateToAssignPage(BaseTest.java:207)
at com.test.BoMonCommonTest.openFeatureAndApplyFilterFlow(BoMonCommonTest.java:1747)
at com.test.BoMonCommonTest.runPositiveFeatureFlow(BoMonCommonTest.java:1617)
at com.test.chucnang.quanlithongke.F11_11_XemSoGioCaNhanTrongNamTest.F11_11_POS_LuongDung_XemSoGioCaNhanTrongNam(F11_11_XemSoGioCaNhanTrongNamTest.java:28)
at java.base/jdk.internal.reflect.DirectMethodHandleAccessor.invoke(DirectMethodHandleAccessor.java:103)
at java.base/java.lang.reflect.Method.invoke(Method.java:580)
at org.testng.internal.invokers.MethodInvocationHelper.invokeMethod(MethodInvocationHelper.java:141)
at org.testng.internal.invokers.TestInvoker.invokeMethod(TestInvoker.java:697)
at org.testng.internal.invokers.TestInvoker.invokeTestMethod(TestInvoker.java:230)
at org.testng.internal.invokers.MethodRunner.runInSequence(MethodRunner.java:63)
at org.testng.internal.invokers.TestInvoker$MethodInvocationAgent.invoke(TestInvoker.java:1005)
at org.testng.internal.invokers.TestInvoker.invokeTestMethods(TestInvoker.java:203)
at org.testng.internal.invokers.TestMethodWorker.invokeTestMethods(TestMethodWorker.java:154)
at org.testng.internal.invokers.TestMethodWorker.run(TestMethodWorker.java:134)
at java.base/java.util.ArrayList.forEach(ArrayList.java:1596)
at org.testng.TestRunner.privateRun(TestRunner.java:744)
at org.testng.TestRunner.run(TestRunner.java:616)
at org.testng.SuiteRunner.runTest(SuiteRunner.java:421)
at org.testng.SuiteRunner.runSequentially(SuiteRunner.java:413)
at org.testng.SuiteRunner.privateRun(SuiteRunner.java:373)
at org.testng.SuiteRunner.run(SuiteRunner.java:312)
at org.testng.SuiteRunnerWorker.runSuite(SuiteRunnerWorker.java:52)
at org.testng.SuiteRunnerWorker.run(SuiteRunnerWorker.java:95)
at org.testng.TestNG.runSuitesSequentially(TestNG.java:1274)
at org.testng.TestNG.runSuitesLocally(TestNG.java:1208)
at org.testng.TestNG.runSuites(TestNG.java:1112)
at org.testng.TestNG.run(TestNG.java:1079)
at com.test.RunAllTestNG.main(RunAllTestNG.java:28)
]]>
            </full-stacktrace>
          </exception> <!-- org.openqa.selenium.NoSuchSessionException -->
          <reporter-output>
          </reporter-output>
        </test-method> <!-- F11_11_POS_LuongDung_XemSoGioCaNhanTrongNam -->
        <test-method signature="F11_11_NEG_ChuaDangNhapBiChan()[pri:2, instance:com.test.chucnang.quanlithongke.F11_11_XemSoGioCaNhanTrongNamTest@6293abcc]" started-at="2026-07-24T16:39:12 ICT" name="F11_11_NEG_ChuaDangNhapBiChan" finished-at="2026-07-24T16:39:18 ICT" duration-ms="6006" status="PASS">
          <reporter-output>
          </reporter-output>
        </test-method> <!-- F11_11_NEG_ChuaDangNhapBiChan -->
        <test-method signature="F11_11_DATA_KiemTraSoGioCaNhanTrongNam()[pri:3, instance:com.test.chucnang.quanlithongke.F11_11_XemSoGioCaNhanTrongNamTest@6293abcc]" started-at="2026-07-24T16:39:18 ICT" name="F11_11_DATA_KiemTraSoGioCaNhanTrongNam" finished-at="2026-07-24T16:39:18 ICT" duration-ms="3" status="FAIL">
          <exception class="org.openqa.selenium.NoSuchSessionException">
            <message>
              <![CDATA[invalid session id
Build info: version: '4.44.0', revision: 'da2039b'
System info: os.name: 'Windows 11', os.arch: 'amd64', os.version: '10.0', java.version: '21.0.11'
Driver info: org.openqa.selenium.chrome.ChromeDriver
Command: [3218b20db0e520d4df382d07d141e8db, get {url=https://cntttest.vanlanguni.edu.vn:18081/Phancong02/Timetable/Assign}]
Capabilities {acceptInsecureCerts: true, browserName: chrome, browserVersion: 150.0.7871.184, chrome: {chromedriverVersion: 150.0.7871.124 (9261fd0a595..., userDataDir: C:\selenium-profile\phancon...}, fedcm:accounts: true, goog:chromeOptions: {debuggerAddress: localhost:63229}, goog:processID: 8812, networkConnectionEnabled: false, pageLoadStrategy: eager, platformName: windows, proxy: Proxy(), se:cdp: ws://localhost:63229/devtoo..., se:cdpVersion: 150.0.7871.184, setWindowRect: true, strictFileInteractability: false, timeouts: {implicit: 0, pageLoad: 300000, script: 30000}, unhandledPromptBehavior: dismiss and notify, webauthn:extension:credBlob: true, webauthn:extension:largeBlob: true, webauthn:extension:minPinLength: true, webauthn:extension:prf: true, webauthn:virtualAuthenticators: true}
Session ID: 3218b20db0e520d4df382d07d141e8db]]>
            </message>
            <full-stacktrace>
              <![CDATA[org.openqa.selenium.NoSuchSessionException: invalid session id
Build info: version: '4.44.0', revision: 'da2039b'
System info: os.name: 'Windows 11', os.arch: 'amd64', os.version: '10.0', java.version: '21.0.11'
Driver info: org.openqa.selenium.chrome.ChromeDriver
Command: [3218b20db0e520d4df382d07d141e8db, get {url=https://cntttest.vanlanguni.edu.vn:18081/Phancong02/Timetable/Assign}]
Capabilities {acceptInsecureCerts: true, browserName: chrome, browserVersion: 150.0.7871.184, chrome: {chromedriverVersion: 150.0.7871.124 (9261fd0a595..., userDataDir: C:\selenium-profile\phancon...}, fedcm:accounts: true, goog:chromeOptions: {debuggerAddress: localhost:63229}, goog:processID: 8812, networkConnectionEnabled: false, pageLoadStrategy: eager, platformName: windows, proxy: Proxy(), se:cdp: ws://localhost:63229/devtoo..., se:cdpVersion: 150.0.7871.184, setWindowRect: true, strictFileInteractability: false, timeouts: {implicit: 0, pageLoad: 300000, script: 30000}, unhandledPromptBehavior: dismiss and notify, webauthn:extension:credBlob: true, webauthn:extension:largeBlob: true, webauthn:extension:minPinLength: true, webauthn:extension:prf: true, webauthn:virtualAuthenticators: true}
Session ID: 3218b20db0e520d4df382d07d141e8db
at org.openqa.selenium.remote.ErrorCodec.decode(ErrorCodec.java:169)
at org.openqa.selenium.remote.codec.w3c.W3CHttpResponseCodec.decode(W3CHttpResponseCodec.java:143)
at org.openqa.selenium.remote.codec.w3c.W3CHttpResponseCodec.decode(W3CHttpResponseCodec.java:50)
at org.openqa.selenium.remote.HttpCommandExecutor.execute(HttpCommandExecutor.java:224)
at org.openqa.selenium.remote.service.DriverCommandExecutor.invokeExecute(DriverCommandExecutor.java:217)
at org.openqa.selenium.remote.service.DriverCommandExecutor.execute(DriverCommandExecutor.java:175)
at org.openqa.selenium.remote.RemoteWebDriver.execute(RemoteWebDriver.java:600)
at org.openqa.selenium.remote.RemoteWebDriver.get(RemoteWebDriver.java:366)
at com.test.BaseTest.navigateToAssignPage(BaseTest.java:207)
at com.test.BoMonCommonTest.openFeatureAndApplyFilterFlow(BoMonCommonTest.java:1747)
at com.test.BoMonCommonTest.runDataFeatureFlow(BoMonCommonTest.java:1696)
at com.test.chucnang.quanlithongke.F11_11_XemSoGioCaNhanTrongNamTest.F11_11_DATA_KiemTraSoGioCaNhanTrongNam(F11_11_XemSoGioCaNhanTrongNamTest.java:40)
at java.base/jdk.internal.reflect.DirectMethodHandleAccessor.invoke(DirectMethodHandleAccessor.java:103)
at java.base/java.lang.reflect.Method.invoke(Method.java:580)
at org.testng.internal.invokers.MethodInvocationHelper.invokeMethod(MethodInvocationHelper.java:141)
at org.testng.internal.invokers.TestInvoker.invokeMethod(TestInvoker.java:697)
at org.testng.internal.invokers.TestInvoker.invokeTestMethod(TestInvoker.java:230)
at org.testng.internal.invokers.MethodRunner.runInSequence(MethodRunner.java:63)
at org.testng.internal.invokers.TestInvoker$MethodInvocationAgent.invoke(TestInvoker.java:1005)
at org.testng.internal.invokers.TestInvoker.invokeTestMethods(TestInvoker.java:203)
at org.testng.internal.invokers.TestMethodWorker.invokeTestMethods(TestMethodWorker.java:154)
at org.testng.internal.invokers.TestMethodWorker.run(TestMethodWorker.java:134)
at java.base/java.util.ArrayList.forEach(ArrayList.java:1596)
at org.testng.TestRunner.privateRun(TestRunner.java:744)
at org.testng.TestRunner.run(TestRunner.java:616)
at org.testng.SuiteRunner.runTest(SuiteRunner.java:421)
at org.testng.SuiteRunner.runSequentially(SuiteRunner.java:413)
at org.testng.SuiteRunner.privateRun(SuiteRunner.java:373)
at org.testng.SuiteRunner.run(SuiteRunner.java:312)
at org.testng.SuiteRunnerWorker.runSuite(SuiteRunnerWorker.java:52)
at org.testng.SuiteRunnerWorker.run(SuiteRunnerWorker.java:95)
at org.testng.TestNG.runSuitesSequentially(TestNG.java:1274)
at org.testng.TestNG.runSuitesLocally(TestNG.java:1208)
at org.testng.TestNG.runSuites(TestNG.java:1112)
at org.testng.TestNG.run(TestNG.java:1079)
at com.test.RunAllTestNG.main(RunAllTestNG.java:28)
]]>
            </full-stacktrace>
          </exception> <!-- org.openqa.selenium.NoSuchSessionException -->
          <reporter-output>
          </reporter-output>
        </test-method> <!-- F11_11_DATA_KiemTraSoGioCaNhanTrongNam -->
        <test-method signature="F11_11_UI_KiemTraGiaoDien()[pri:4, instance:com.test.chucnang.quanlithongke.F11_11_XemSoGioCaNhanTrongNamTest@6293abcc]" started-at="2026-07-24T16:39:18 ICT" name="F11_11_UI_KiemTraGiaoDien" finished-at="2026-07-24T16:39:18 ICT" duration-ms="2" status="FAIL">
          <exception class="org.openqa.selenium.NoSuchSessionException">
            <message>
              <![CDATA[invalid session id
Build info: version: '4.44.0', revision: 'da2039b'
System info: os.name: 'Windows 11', os.arch: 'amd64', os.version: '10.0', java.version: '21.0.11'
Driver info: org.openqa.selenium.chrome.ChromeDriver
Command: [3218b20db0e520d4df382d07d141e8db, get {url=https://cntttest.vanlanguni.edu.vn:18081/Phancong02/Timetable/Assign}]
Capabilities {acceptInsecureCerts: true, browserName: chrome, browserVersion: 150.0.7871.184, chrome: {chromedriverVersion: 150.0.7871.124 (9261fd0a595..., userDataDir: C:\selenium-profile\phancon...}, fedcm:accounts: true, goog:chromeOptions: {debuggerAddress: localhost:63229}, goog:processID: 8812, networkConnectionEnabled: false, pageLoadStrategy: eager, platformName: windows, proxy: Proxy(), se:cdp: ws://localhost:63229/devtoo..., se:cdpVersion: 150.0.7871.184, setWindowRect: true, strictFileInteractability: false, timeouts: {implicit: 0, pageLoad: 300000, script: 30000}, unhandledPromptBehavior: dismiss and notify, webauthn:extension:credBlob: true, webauthn:extension:largeBlob: true, webauthn:extension:minPinLength: true, webauthn:extension:prf: true, webauthn:virtualAuthenticators: true}
Session ID: 3218b20db0e520d4df382d07d141e8db]]>
            </message>
            <full-stacktrace>
              <![CDATA[org.openqa.selenium.NoSuchSessionException: invalid session id
Build info: version: '4.44.0', revision: 'da2039b'
System info: os.name: 'Windows 11', os.arch: 'amd64', os.version: '10.0', java.version: '21.0.11'
Driver info: org.openqa.selenium.chrome.ChromeDriver
Command: [3218b20db0e520d4df382d07d141e8db, get {url=https://cntttest.vanlanguni.edu.vn:18081/Phancong02/Timetable/Assign}]
Capabilities {acceptInsecureCerts: true, browserName: chrome, browserVersion: 150.0.7871.184, chrome: {chromedriverVersion: 150.0.7871.124 (9261fd0a595..., userDataDir: C:\selenium-profile\phancon...}, fedcm:accounts: true, goog:chromeOptions: {debuggerAddress: localhost:63229}, goog:processID: 8812, networkConnectionEnabled: false, pageLoadStrategy: eager, platformName: windows, proxy: Proxy(), se:cdp: ws://localhost:63229/devtoo..., se:cdpVersion: 150.0.7871.184, setWindowRect: true, strictFileInteractability: false, timeouts: {implicit: 0, pageLoad: 300000, script: 30000}, unhandledPromptBehavior: dismiss and notify, webauthn:extension:credBlob: true, webauthn:extension:largeBlob: true, webauthn:extension:minPinLength: true, webauthn:extension:prf: true, webauthn:virtualAuthenticators: true}
Session ID: 3218b20db0e520d4df382d07d141e8db
at org.openqa.selenium.remote.ErrorCodec.decode(ErrorCodec.java:169)
at org.openqa.selenium.remote.codec.w3c.W3CHttpResponseCodec.decode(W3CHttpResponseCodec.java:143)
at org.openqa.selenium.remote.codec.w3c.W3CHttpResponseCodec.decode(W3CHttpResponseCodec.java:50)
at org.openqa.selenium.remote.HttpCommandExecutor.execute(HttpCommandExecutor.java:224)
at org.openqa.selenium.remote.service.DriverCommandExecutor.invokeExecute(DriverCommandExecutor.java:217)
at org.openqa.selenium.remote.service.DriverCommandExecutor.execute(DriverCommandExecutor.java:175)
at org.openqa.selenium.remote.RemoteWebDriver.execute(RemoteWebDriver.java:600)
at org.openqa.selenium.remote.RemoteWebDriver.get(RemoteWebDriver.java:366)
at com.test.BaseTest.navigateToAssignPage(BaseTest.java:207)
at com.test.BoMonCommonTest.openFeatureAndApplyFilterFlow(BoMonCommonTest.java:1747)
at com.test.BoMonCommonTest.runUiFeatureFlow(BoMonCommonTest.java:1730)
at com.test.chucnang.quanlithongke.F11_11_XemSoGioCaNhanTrongNamTest.F11_11_UI_KiemTraGiaoDien(F11_11_XemSoGioCaNhanTrongNamTest.java:46)
at java.base/jdk.internal.reflect.DirectMethodHandleAccessor.invoke(DirectMethodHandleAccessor.java:103)
at java.base/java.lang.reflect.Method.invoke(Method.java:580)
at org.testng.internal.invokers.MethodInvocationHelper.invokeMethod(MethodInvocationHelper.java:141)
at org.testng.internal.invokers.TestInvoker.invokeMethod(TestInvoker.java:697)
at org.testng.internal.invokers.TestInvoker.invokeTestMethod(TestInvoker.java:230)
at org.testng.internal.invokers.MethodRunner.runInSequence(MethodRunner.java:63)
at org.testng.internal.invokers.TestInvoker$MethodInvocationAgent.invoke(TestInvoker.java:1005)
at org.testng.internal.invokers.TestInvoker.invokeTestMethods(TestInvoker.java:203)
at org.testng.internal.invokers.TestMethodWorker.invokeTestMethods(TestMethodWorker.java:154)
at org.testng.internal.invokers.TestMethodWorker.run(TestMethodWorker.java:134)
at java.base/java.util.ArrayList.forEach(ArrayList.java:1596)
at org.testng.TestRunner.privateRun(TestRunner.java:744)
at org.testng.TestRunner.run(TestRunner.java:616)
at org.testng.SuiteRunner.runTest(SuiteRunner.java:421)
at org.testng.SuiteRunner.runSequentially(SuiteRunner.java:413)
at org.testng.SuiteRunner.privateRun(SuiteRunner.java:373)
at org.testng.SuiteRunner.run(SuiteRunner.java:312)
at org.testng.SuiteRunnerWorker.runSuite(SuiteRunnerWorker.java:52)
at org.testng.SuiteRunnerWorker.run(SuiteRunnerWorker.java:95)
at org.testng.TestNG.runSuitesSequentially(TestNG.java:1274)
at org.testng.TestNG.runSuitesLocally(TestNG.java:1208)
at org.testng.TestNG.runSuites(TestNG.java:1112)
at org.testng.TestNG.run(TestNG.java:1079)
at com.test.RunAllTestNG.main(RunAllTestNG.java:28)
]]>
            </full-stacktrace>
          </exception> <!-- org.openqa.selenium.NoSuchSessionException -->
          <reporter-output>
          </reporter-output>
        </test-method> <!-- F11_11_UI_KiemTraGiaoDien -->
      </class> <!-- com.test.chucnang.quanlithongke.F11_11_XemSoGioCaNhanTrongNamTest -->
      <class name="com.test.chucnang.quanlithoikhoabieu.F10_2_XemThoiKhoaBieuToanKhoaTest">
        <test-method signature="F10_2_POS_XemThoiKhoaBieuToanKhoaThanhCong()[pri:1, instance:com.test.chucnang.quanlithoikhoabieu.F10_2_XemThoiKhoaBieuToanKhoaTest@10db82ae]" started-at="2026-07-24T16:36:43 ICT" name="F10_2_POS_XemThoiKhoaBieuToanKhoaThanhCong" finished-at="2026-07-24T16:36:47 ICT" duration-ms="3620" status="FAIL">
          <exception class="java.lang.AssertionError">
            <message>
              <![CDATA[Chua dang nhap hoac bi da ve trang Login expected [true] but found [false]]]>
            </message>
            <full-stacktrace>
              <![CDATA[java.lang.AssertionError: Chua dang nhap hoac bi da ve trang Login expected [true] but found [false]
at org.testng.Assert.fail(Assert.java:111)
at org.testng.Assert.failNotEquals(Assert.java:1590)
at org.testng.Assert.assertTrue(Assert.java:57)
at com.test.BaseTest.navigateToAssignPage(BaseTest.java:211)
at com.test.BoMonCommonTest.runPositiveFeature(BoMonCommonTest.java:1260)
at com.test.chucnang.quanlithoikhoabieu.F10_2_XemThoiKhoaBieuToanKhoaTest.F10_2_POS_XemThoiKhoaBieuToanKhoaThanhCong(F10_2_XemThoiKhoaBieuToanKhoaTest.java:28)
at java.base/jdk.internal.reflect.DirectMethodHandleAccessor.invoke(DirectMethodHandleAccessor.java:103)
at java.base/java.lang.reflect.Method.invoke(Method.java:580)
at org.testng.internal.invokers.MethodInvocationHelper.invokeMethod(MethodInvocationHelper.java:141)
at org.testng.internal.invokers.TestInvoker.invokeMethod(TestInvoker.java:697)
at org.testng.internal.invokers.TestInvoker.invokeTestMethod(TestInvoker.java:230)
at org.testng.internal.invokers.MethodRunner.runInSequence(MethodRunner.java:63)
at org.testng.internal.invokers.TestInvoker$MethodInvocationAgent.invoke(TestInvoker.java:1005)
at org.testng.internal.invokers.TestInvoker.invokeTestMethods(TestInvoker.java:203)
at org.testng.internal.invokers.TestMethodWorker.invokeTestMethods(TestMethodWorker.java:154)
at org.testng.internal.invokers.TestMethodWorker.run(TestMethodWorker.java:134)
at java.base/java.util.ArrayList.forEach(ArrayList.java:1596)
at org.testng.TestRunner.privateRun(TestRunner.java:744)
at org.testng.TestRunner.run(TestRunner.java:616)
at org.testng.SuiteRunner.runTest(SuiteRunner.java:421)
at org.testng.SuiteRunner.runSequentially(SuiteRunner.java:413)
at org.testng.SuiteRunner.privateRun(SuiteRunner.java:373)
at org.testng.SuiteRunner.run(SuiteRunner.java:312)
at org.testng.SuiteRunnerWorker.runSuite(SuiteRunnerWorker.java:52)
at org.testng.SuiteRunnerWorker.run(SuiteRunnerWorker.java:95)
at org.testng.TestNG.runSuitesSequentially(TestNG.java:1274)
at org.testng.TestNG.runSuitesLocally(TestNG.java:1208)
at org.testng.TestNG.runSuites(TestNG.java:1112)
at org.testng.TestNG.run(TestNG.java:1079)
at com.test.RunAllTestNG.main(RunAllTestNG.java:28)
]]>
            </full-stacktrace>
          </exception> <!-- java.lang.AssertionError -->
          <reporter-output>
          </reporter-output>
        </test-method> <!-- F10_2_POS_XemThoiKhoaBieuToanKhoaThanhCong -->
        <test-method signature="F10_2_NEG_ChuaDangNhapKhongXemDuocThoiKhoaBieuToanKhoa()[pri:2, instance:com.test.chucnang.quanlithoikhoabieu.F10_2_XemThoiKhoaBieuToanKhoaTest@10db82ae]" started-at="2026-07-24T16:36:47 ICT" name="F10_2_NEG_ChuaDangNhapKhongXemDuocThoiKhoaBieuToanKhoa" finished-at="2026-07-24T16:36:51 ICT" duration-ms="4715" status="PASS">
          <reporter-output>
          </reporter-output>
        </test-method> <!-- F10_2_NEG_ChuaDangNhapKhongXemDuocThoiKhoaBieuToanKhoa -->
        <test-method signature="F10_2_DATA_XemThoiKhoaBieuToanKhoa(java.lang.String,[Ljava.lang.String;)[pri:3, instance:com.test.chucnang.quanlithoikhoabieu.F10_2_XemThoiKhoaBieuToanKhoaTest@10db82ae]" started-at="2026-07-24T16:36:51 ICT" name="F10_2_DATA_XemThoiKhoaBieuToanKhoa" data-provider="F10_2_Data" finished-at="2026-07-24T16:36:55 ICT" duration-ms="3602" status="FAIL">
          <params>
            <param index="0">
              <value>
                <![CDATA[Kiểm tra tiêu đề toàn khoa]]>
              </value>
            </param>
            <param index="1">
              <value>
                <![CDATA[[Ljava.lang.String;@2bfeb1ef]]>
              </value>
            </param>
          </params>
          <exception class="java.lang.AssertionError">
            <message>
              <![CDATA[Chua dang nhap hoac bi da ve trang Login expected [true] but found [false]]]>
            </message>
            <full-stacktrace>
              <![CDATA[java.lang.AssertionError: Chua dang nhap hoac bi da ve trang Login expected [true] but found [false]
at org.testng.Assert.fail(Assert.java:111)
at org.testng.Assert.failNotEquals(Assert.java:1590)
at org.testng.Assert.assertTrue(Assert.java:57)
at com.test.BaseTest.navigateToAssignPage(BaseTest.java:211)
at com.test.BoMonCommonTest.runDataFeature(BoMonCommonTest.java:1290)
at com.test.chucnang.quanlithoikhoabieu.F10_2_XemThoiKhoaBieuToanKhoaTest.F10_2_DATA_XemThoiKhoaBieuToanKhoa(F10_2_XemThoiKhoaBieuToanKhoaTest.java:48)
at java.base/jdk.internal.reflect.DirectMethodHandleAccessor.invoke(DirectMethodHandleAccessor.java:103)
at java.base/java.lang.reflect.Method.invoke(Method.java:580)
at org.testng.internal.invokers.MethodInvocationHelper.invokeMethod(MethodInvocationHelper.java:141)
at org.testng.internal.invokers.TestInvoker.invokeMethod(TestInvoker.java:697)
at org.testng.internal.invokers.TestInvoker.invokeTestMethod(TestInvoker.java:230)
at org.testng.internal.invokers.MethodRunner.runInSequence(MethodRunner.java:63)
at org.testng.internal.invokers.TestInvoker$MethodInvocationAgent.invoke(TestInvoker.java:1005)
at org.testng.internal.invokers.TestInvoker.invokeTestMethods(TestInvoker.java:203)
at org.testng.internal.invokers.TestMethodWorker.invokeTestMethods(TestMethodWorker.java:154)
at org.testng.internal.invokers.TestMethodWorker.run(TestMethodWorker.java:134)
at java.base/java.util.ArrayList.forEach(ArrayList.java:1596)
at org.testng.TestRunner.privateRun(TestRunner.java:744)
at org.testng.TestRunner.run(TestRunner.java:616)
at org.testng.SuiteRunner.runTest(SuiteRunner.java:421)
at org.testng.SuiteRunner.runSequentially(SuiteRunner.java:413)
at org.testng.SuiteRunner.privateRun(SuiteRunner.java:373)
at org.testng.SuiteRunner.run(SuiteRunner.java:312)
at org.testng.SuiteRunnerWorker.runSuite(SuiteRunnerWorker.java:52)
at org.testng.SuiteRunnerWorker.run(SuiteRunnerWorker.java:95)
at org.testng.TestNG.runSuitesSequentially(TestNG.java:1274)
at org.testng.TestNG.runSuitesLocally(TestNG.java:1208)
at org.testng.TestNG.runSuites(TestNG.java:1112)
at org.testng.TestNG.run(TestNG.java:1079)
at com.test.RunAllTestNG.main(RunAllTestNG.java:28)
]]>
            </full-stacktrace>
          </exception> <!-- java.lang.AssertionError -->
          <reporter-output>
          </reporter-output>
        </test-method> <!-- F10_2_DATA_XemThoiKhoaBieuToanKhoa -->
        <test-method signature="F10_2_DATA_XemThoiKhoaBieuToanKhoa(java.lang.String,[Ljava.lang.String;)[pri:3, instance:com.test.chucnang.quanlithoikhoabieu.F10_2_XemThoiKhoaBieuToanKhoaTest@10db82ae]" started-at="2026-07-24T16:36:55 ICT" name="F10_2_DATA_XemThoiKhoaBieuToanKhoa" data-provider="F10_2_Data" finished-at="2026-07-24T16:36:59 ICT" duration-ms="3862" status="FAIL">
          <params>
            <param index="0">
              <value>
                <![CDATA[Kiểm tra xem theo tuần]]>
              </value>
            </param>
            <param index="1">
              <value>
                <![CDATA[[Ljava.lang.String;@27494e46]]>
              </value>
            </param>
          </params>
          <exception class="java.lang.AssertionError">
            <message>
              <![CDATA[Chua dang nhap hoac bi da ve trang Login expected [true] but found [false]]]>
            </message>
            <full-stacktrace>
              <![CDATA[java.lang.AssertionError: Chua dang nhap hoac bi da ve trang Login expected [true] but found [false]
at org.testng.Assert.fail(Assert.java:111)
at org.testng.Assert.failNotEquals(Assert.java:1590)
at org.testng.Assert.assertTrue(Assert.java:57)
at com.test.BaseTest.navigateToAssignPage(BaseTest.java:211)
at com.test.BoMonCommonTest.runDataFeature(BoMonCommonTest.java:1290)
at com.test.chucnang.quanlithoikhoabieu.F10_2_XemThoiKhoaBieuToanKhoaTest.F10_2_DATA_XemThoiKhoaBieuToanKhoa(F10_2_XemThoiKhoaBieuToanKhoaTest.java:48)
at java.base/jdk.internal.reflect.DirectMethodHandleAccessor.invoke(DirectMethodHandleAccessor.java:103)
at java.base/java.lang.reflect.Method.invoke(Method.java:580)
at org.testng.internal.invokers.MethodInvocationHelper.invokeMethod(MethodInvocationHelper.java:141)
at org.testng.internal.invokers.TestInvoker.invokeMethod(TestInvoker.java:697)
at org.testng.internal.invokers.TestInvoker.invokeTestMethod(TestInvoker.java:230)
at org.testng.internal.invokers.MethodRunner.runInSequence(MethodRunner.java:63)
at org.testng.internal.invokers.TestInvoker$MethodInvocationAgent.invoke(TestInvoker.java:1005)
at org.testng.internal.invokers.TestInvoker.invokeTestMethods(TestInvoker.java:203)
at org.testng.internal.invokers.TestMethodWorker.invokeTestMethods(TestMethodWorker.java:154)
at org.testng.internal.invokers.TestMethodWorker.run(TestMethodWorker.java:134)
at java.base/java.util.ArrayList.forEach(ArrayList.java:1596)
at org.testng.TestRunner.privateRun(TestRunner.java:744)
at org.testng.TestRunner.run(TestRunner.java:616)
at org.testng.SuiteRunner.runTest(SuiteRunner.java:421)
at org.testng.SuiteRunner.runSequentially(SuiteRunner.java:413)
at org.testng.SuiteRunner.privateRun(SuiteRunner.java:373)
at org.testng.SuiteRunner.run(SuiteRunner.java:312)
at org.testng.SuiteRunnerWorker.runSuite(SuiteRunnerWorker.java:52)
at org.testng.SuiteRunnerWorker.run(SuiteRunnerWorker.java:95)
at org.testng.TestNG.runSuitesSequentially(TestNG.java:1274)
at org.testng.TestNG.runSuitesLocally(TestNG.java:1208)
at org.testng.TestNG.runSuites(TestNG.java:1112)
at org.testng.TestNG.run(TestNG.java:1079)
at com.test.RunAllTestNG.main(RunAllTestNG.java:28)
]]>
            </full-stacktrace>
          </exception> <!-- java.lang.AssertionError -->
          <reporter-output>
          </reporter-output>
        </test-method> <!-- F10_2_DATA_XemThoiKhoaBieuToanKhoa -->
        <test-method signature="F10_2_DATA_XemThoiKhoaBieuToanKhoa(java.lang.String,[Ljava.lang.String;)[pri:3, instance:com.test.chucnang.quanlithoikhoabieu.F10_2_XemThoiKhoaBieuToanKhoaTest@10db82ae]" started-at="2026-07-24T16:36:59 ICT" name="F10_2_DATA_XemThoiKhoaBieuToanKhoa" data-provider="F10_2_Data" finished-at="2026-07-24T16:37:03 ICT" duration-ms="4100" status="FAIL">
          <params>
            <param index="0">
              <value>
                <![CDATA[Kiểm tra dữ liệu thời khóa biểu]]>
              </value>
            </param>
            <param index="1">
              <value>
                <![CDATA[[Ljava.lang.String;@38f2e97e]]>
              </value>
            </param>
          </params>
          <exception class="java.lang.AssertionError">
            <message>
              <![CDATA[Chua dang nhap hoac bi da ve trang Login expected [true] but found [false]]]>
            </message>
            <full-stacktrace>
              <![CDATA[java.lang.AssertionError: Chua dang nhap hoac bi da ve trang Login expected [true] but found [false]
at org.testng.Assert.fail(Assert.java:111)
at org.testng.Assert.failNotEquals(Assert.java:1590)
at org.testng.Assert.assertTrue(Assert.java:57)
at com.test.BaseTest.navigateToAssignPage(BaseTest.java:211)
at com.test.BoMonCommonTest.runDataFeature(BoMonCommonTest.java:1290)
at com.test.chucnang.quanlithoikhoabieu.F10_2_XemThoiKhoaBieuToanKhoaTest.F10_2_DATA_XemThoiKhoaBieuToanKhoa(F10_2_XemThoiKhoaBieuToanKhoaTest.java:48)
at java.base/jdk.internal.reflect.DirectMethodHandleAccessor.invoke(DirectMethodHandleAccessor.java:103)
at java.base/java.lang.reflect.Method.invoke(Method.java:580)
at org.testng.internal.invokers.MethodInvocationHelper.invokeMethod(MethodInvocationHelper.java:141)
at org.testng.internal.invokers.TestInvoker.invokeMethod(TestInvoker.java:697)
at org.testng.internal.invokers.TestInvoker.invokeTestMethod(TestInvoker.java:230)
at org.testng.internal.invokers.MethodRunner.runInSequence(MethodRunner.java:63)
at org.testng.internal.invokers.TestInvoker$MethodInvocationAgent.invoke(TestInvoker.java:1005)
at org.testng.internal.invokers.TestInvoker.invokeTestMethods(TestInvoker.java:203)
at org.testng.internal.invokers.TestMethodWorker.invokeTestMethods(TestMethodWorker.java:154)
at org.testng.internal.invokers.TestMethodWorker.run(TestMethodWorker.java:134)
at java.base/java.util.ArrayList.forEach(ArrayList.java:1596)
at org.testng.TestRunner.privateRun(TestRunner.java:744)
at org.testng.TestRunner.run(TestRunner.java:616)
at org.testng.SuiteRunner.runTest(SuiteRunner.java:421)
at org.testng.SuiteRunner.runSequentially(SuiteRunner.java:413)
at org.testng.SuiteRunner.privateRun(SuiteRunner.java:373)
at org.testng.SuiteRunner.run(SuiteRunner.java:312)
at org.testng.SuiteRunnerWorker.runSuite(SuiteRunnerWorker.java:52)
at org.testng.SuiteRunnerWorker.run(SuiteRunnerWorker.java:95)
at org.testng.TestNG.runSuitesSequentially(TestNG.java:1274)
at org.testng.TestNG.runSuitesLocally(TestNG.java:1208)
at org.testng.TestNG.runSuites(TestNG.java:1112)
at org.testng.TestNG.run(TestNG.java:1079)
at com.test.RunAllTestNG.main(RunAllTestNG.java:28)
]]>
            </full-stacktrace>
          </exception> <!-- java.lang.AssertionError -->
          <reporter-output>
          </reporter-output>
        </test-method> <!-- F10_2_DATA_XemThoiKhoaBieuToanKhoa -->
      </class> <!-- com.test.chucnang.quanlithoikhoabieu.F10_2_XemThoiKhoaBieuToanKhoaTest -->
      <class name="com.test.chucnang.quanlithongke.F11_5_XemSoGioTheoTietHocTrongHocKyTest">
        <test-method signature="F11_5_POS_LuongDung_XemSoGioTheoTietHocTrongHocKy()[pri:1, instance:com.test.chucnang.quanlithongke.F11_5_XemSoGioTheoTietHocTrongHocKyTest@79ad8b2f]" started-at="2026-07-24T16:38:37 ICT" name="F11_5_POS_LuongDung_XemSoGioTheoTietHocTrongHocKy" finished-at="2026-07-24T16:38:37 ICT" duration-ms="3" status="FAIL">
          <exception class="org.openqa.selenium.NoSuchSessionException">
            <message>
              <![CDATA[invalid session id
Build info: version: '4.44.0', revision: 'da2039b'
System info: os.name: 'Windows 11', os.arch: 'amd64', os.version: '10.0', java.version: '21.0.11'
Driver info: org.openqa.selenium.chrome.ChromeDriver
Command: [3218b20db0e520d4df382d07d141e8db, get {url=https://cntttest.vanlanguni.edu.vn:18081/Phancong02/Timetable/Assign}]
Capabilities {acceptInsecureCerts: true, browserName: chrome, browserVersion: 150.0.7871.184, chrome: {chromedriverVersion: 150.0.7871.124 (9261fd0a595..., userDataDir: C:\selenium-profile\phancon...}, fedcm:accounts: true, goog:chromeOptions: {debuggerAddress: localhost:63229}, goog:processID: 8812, networkConnectionEnabled: false, pageLoadStrategy: eager, platformName: windows, proxy: Proxy(), se:cdp: ws://localhost:63229/devtoo..., se:cdpVersion: 150.0.7871.184, setWindowRect: true, strictFileInteractability: false, timeouts: {implicit: 0, pageLoad: 300000, script: 30000}, unhandledPromptBehavior: dismiss and notify, webauthn:extension:credBlob: true, webauthn:extension:largeBlob: true, webauthn:extension:minPinLength: true, webauthn:extension:prf: true, webauthn:virtualAuthenticators: true}
Session ID: 3218b20db0e520d4df382d07d141e8db]]>
            </message>
            <full-stacktrace>
              <![CDATA[org.openqa.selenium.NoSuchSessionException: invalid session id
Build info: version: '4.44.0', revision: 'da2039b'
System info: os.name: 'Windows 11', os.arch: 'amd64', os.version: '10.0', java.version: '21.0.11'
Driver info: org.openqa.selenium.chrome.ChromeDriver
Command: [3218b20db0e520d4df382d07d141e8db, get {url=https://cntttest.vanlanguni.edu.vn:18081/Phancong02/Timetable/Assign}]
Capabilities {acceptInsecureCerts: true, browserName: chrome, browserVersion: 150.0.7871.184, chrome: {chromedriverVersion: 150.0.7871.124 (9261fd0a595..., userDataDir: C:\selenium-profile\phancon...}, fedcm:accounts: true, goog:chromeOptions: {debuggerAddress: localhost:63229}, goog:processID: 8812, networkConnectionEnabled: false, pageLoadStrategy: eager, platformName: windows, proxy: Proxy(), se:cdp: ws://localhost:63229/devtoo..., se:cdpVersion: 150.0.7871.184, setWindowRect: true, strictFileInteractability: false, timeouts: {implicit: 0, pageLoad: 300000, script: 30000}, unhandledPromptBehavior: dismiss and notify, webauthn:extension:credBlob: true, webauthn:extension:largeBlob: true, webauthn:extension:minPinLength: true, webauthn:extension:prf: true, webauthn:virtualAuthenticators: true}
Session ID: 3218b20db0e520d4df382d07d141e8db
at org.openqa.selenium.remote.ErrorCodec.decode(ErrorCodec.java:169)
at org.openqa.selenium.remote.codec.w3c.W3CHttpResponseCodec.decode(W3CHttpResponseCodec.java:143)
at org.openqa.selenium.remote.codec.w3c.W3CHttpResponseCodec.decode(W3CHttpResponseCodec.java:50)
at org.openqa.selenium.remote.HttpCommandExecutor.execute(HttpCommandExecutor.java:224)
at org.openqa.selenium.remote.service.DriverCommandExecutor.invokeExecute(DriverCommandExecutor.java:217)
at org.openqa.selenium.remote.service.DriverCommandExecutor.execute(DriverCommandExecutor.java:175)
at org.openqa.selenium.remote.RemoteWebDriver.execute(RemoteWebDriver.java:600)
at org.openqa.selenium.remote.RemoteWebDriver.get(RemoteWebDriver.java:366)
at com.test.BaseTest.navigateToAssignPage(BaseTest.java:207)
at com.test.BoMonCommonTest.openFeatureAndApplyFilterFlow(BoMonCommonTest.java:1747)
at com.test.BoMonCommonTest.runPositiveFeatureFlow(BoMonCommonTest.java:1617)
at com.test.chucnang.quanlithongke.F11_5_XemSoGioTheoTietHocTrongHocKyTest.F11_5_POS_LuongDung_XemSoGioTheoTietHocTrongHocKy(F11_5_XemSoGioTheoTietHocTrongHocKyTest.java:36)
at java.base/jdk.internal.reflect.DirectMethodHandleAccessor.invoke(DirectMethodHandleAccessor.java:103)
at java.base/java.lang.reflect.Method.invoke(Method.java:580)
at org.testng.internal.invokers.MethodInvocationHelper.invokeMethod(MethodInvocationHelper.java:141)
at org.testng.internal.invokers.TestInvoker.invokeMethod(TestInvoker.java:697)
at org.testng.internal.invokers.TestInvoker.invokeTestMethod(TestInvoker.java:230)
at org.testng.internal.invokers.MethodRunner.runInSequence(MethodRunner.java:63)
at org.testng.internal.invokers.TestInvoker$MethodInvocationAgent.invoke(TestInvoker.java:1005)
at org.testng.internal.invokers.TestInvoker.invokeTestMethods(TestInvoker.java:203)
at org.testng.internal.invokers.TestMethodWorker.invokeTestMethods(TestMethodWorker.java:154)
at org.testng.internal.invokers.TestMethodWorker.run(TestMethodWorker.java:134)
at java.base/java.util.ArrayList.forEach(ArrayList.java:1596)
at org.testng.TestRunner.privateRun(TestRunner.java:744)
at org.testng.TestRunner.run(TestRunner.java:616)
at org.testng.SuiteRunner.runTest(SuiteRunner.java:421)
at org.testng.SuiteRunner.runSequentially(SuiteRunner.java:413)
at org.testng.SuiteRunner.privateRun(SuiteRunner.java:373)
at org.testng.SuiteRunner.run(SuiteRunner.java:312)
at org.testng.SuiteRunnerWorker.runSuite(SuiteRunnerWorker.java:52)
at org.testng.SuiteRunnerWorker.run(SuiteRunnerWorker.java:95)
at org.testng.TestNG.runSuitesSequentially(TestNG.java:1274)
at org.testng.TestNG.runSuitesLocally(TestNG.java:1208)
at org.testng.TestNG.runSuites(TestNG.java:1112)
at org.testng.TestNG.run(TestNG.java:1079)
at com.test.RunAllTestNG.main(RunAllTestNG.java:28)
]]>
            </full-stacktrace>
          </exception> <!-- org.openqa.selenium.NoSuchSessionException -->
          <reporter-output>
          </reporter-output>
        </test-method> <!-- F11_5_POS_LuongDung_XemSoGioTheoTietHocTrongHocKy -->
        <test-method signature="F11_5_NEG_ChuaDangNhapBiChan()[pri:2, instance:com.test.chucnang.quanlithongke.F11_5_XemSoGioTheoTietHocTrongHocKyTest@79ad8b2f]" started-at="2026-07-24T16:38:37 ICT" name="F11_5_NEG_ChuaDangNhapBiChan" finished-at="2026-07-24T16:38:45 ICT" duration-ms="7570" status="PASS">
          <reporter-output>
          </reporter-output>
        </test-method> <!-- F11_5_NEG_ChuaDangNhapBiChan -->
        <test-method signature="F11_5_DATA_KiemTraSoGioTheoTietHocTrongHocKy()[pri:3, instance:com.test.chucnang.quanlithongke.F11_5_XemSoGioTheoTietHocTrongHocKyTest@79ad8b2f]" started-at="2026-07-24T16:38:45 ICT" name="F11_5_DATA_KiemTraSoGioTheoTietHocTrongHocKy" finished-at="2026-07-24T16:38:45 ICT" duration-ms="2" status="FAIL">
          <exception class="org.openqa.selenium.NoSuchSessionException">
            <message>
              <![CDATA[invalid session id
Build info: version: '4.44.0', revision: 'da2039b'
System info: os.name: 'Windows 11', os.arch: 'amd64', os.version: '10.0', java.version: '21.0.11'
Driver info: org.openqa.selenium.chrome.ChromeDriver
Command: [3218b20db0e520d4df382d07d141e8db, get {url=https://cntttest.vanlanguni.edu.vn:18081/Phancong02/Timetable/Assign}]
Capabilities {acceptInsecureCerts: true, browserName: chrome, browserVersion: 150.0.7871.184, chrome: {chromedriverVersion: 150.0.7871.124 (9261fd0a595..., userDataDir: C:\selenium-profile\phancon...}, fedcm:accounts: true, goog:chromeOptions: {debuggerAddress: localhost:63229}, goog:processID: 8812, networkConnectionEnabled: false, pageLoadStrategy: eager, platformName: windows, proxy: Proxy(), se:cdp: ws://localhost:63229/devtoo..., se:cdpVersion: 150.0.7871.184, setWindowRect: true, strictFileInteractability: false, timeouts: {implicit: 0, pageLoad: 300000, script: 30000}, unhandledPromptBehavior: dismiss and notify, webauthn:extension:credBlob: true, webauthn:extension:largeBlob: true, webauthn:extension:minPinLength: true, webauthn:extension:prf: true, webauthn:virtualAuthenticators: true}
Session ID: 3218b20db0e520d4df382d07d141e8db]]>
            </message>
            <full-stacktrace>
              <![CDATA[org.openqa.selenium.NoSuchSessionException: invalid session id
Build info: version: '4.44.0', revision: 'da2039b'
System info: os.name: 'Windows 11', os.arch: 'amd64', os.version: '10.0', java.version: '21.0.11'
Driver info: org.openqa.selenium.chrome.ChromeDriver
Command: [3218b20db0e520d4df382d07d141e8db, get {url=https://cntttest.vanlanguni.edu.vn:18081/Phancong02/Timetable/Assign}]
Capabilities {acceptInsecureCerts: true, browserName: chrome, browserVersion: 150.0.7871.184, chrome: {chromedriverVersion: 150.0.7871.124 (9261fd0a595..., userDataDir: C:\selenium-profile\phancon...}, fedcm:accounts: true, goog:chromeOptions: {debuggerAddress: localhost:63229}, goog:processID: 8812, networkConnectionEnabled: false, pageLoadStrategy: eager, platformName: windows, proxy: Proxy(), se:cdp: ws://localhost:63229/devtoo..., se:cdpVersion: 150.0.7871.184, setWindowRect: true, strictFileInteractability: false, timeouts: {implicit: 0, pageLoad: 300000, script: 30000}, unhandledPromptBehavior: dismiss and notify, webauthn:extension:credBlob: true, webauthn:extension:largeBlob: true, webauthn:extension:minPinLength: true, webauthn:extension:prf: true, webauthn:virtualAuthenticators: true}
[...]
at org.testng.internal.invokers.MethodRunner.runInSequence(MethodRunner.java:63)
at org.testng.internal.invokers.TestInvoker$MethodInvocationAgent.invoke(TestInvoker.java:1005)
at org.testng.internal.invokers.TestInvoker.invokeTestMethods(TestInvoker.java:203)
at org.testng.internal.invokers.TestMethodWorker.invokeTestMethods(TestMethodWorker.java:154)
at org.testng.internal.invokers.TestMethodWorker.run(TestMethodWorker.java:134)
at java.base/java.util.ArrayList.forEach(ArrayList.java:1596)
at org.testng.TestRunner.privateRun(TestRunner.java:744)
at org.testng.TestRunner.run(TestRunner.java:616)
at org.testng.SuiteRunner.runTest(SuiteRunner.java:421)
at org.testng.SuiteRunner.runSequentially(SuiteRunner.java:413)
at org.testng.SuiteRunner.privateRun(SuiteRunner.java:373)
at org.testng.SuiteRunner.run(SuiteRunner.java:312)
at org.testng.SuiteRunnerWorker.runSuite(SuiteRunnerWorker.java:52)
at org.testng.SuiteRunnerWorker.run(SuiteRunnerWorker.java:95)
at org.testng.TestNG.runSuitesSequentially(TestNG.java:1274)
at org.testng.TestNG.runSuitesLocally(TestNG.java:1208)
at org.testng.TestNG.runSuites(TestNG.java:1112)
at org.testng.TestNG.run(TestNG.java:1079)
at com.test.RunAllTestNG.main(RunAllTestNG.java:28)
]]>
            </full-stacktrace>
          </exception> <!-- org.openqa.selenium.NoSuchSessionException -->
          <reporter-output>
          </reporter-output>
        </test-method> <!-- F11_6_UI_KiemTraGiaoDien -->
      </class> <!-- com.test.chucnang.quanlithongke.F11_6_XemSoGioTheoTietHocTrongNamTest -->
      <class name="com.test.chucnang.quanlithongke.F11_4_XemSoMonHocTrongNamTest">
        <test-method signature="F11_4_POS_LuongDung_XemSoMonHocTrongNam()[pri:1, instance:com.test.chucnang.quanlithongke.F11_4_XemSoMonHocTrongNamTest@402e37bc]" started-at="2026-07-24T16:38:30 ICT" name="F11_4_POS_LuongDung_XemSoMonHocTrongNam" finished-at="2026-07-24T16:38:30 ICT" duration-ms="1" status="FAIL">
          <exception class="org.openqa.selenium.NoSuchSessionException">
            <message>
              <![CDATA[invalid session id
Build info: version: '4.44.0', revision: 'da2039b'
System info: os.name: 'Windows 11', os.arch: 'amd64', os.version: '10.0', java.version: '21.0.11'
Driver info: org.openqa.selenium.chrome.ChromeDriver
Command: [3218b20db0e520d4df382d07d141e8db, get {url=https://cntttest.vanlanguni.edu.vn:18081/Phancong02/Timetable/Assign}]
Capabilities {acceptInsecureCerts: true, browserName: chrome, browserVersion: 150.0.7871.184, chrome: {chromedriverVersion: 150.0.7871.124 (9261fd0a595..., userDataDir: C:\selenium-profile\phancon...}, fedcm:accounts: true, goog:chromeOptions: {debuggerAddress: localhost:63229}, goog:processID: 8812, networkConnectionEnabled: false, pageLoadStrategy: eager, platformName: windows, proxy: Proxy(), se:cdp: ws://localhost:63229/devtoo..., se:cdpVersion: 150.0.7871.184, setWindowRect: true, strictFileInteractability: false, timeouts: {implicit: 0, pageLoad: 300000, script: 30000}, unhandledPromptBehavior: dismiss and notify, webauthn:extension:credBlob: true, webauthn:extension:largeBlob: true, webauthn:extension:minPinLength: true, webauthn:extension:prf: true, webauthn:virtualAuthenticators: true}
Session ID: 3218b20db0e520d4df382d07d141e8db]]>
            </message>
            <full-stacktrace>
              <![CDATA[org.openqa.selenium.NoSuchSessionException: invalid session id
Build info: version: '4.44.0', revision: 'da2039b'
System info: os.name: 'Windows 11', os.arch: 'amd64', os.version: '10.0', java.version: '21.0.11'
Driver info: org.openqa.selenium.chrome.ChromeDriver
Command: [3218b20db0e520d4df382d07d141e8db, get {url=https://cntttest.vanlanguni.edu.vn:18081/Phancong02/Timetable/Assign}]
Capabilities {acceptInsecureCerts: true, browserName: chrome, browserVersion: 150.0.7871.184, chrome: {chromedriverVersion: 150.0.7871.124 (9261fd0a595..., userDataDir: C:\selenium-profile\phancon...}, fedcm:accounts: true, goog:chromeOptions: {debuggerAddress: localhost:63229}, goog:processID: 8812, networkConnectionEnabled: false, pageLoadStrategy: eager, platformName: windows, proxy: Proxy(), se:cdp: ws://localhost:63229/devtoo..., se:cdpVersion: 150.0.7871.184, setWindowRect: true, strictFileInteractability: false, timeouts: {implicit: 0, pageLoad: 300000, script: 30000}, unhandledPromptBehavior: dismiss and notify, webauthn:extension:credBlob: true, webauthn:extension:largeBlob: true, webauthn:extension:minPinLength: true, webauthn:extension:prf: true, webauthn:virtualAuthenticators: true}
Session ID: 3218b20db0e520d4df382d07d141e8db
at org.openqa.selenium.remote.ErrorCodec.decode(ErrorCodec.java:169)
at org.openqa.selenium.remote.codec.w3c.W3CHttpResponseCodec.decode(W3CHttpResponseCodec.java:143)
at org.openqa.selenium.remote.codec.w3c.W3CHttpResponseCodec.decode(W3CHttpResponseCodec.java:50)
at org.openqa.selenium.remote.HttpCommandExecutor.execute(HttpCommandExecutor.java:224)
at org.openqa.selenium.remote.service.DriverCommandExecutor.invokeExecute(DriverCommandExecutor.java:217)
at org.openqa.selenium.remote.service.DriverCommandExecutor.execute(DriverCommandExecutor.java:175)
at org.openqa.selenium.remote.RemoteWebDriver.execute(RemoteWebDriver.java:600)
at org.openqa.selenium.remote.RemoteWebDriver.get(RemoteWebDriver.java:366)
at com.test.BaseTest.navigateToAssignPage(BaseTest.java:207)
at com.test.BoMonCommonTest.openFeatureAndApplyFilterFlow(BoMonCommonTest.java:1747)
at com.test.BoMonCommonTest.runPositiveFeatureFlow(BoMonCommonTest.java:1617)
at com.test.chucnang.quanlithongke.F11_4_XemSoMonHocTrongNamTest.F11_4_POS_LuongDung_XemSoMonHocTrongNam(F11_4_XemSoMonHocTrongNamTest.java:34)
at java.base/jdk.internal.reflect.DirectMethodHandleAccessor.invoke(DirectMethodHandleAccessor.java:103)
at java.base/java.lang.reflect.Method.invoke(Method.java:580)
at org.testng.internal.invokers.MethodInvocationHelper.invokeMethod(MethodInvocationHelper.java:141)
at org.testng.internal.invokers.TestInvoker.invokeMethod(TestInvoker.java:697)
at org.testng.internal.invokers.TestInvoker.invokeTestMethod(TestInvoker.java:230)
at org.testng.internal.invokers.MethodRunner.runInSequence(MethodRunner.java:63)
at org.testng.internal.invokers.TestInvoker$MethodInvocationAgent.invoke(TestInvoker.java:1005)
at org.testng.internal.invokers.TestInvoker.invokeTestMethods(TestInvoker.java:203)
at org.testng.internal.invokers.TestMethodWorker.invokeTestMethods(TestMethodWorker.java:154)
at org.testng.internal.invokers.TestMethodWorker.run(TestMethodWorker.java:134)
at java.base/java.util.ArrayList.forEach(ArrayList.java:1596)
at org.testng.TestRunner.privateRun(TestRunner.java:744)
at org.testng.TestRunner.run(TestRunner.java:616)
at org.testng.SuiteRunner.runTest(SuiteRunner.java:421)
at org.testng.SuiteRunner.runSequentially(SuiteRunner.java:413)
at org.testng.SuiteRunner.privateRun(SuiteRunner.java:373)
at org.testng.SuiteRunner.run(SuiteRunner.java:312)
at org.testng.SuiteRunnerWorker.runSuite(SuiteRunnerWorker.java:52)
at org.testng.SuiteRunnerWorker.run(SuiteRunnerWorker.java:95)
at org.testng.TestNG.runSuitesSequentially(TestNG.java:1274)
at org.testng.TestNG.runSuitesLocally(TestNG.java:1208)
at org.testng.TestNG.runSuites(TestNG.java:1112)
at org.testng.TestNG.run(TestNG.java:1079)
at com.test.RunAllTestNG.main(RunAllTestNG.java:28)
]]>
            </full-stacktrace>
          </exception> <!-- org.openqa.selenium.NoSuchSessionException -->
          <reporter-output>
          </reporter-output>
        </test-method> <!-- F11_4_POS_LuongDung_XemSoMonHocTrongNam -->
        <test-method signature="F11_4_NEG_ChuaDangNhapBiChan()[pri:2, instance:com.test.chucnang.quanlithongke.F11_4_XemSoMonHocTrongNamTest@402e37bc]" started-at="2026-07-24T16:38:30 ICT" name="F11_4_NEG_ChuaDangNhapBiChan" finished-at="2026-07-24T16:38:37 ICT" duration-ms="7963" status="PASS">
          <reporter-output>
          </reporter-output>
        </test-method> <!-- F11_4_NEG_ChuaDangNhapBiChan -->
        <test-method signature="F11_4_DATA_KiemTraSoMonHocTrongNam()[pri:3, instance:com.test.chucnang.quanlithongke.F11_4_XemSoMonHocTrongNamTest@402e37bc]" started-at="2026-07-24T16:38:37 ICT" name="F11_4_DATA_KiemTraSoMonHocTrongNam" finished-at="2026-07-24T16:38:37 ICT" duration-ms="4" status="FAIL">
          <exception class="org.openqa.selenium.NoSuchSessionException">
            <message>
              <![CDATA[invalid session id
Build info: version: '4.44.0', revision: 'da2039b'
System info: os.name: 'Windows 11', os.arch: 'amd64', os.version: '10.0', java.version: '21.0.11'
Driver info: org.openqa.selenium.chrome.ChromeDriver
Command: [3218b20db0e520d4df382d07d141e8db, get {url=https://cntttest.vanlanguni.edu.vn:18081/Phancong02/Timetable/Assign}]
Capabilities {acceptInsecureCerts: true, browserName: chrome, browserVersion: 150.0.7871.184, chrome: {chromedriverVersion: 150.0.7871.124 (9261fd0a595..., userDataDir: C:\selenium-profile\phancon...}, fedcm:accounts: true, goog:chromeOptions: {debuggerAddress: localhost:63229}, goog:processID: 8812, networkConnectionEnabled: false, pageLoadStrategy: eager, platformName: windows, proxy: Proxy(), se:cdp: ws://localhost:63229/devtoo..., se:cdpVersion: 150.0.7871.184, setWindowRect: true, strictFileInteractability: false, timeouts: {implicit: 0, pageLoad: 300000, script: 30000}, unhandledPromptBehavior: dismiss and notify, webauthn:extension:credBlob: true, webauthn:extension:largeBlob: true, webauthn:extension:minPinLength: true, webauthn:extension:prf: true, webauthn:virtualAuthenticators: true}
Session ID: 3218b20db0e520d4df382d07d141e8db]]>
            </message>
            <full-stacktrace>
              <![CDATA[org.openqa.selenium.NoSuchSessionException: invalid session id
Build info: version: '4.44.0', revision: 'da2039b'
System info: os.name: 'Windows 11', os.arch: 'amd64', os.version: '10.0', java.version: '21.0.11'
Driver info: org.openqa.selenium.chrome.ChromeDriver
Command: [3218b20db0e520d4df382d07d141e8db, get {url=https://cntttest.vanlanguni.edu.vn:18081/Phancong02/Timetable/Assign}]
Capabilities {acceptInsecureCerts: true, browserName: chrome, browserVersion: 150.0.7871.184, chrome: {chromedriverVersion: 150.0.7871.124 (9261fd0a595..., userDataDir: C:\selenium-profile\phancon...}, fedcm:accounts: true, goog:chromeOptions: {debuggerAddress: localhost:63229}, goog:processID: 8812, networkConnectionEnabled: false, pageLoadStrategy: eager, platformName: windows, proxy: Proxy(), se:cdp: ws://localhost:63229/devtoo..., se:cdpVersion: 150.0.7871.184, setWindowRect: true, strictFileInteractability: false, timeouts: {implicit: 0, pageLoad: 300000, script: 30000}, unhandledPromptBehavior: dismiss and notify, webauthn:extension:credBlob: true, webauthn:extension:largeBlob: true, webauthn:extension:minPinLength: true, webauthn:extension:prf: true, webauthn:virtualAuthenticators: true}
Session ID: 3218b20db0e520d4df382d07d141e8db
at org.openqa.selenium.remote.ErrorCodec.decode(ErrorCodec.java:169)
at org.openqa.selenium.remote.codec.w3c.W3CHttpResponseCodec.decode(W3CHttpResponseCodec.java:143)
at org.openqa.selenium.remote.codec.w3c.W3CHttpResponseCodec.decode(W3CHttpResponseCodec.java:50)
at org.openqa.selenium.remote.HttpCommandExecutor.execute(HttpCommandExecutor.java:224)
at org.openqa.selenium.remote.service.DriverCommandExecutor.invokeExecute(DriverCommandExecutor.java:217)
at org.openqa.selenium.remote.service.DriverCommandExecutor.execute(DriverCommandExecutor.java:175)
at org.openqa.selenium.remote.RemoteWebDriver.execute(RemoteWebDriver.java:600)
at org.openqa.selenium.remote.RemoteWebDriver.get(RemoteWebDriver.java:366)
at com.test.BaseTest.navigateToAssignPage(BaseTest.java:207)
at com.test.BoMonCommonTest.openFeatureAndApplyFilterFlow(BoMonCommonTest.java:1747)
at com.test.BoMonCommonTest.runDataFeatureFlow(BoMonCommonTest.java:1696)
at com.test.chucnang.quanlithongke.F11_4_XemSoMonHocTrongNamTest.F11_4_DATA_KiemTraSoMonHocTrongNam(F11_4_XemSoMonHocTrongNamTest.java:46)
at java.base/jdk.internal.reflect.DirectMethodHandleAccessor.invoke(DirectMethodHandleAccessor.java:103)
at java.base/java.lang.reflect.Method.invoke(Method.java:580)
at org.testng.internal.invokers.MethodInvocationHelper.invokeMethod(MethodInvocationHelper.java:141)
at org.testng.internal.invokers.TestInvoker.invokeMethod(TestInvoker.java:697)
at org.testng.internal.invokers.TestInvoker.invokeTestMethod(TestInvoker.java:230)
at org.testng.internal.invokers.MethodRunner.runInSequence(MethodRunner.java:63)
at org.testng.internal.invokers.TestInvoker$MethodInvocationAgent.invoke(TestInvoker.java:1005)
at org.testng.internal.invokers.TestInvoker.invokeTestMethods(TestInvoker.java:203)
at org.testng.internal.invokers.TestMethodWorker.invokeTestMethods(TestMethodWorker.java:154)
at org.testng.internal.invokers.TestMethodWorker.run(TestMethodWorker.java:134)
at java.base/java.util.ArrayList.forEach(ArrayList.java:1596)
at org.testng.TestRunner.privateRun(TestRunner.java:744)
at org.testng.TestRunner.run(TestRunner.java:616)
at org.testng.SuiteRunner.runTest(SuiteRunner.java:421)
at org.testng.SuiteRunner.runSequentially(SuiteRunner.java:413)
at org.testng.SuiteRunner.privateRun(SuiteRunner.java:373)
at org.testng.SuiteRunner.run(SuiteRunner.java:312)
at org.testng.SuiteRunnerWorker.runSuite(SuiteRunnerWorker.java:52)
at org.testng.SuiteRunnerWorker.run(SuiteRunnerWorker.java:95)
at org.testng.TestNG.runSuitesSequentially(TestNG.java:1274)
at org.testng.TestNG.runSuitesLocally(TestNG.java:1208)
at org.testng.TestNG.runSuites(TestNG.java:1112)
at org.testng.TestNG.run(TestNG.java:1079)
at com.test.RunAllTestNG.main(RunAllTestNG.java:28)
]]>
            </full-stacktrace>
          </exception> <!-- org.openqa.selenium.NoSuchSessionException -->
          <reporter-output>
          </reporter-output>
        </test-method> <!-- F11_4_DATA_KiemTraSoMonHocTrongNam -->
        <test-method signature="F11_4_UI_KiemTraGiaoDien()[pri:4, instance:com.test.chucnang.quanlithongke.F11_4_XemSoMonHocTrongNamTest@402e37bc]" started-at="2026-07-24T16:38:37 ICT" name="F11_4_UI_KiemTraGiaoDien" finished-at="2026-07-24T16:38:37 ICT" duration-ms="0" status="FAIL">
          <exception class="org.openqa.selenium.NoSuchSessionException">
            <message>
              <![CDATA[invalid session id
Build info: version: '4.44.0', revision: 'da2039b'
System info: os.name: 'Windows 11', os.arch: 'amd64', os.version: '10.0', java.version: '21.0.11'
Driver info: org.openqa.selenium.chrome.ChromeDriver
Command: [3218b20db0e520d4df382d07d141e8db, get {url=https://cntttest.vanlanguni.edu.vn:18081/Phancong02/Timetable/Assign}]
Capabilities {acceptInsecureCerts: true, browserName: chrome, browserVersion: 150.0.7871.184, chrome: {chromedriverVersion: 150.0.7871.124 (9261fd0a595..., userDataDir: C:\selenium-profile\phancon...}, fedcm:accounts: true, goog:chromeOptions: {debuggerAddress: localhost:63229}, goog:processID: 8812, networkConnectionEnabled: false, pageLoadStrategy: eager, platformName: windows, proxy: Proxy(), se:cdp: ws://localhost:63229/devtoo..., se:cdpVersion: 150.0.7871.184, setWindowRect: true, strictFileInteractability: false, timeouts: {implicit: 0, pageLoad: 300000, script: 30000}, unhandledPromptBehavior: dismiss and notify, webauthn:extension:credBlob: true, webauthn:extension:largeBlob: true, webauthn:extension:minPinLength: true, webauthn:extension:prf: true, webauthn:virtualAuthenticators: true}
Session ID: 3218b20db0e520d4df382d07d141e8db]]>
            </message>
            <full-stacktrace>
              <![CDATA[org.openqa.selenium.NoSuchSessionException: invalid session id
Build info: version: '4.44.0', revision: 'da2039b'
System info: os.name: 'Windows 11', os.arch: 'amd64', os.version: '10.0', java.version: '21.0.11'
Driver info: org.openqa.selenium.chrome.ChromeDriver
Command: [3218b20db0e520d4df382d07d141e8db, get {url=https://cntttest.vanlanguni.edu.vn:18081/Phancong02/Timetable/Assign}]
Capabilities {acceptInsecureCerts: true, browserName: chrome, browserVersion: 150.0.7871.184, chrome: {chromedriverVersion: 150.0.7871.124 (9261fd0a595..., userDataDir: C:\selenium-profile\phancon...}, fedcm:accounts: true, goog:chromeOptions: {debuggerAddress: localhost:63229}, goog:processID: 8812, networkConnectionEnabled: false, pageLoadStrategy: eager, platformName: windows, proxy: Proxy(), se:cdp: ws://localhost:63229/devtoo..., se:cdpVersion: 150.0.7871.184, setWindowRect: true, strictFileInteractability: false, timeouts: {implicit: 0, pageLoad: 300000, script: 30000}, unhandledPromptBehavior: dismiss and notify, webauthn:extension:credBlob: true, webauthn:extension:largeBlob: true, webauthn:extension:minPinLength: true, webauthn:extension:prf: true, webauthn:virtualAuthenticators: true}
Session ID: 3218b20db0e520d4df382d07d141e8db
at org.openqa.selenium.remote.ErrorCodec.decode(ErrorCodec.java:169)
at org.openqa.selenium.remote.codec.w3c.W3CHttpResponseCodec.decode(W3CHttpResponseCodec.java:143)
at org.openqa.selenium.remote.codec.w3c.W3CHttpResponseCodec.decode(W3CHttpResponseCodec.java:50)
at org.openqa.selenium.remote.HttpCommandExecutor.execute(HttpCommandExecutor.java:224)
at org.openqa.selenium.remote.service.DriverCommandExecutor.invokeExecute(DriverCommandExecutor.java:217)
at org.openqa.selenium.remote.service.DriverCommandExecutor.execute(DriverCommandExecutor.java:175)
at org.openqa.selenium.remote.RemoteWebDriver.execute(RemoteWebDriver.java:600)
at org.openqa.selenium.remote.RemoteWebDriver.get(RemoteWebDriver.java:366)
at com.test.BaseTest.navigateToAssignPage(BaseTest.java:207)
at com.test.BoMonCommonTest.openFeatureAndApplyFilterFlow(BoMonCommonTest.java:1747)
at com.test.BoMonCommonTest.runUiFeatureFlow(BoMonCommonTest.java:1730)
at com.test.chucnang.quanlithongke.F11_4_XemSoMonHocTrongNamTest.F11_4_UI_KiemTraGiaoDien(F11_4_XemSoMonHocTrongNamTest.java:52)
at java.base/jdk.internal.reflect.DirectMethodHandleAccessor.invoke(DirectMethodHandleAccessor.java:103)
at java.base/java.lang.reflect.Method.invoke(Method.java:580)
at org.testng.internal.invokers.MethodInvocationHelper.invokeMethod(MethodInvocationHelper.java:141)
at org.testng.internal.invokers.TestInvoker.invokeMethod(TestInvoker.java:697)
at org.testng.internal.invokers.TestInvoker.invokeTestMethod(TestInvoker.java:230)
at org.testng.internal.invokers.MethodRunner.runInSequence(MethodRunner.java:63)
at org.testng.internal.invokers.TestInvoker$MethodInvocationAgent.invoke(TestInvoker.java:1005)
at org.testng.internal.invokers.TestInvoker.invokeTestMethods(TestInvoker.java:203)
at org.testng.internal.invokers.TestMethodWorker.invokeTestMethods(TestMethodWorker.java:154)
at org.testng.internal.invokers.TestMethodWorker.run(TestMethodWorker.java:134)
at java.base/java.util.ArrayList.forEach(ArrayList.java:1596)
at org.testng.TestRunner.privateRun(TestRunner.java:744)
at org.testng.TestRunner.run(TestRunner.java:616)
at org.testng.SuiteRunner.runTest(SuiteRunner.java:421)
at org.testng.SuiteRunner.runSequentially(SuiteRunner.java:413)
at org.testng.SuiteRunner.privateRun(SuiteRunner.java:373)
at org.testng.SuiteRunner.run(SuiteRunner.java:312)
at org.testng.SuiteRunnerWorker.runSuite(SuiteRunnerWorker.java:52)
at org.testng.SuiteRunnerWorker.run(SuiteRunnerWorker.java:95)
at org.testng.TestNG.runSuitesSequentially(TestNG.java:1274)
at org.testng.TestNG.runSuitesLocally(TestNG.java:1208)
at org.testng.TestNG.runSuites(TestNG.java:1112)
at org.testng.TestNG.run(TestNG.java:1079)
at com.test.RunAllTestNG.main(RunAllTestNG.java:28)
]]>
            </full-stacktrace>
          </exception> <!-- org.openqa.selenium.NoSuchSessionException -->
          <reporter-output>
          </reporter-output>
        </test-method> <!-- F11_4_UI_KiemTraGiaoDien -->
      </class> <!-- com.test.chucnang.quanlithongke.F11_4_XemSoMonHocTrongNamTest -->
    </test> <!-- BoMon Full Flow -->
  </suite> <!-- BoMon Full Test Suite -->
</testng-results>
